ARM GAS  C:\Users\kiwamu\AppData\Local\Temp\ccYMOt4w.s 			page 1


   1              		.syntax unified
   2              		.cpu cortex-m0plus
   3              		.fpu softvfp
   4              		.eabi_attribute 20, 1
   5              		.eabi_attribute 21, 1
   6              		.eabi_attribute 23, 3
   7              		.eabi_attribute 24, 1
   8              		.eabi_attribute 25, 1
   9              		.eabi_attribute 26, 1
  10              		.eabi_attribute 30, 1
  11              		.eabi_attribute 34, 0
  12              		.eabi_attribute 18, 4
  13              		.thumb
  14              		.syntax unified
  15              		.file	"cy_crypto_config.c"
  16              		.text
  17              	.Ltext0:
  18              		.cfi_sections	.debug_frame
  19              		.global	cryptoConfig
  20              		.section	.rodata
  21              		.align	2
  22              		.type	cryptoConfig, %object
  23              		.size	cryptoConfig, 48
  24              	cryptoConfig:
  25 0000 03000000 		.word	3
  26 0004 01000000 		.word	1
  27 0008 02000000 		.word	2
  28 000c 1E00     		.short	30
  29 000e 1B       		.byte	27
  30 000f 00       		.space	1
  31 0010 02000000 		.word	2
  32 0014 00000000 		.word	0
  33 0018 00000000 		.word	0
  34 001c 00000000 		.word	0
  35 0020 0200     		.short	2
  36 0022 1A       		.byte	26
  37 0023 00       		.space	1
  38 0024 02000000 		.word	2
  39 0028 1F00     		.short	31
  40 002a 54       		.byte	84
  41 002b 00       		.space	1
  42 002c 02000000 		.word	2
  43              		.text
  44              	.Letext0:
  45              		.file 1 "Generated_Source\\PSoC6\\pdl\\devices/psoc6/psoc63/include/cy8c6347bzi_bld53.h"
  46              		.file 2 "c:\\program files (x86)\\cypress\\psoc creator\\4.2\\psoc creator\\import\\gnu\\arm\\5.4.
  47              		.file 3 "c:\\program files (x86)\\cypress\\psoc creator\\4.2\\psoc creator\\import\\gnu\\arm\\5.4.
  48              		.file 4 "Generated_Source\\PSoC6\\pdl\\drivers/peripheral/syslib/cy_syslib.h"
  49              		.file 5 "Generated_Source\\PSoC6\\pdl\\drivers/peripheral/sysint/cy_sysint.h"
  50              		.file 6 "Generated_Source\\PSoC6\\pdl\\drivers/peripheral/crypto/cy_crypto_common.h"
  51              		.file 7 "cy_crypto_config.c"
  52              		.section	.debug_info,"",%progbits
  53              	.Ldebug_info0:
  54 0000 35060000 		.4byte	0x635
  55 0004 0400     		.2byte	0x4
  56 0006 00000000 		.4byte	.Ldebug_abbrev0
  57 000a 04       		.byte	0x4
ARM GAS  C:\Users\kiwamu\AppData\Local\Temp\ccYMOt4w.s 			page 2


  58 000b 01       		.uleb128 0x1
  59 000c 910E0000 		.4byte	.LASF224
  60 0010 0C       		.byte	0xc
  61 0011 82100000 		.4byte	.LASF225
  62 0015 E9130000 		.4byte	.LASF226
  63 0019 00000000 		.4byte	.Ldebug_line0
  64 001d 02       		.uleb128 0x2
  65 001e 02       		.byte	0x2
  66 001f 14010000 		.4byte	0x114
  67 0023 01       		.byte	0x1
  68 0024 24       		.byte	0x24
  69 0025 14010000 		.4byte	0x114
  70 0029 03       		.uleb128 0x3
  71 002a 8D020000 		.4byte	.LASF0
  72 002e 71       		.sleb128 -15
  73 002f 03       		.uleb128 0x3
  74 0030 E60F0000 		.4byte	.LASF1
  75 0034 72       		.sleb128 -14
  76 0035 03       		.uleb128 0x3
  77 0036 95100000 		.4byte	.LASF2
  78 003a 73       		.sleb128 -13
  79 003b 03       		.uleb128 0x3
  80 003c 7F090000 		.4byte	.LASF3
  81 0040 7B       		.sleb128 -5
  82 0041 03       		.uleb128 0x3
  83 0042 A00F0000 		.4byte	.LASF4
  84 0046 7E       		.sleb128 -2
  85 0047 03       		.uleb128 0x3
  86 0048 85080000 		.4byte	.LASF5
  87 004c 7F       		.sleb128 -1
  88 004d 04       		.uleb128 0x4
  89 004e 47090000 		.4byte	.LASF6
  90 0052 00       		.byte	0
  91 0053 04       		.uleb128 0x4
  92 0054 7B120000 		.4byte	.LASF7
  93 0058 01       		.byte	0x1
  94 0059 04       		.uleb128 0x4
  95 005a C7000000 		.4byte	.LASF8
  96 005e 02       		.byte	0x2
  97 005f 04       		.uleb128 0x4
  98 0060 36030000 		.4byte	.LASF9
  99 0064 03       		.byte	0x3
 100 0065 04       		.uleb128 0x4
 101 0066 54050000 		.4byte	.LASF10
 102 006a 04       		.byte	0x4
 103 006b 04       		.uleb128 0x4
 104 006c E60D0000 		.4byte	.LASF11
 105 0070 05       		.byte	0x5
 106 0071 04       		.uleb128 0x4
 107 0072 C0100000 		.4byte	.LASF12
 108 0076 06       		.byte	0x6
 109 0077 04       		.uleb128 0x4
 110 0078 7B0D0000 		.4byte	.LASF13
 111 007c 07       		.byte	0x7
 112 007d 04       		.uleb128 0x4
 113 007e 19070000 		.4byte	.LASF14
 114 0082 08       		.byte	0x8
ARM GAS  C:\Users\kiwamu\AppData\Local\Temp\ccYMOt4w.s 			page 3


 115 0083 04       		.uleb128 0x4
 116 0084 71090000 		.4byte	.LASF15
 117 0088 09       		.byte	0x9
 118 0089 04       		.uleb128 0x4
 119 008a 47100000 		.4byte	.LASF16
 120 008e 0A       		.byte	0xa
 121 008f 04       		.uleb128 0x4
 122 0090 C6010000 		.4byte	.LASF17
 123 0094 0B       		.byte	0xb
 124 0095 04       		.uleb128 0x4
 125 0096 AC060000 		.4byte	.LASF18
 126 009a 0C       		.byte	0xc
 127 009b 04       		.uleb128 0x4
 128 009c DC080000 		.4byte	.LASF19
 129 00a0 0D       		.byte	0xd
 130 00a1 04       		.uleb128 0x4
 131 00a2 6F0B0000 		.4byte	.LASF20
 132 00a6 0E       		.byte	0xe
 133 00a7 04       		.uleb128 0x4
 134 00a8 4C000000 		.4byte	.LASF21
 135 00ac 0F       		.byte	0xf
 136 00ad 04       		.uleb128 0x4
 137 00ae E9020000 		.4byte	.LASF22
 138 00b2 10       		.byte	0x10
 139 00b3 04       		.uleb128 0x4
 140 00b4 0B050000 		.4byte	.LASF23
 141 00b8 11       		.byte	0x11
 142 00b9 04       		.uleb128 0x4
 143 00ba 890D0000 		.4byte	.LASF24
 144 00be 12       		.byte	0x12
 145 00bf 04       		.uleb128 0x4
 146 00c0 56100000 		.4byte	.LASF25
 147 00c4 13       		.byte	0x13
 148 00c5 04       		.uleb128 0x4
 149 00c6 18060000 		.4byte	.LASF26
 150 00ca 14       		.byte	0x14
 151 00cb 04       		.uleb128 0x4
 152 00cc 43080000 		.4byte	.LASF27
 153 00d0 15       		.byte	0x15
 154 00d1 04       		.uleb128 0x4
 155 00d2 90110000 		.4byte	.LASF28
 156 00d6 16       		.byte	0x16
 157 00d7 04       		.uleb128 0x4
 158 00d8 78140000 		.4byte	.LASF29
 159 00dc 17       		.byte	0x17
 160 00dd 04       		.uleb128 0x4
 161 00de 69020000 		.4byte	.LASF30
 162 00e2 18       		.byte	0x18
 163 00e3 04       		.uleb128 0x4
 164 00e4 200A0000 		.4byte	.LASF31
 165 00e8 19       		.byte	0x19
 166 00e9 04       		.uleb128 0x4
 167 00ea D5060000 		.4byte	.LASF32
 168 00ee 1A       		.byte	0x1a
 169 00ef 04       		.uleb128 0x4
 170 00f0 D70F0000 		.4byte	.LASF33
 171 00f4 1B       		.byte	0x1b
ARM GAS  C:\Users\kiwamu\AppData\Local\Temp\ccYMOt4w.s 			page 4


 172 00f5 04       		.uleb128 0x4
 173 00f6 02040000 		.4byte	.LASF34
 174 00fa 1C       		.byte	0x1c
 175 00fb 04       		.uleb128 0x4
 176 00fc B4110000 		.4byte	.LASF35
 177 0100 1D       		.byte	0x1d
 178 0101 04       		.uleb128 0x4
 179 0102 E1100000 		.4byte	.LASF36
 180 0106 1E       		.byte	0x1e
 181 0107 04       		.uleb128 0x4
 182 0108 FC040000 		.4byte	.LASF37
 183 010c 1F       		.byte	0x1f
 184 010d 04       		.uleb128 0x4
 185 010e E10C0000 		.4byte	.LASF38
 186 0112 F0       		.byte	0xf0
 187 0113 00       		.byte	0
 188 0114 05       		.uleb128 0x5
 189 0115 02       		.byte	0x2
 190 0116 05       		.byte	0x5
 191 0117 F20C0000 		.4byte	.LASF187
 192 011b 06       		.uleb128 0x6
 193 011c F40D0000 		.4byte	.LASF189
 194 0120 01       		.byte	0x1
 195 0121 F4       		.byte	0xf4
 196 0122 1D000000 		.4byte	0x1d
 197 0126 02       		.uleb128 0x2
 198 0127 01       		.byte	0x1
 199 0128 AB040000 		.4byte	0x4ab
 200 012c 01       		.byte	0x1
 201 012d FD       		.byte	0xfd
 202 012e AB040000 		.4byte	0x4ab
 203 0132 04       		.uleb128 0x4
 204 0133 D5010000 		.4byte	.LASF39
 205 0137 00       		.byte	0
 206 0138 04       		.uleb128 0x4
 207 0139 BB070000 		.4byte	.LASF40
 208 013d 01       		.byte	0x1
 209 013e 04       		.uleb128 0x4
 210 013f 1B000000 		.4byte	.LASF41
 211 0143 02       		.byte	0x2
 212 0144 04       		.uleb128 0x4
 213 0145 6C0F0000 		.4byte	.LASF42
 214 0149 03       		.byte	0x3
 215 014a 04       		.uleb128 0x4
 216 014b DE110000 		.4byte	.LASF43
 217 014f 04       		.byte	0x4
 218 0150 04       		.uleb128 0x4
 219 0151 AD050000 		.4byte	.LASF44
 220 0155 05       		.byte	0x5
 221 0156 04       		.uleb128 0x4
 222 0157 F4070000 		.4byte	.LASF45
 223 015b 06       		.byte	0x6
 224 015c 04       		.uleb128 0x4
 225 015d 920A0000 		.4byte	.LASF46
 226 0161 07       		.byte	0x7
 227 0162 04       		.uleb128 0x4
 228 0163 B1130000 		.4byte	.LASF47
ARM GAS  C:\Users\kiwamu\AppData\Local\Temp\ccYMOt4w.s 			page 5


 229 0167 08       		.byte	0x8
 230 0168 04       		.uleb128 0x4
 231 0169 11020000 		.4byte	.LASF48
 232 016d 09       		.byte	0x9
 233 016e 04       		.uleb128 0x4
 234 016f 65100000 		.4byte	.LASF49
 235 0173 0A       		.byte	0xa
 236 0174 04       		.uleb128 0x4
 237 0175 520B0000 		.4byte	.LASF50
 238 0179 0B       		.byte	0xb
 239 017a 04       		.uleb128 0x4
 240 017b 0E120000 		.4byte	.LASF51
 241 017f 0C       		.byte	0xc
 242 0180 04       		.uleb128 0x4
 243 0181 FB050000 		.4byte	.LASF52
 244 0185 0D       		.byte	0xd
 245 0186 04       		.uleb128 0x4
 246 0187 26080000 		.4byte	.LASF53
 247 018b 0E       		.byte	0xe
 248 018c 04       		.uleb128 0x4
 249 018d 50040000 		.4byte	.LASF54
 250 0191 0F       		.byte	0xf
 251 0192 04       		.uleb128 0x4
 252 0193 89120000 		.4byte	.LASF55
 253 0197 10       		.byte	0x10
 254 0198 04       		.uleb128 0x4
 255 0199 44030000 		.4byte	.LASF56
 256 019d 11       		.byte	0x11
 257 019e 04       		.uleb128 0x4
 258 019f 96000000 		.4byte	.LASF57
 259 01a3 12       		.byte	0x12
 260 01a4 04       		.uleb128 0x4
 261 01a5 69040000 		.4byte	.LASF58
 262 01a9 13       		.byte	0x13
 263 01aa 04       		.uleb128 0x4
 264 01ab 88060000 		.4byte	.LASF59
 265 01af 14       		.byte	0x14
 266 01b0 04       		.uleb128 0x4
 267 01b1 E3120000 		.4byte	.LASF60
 268 01b5 15       		.byte	0x15
 269 01b6 04       		.uleb128 0x4
 270 01b7 82000000 		.4byte	.LASF61
 271 01bb 16       		.byte	0x16
 272 01bc 04       		.uleb128 0x4
 273 01bd 62050000 		.4byte	.LASF62
 274 01c1 17       		.byte	0x17
 275 01c2 04       		.uleb128 0x4
 276 01c3 D5000000 		.4byte	.LASF63
 277 01c7 18       		.byte	0x18
 278 01c8 04       		.uleb128 0x4
 279 01c9 AE0A0000 		.4byte	.LASF64
 280 01cd 19       		.byte	0x19
 281 01ce 04       		.uleb128 0x4
 282 01cf 54070000 		.4byte	.LASF65
 283 01d3 1A       		.byte	0x1a
 284 01d4 04       		.uleb128 0x4
 285 01d5 D2090000 		.4byte	.LASF66
ARM GAS  C:\Users\kiwamu\AppData\Local\Temp\ccYMOt4w.s 			page 6


 286 01d9 1B       		.byte	0x1b
 287 01da 04       		.uleb128 0x4
 288 01db 8C0C0000 		.4byte	.LASF67
 289 01df 1C       		.byte	0x1c
 290 01e0 04       		.uleb128 0x4
 291 01e1 2F010000 		.4byte	.LASF68
 292 01e5 1D       		.byte	0x1d
 293 01e6 04       		.uleb128 0x4
 294 01e7 2F0A0000 		.4byte	.LASF69
 295 01eb 1E       		.byte	0x1e
 296 01ec 04       		.uleb128 0x4
 297 01ed C9050000 		.4byte	.LASF70
 298 01f1 1F       		.byte	0x1f
 299 01f2 04       		.uleb128 0x4
 300 01f3 3C0E0000 		.4byte	.LASF71
 301 01f7 20       		.byte	0x20
 302 01f8 04       		.uleb128 0x4
 303 01f9 25110000 		.4byte	.LASF72
 304 01fd 21       		.byte	0x21
 305 01fe 04       		.uleb128 0x4
 306 01ff CD130000 		.4byte	.LASF73
 307 0203 22       		.byte	0x22
 308 0204 04       		.uleb128 0x4
 309 0205 15130000 		.4byte	.LASF74
 310 0209 23       		.byte	0x23
 311 020a 04       		.uleb128 0x4
 312 020b 4B010000 		.4byte	.LASF75
 313 020f 24       		.byte	0x24
 314 0210 04       		.uleb128 0x4
 315 0211 C9030000 		.4byte	.LASF76
 316 0215 25       		.byte	0x25
 317 0216 04       		.uleb128 0x4
 318 0217 5B140000 		.4byte	.LASF77
 319 021b 26       		.byte	0x26
 320 021c 04       		.uleb128 0x4
 321 021d 740E0000 		.4byte	.LASF78
 322 0221 27       		.byte	0x27
 323 0222 04       		.uleb128 0x4
 324 0223 5D110000 		.4byte	.LASF79
 325 0227 28       		.byte	0x28
 326 0228 04       		.uleb128 0x4
 327 0229 00010000 		.4byte	.LASF80
 328 022d 29       		.byte	0x29
 329 022e 04       		.uleb128 0x4
 330 022f 3F050000 		.4byte	.LASF81
 331 0233 2A       		.byte	0x2a
 332 0234 04       		.uleb128 0x4
 333 0235 7B050000 		.4byte	.LASF82
 334 0239 2B       		.byte	0x2b
 335 023a 04       		.uleb128 0x4
 336 023b AC0F0000 		.4byte	.LASF83
 337 023f 2C       		.byte	0x2c
 338 0240 04       		.uleb128 0x4
 339 0241 7D0A0000 		.4byte	.LASF84
 340 0245 2D       		.byte	0x2d
 341 0246 04       		.uleb128 0x4
 342 0247 37000000 		.4byte	.LASF85
ARM GAS  C:\Users\kiwamu\AppData\Local\Temp\ccYMOt4w.s 			page 7


 343 024b 2E       		.byte	0x2e
 344 024c 04       		.uleb128 0x4
 345 024d 1F100000 		.4byte	.LASF86
 346 0251 2F       		.byte	0x2f
 347 0252 04       		.uleb128 0x4
 348 0253 9F110000 		.4byte	.LASF87
 349 0257 30       		.byte	0x30
 350 0258 04       		.uleb128 0x4
 351 0259 CE100000 		.4byte	.LASF88
 352 025d 31       		.byte	0x31
 353 025e 04       		.uleb128 0x4
 354 025f 5F120000 		.4byte	.LASF89
 355 0263 32       		.byte	0x32
 356 0264 04       		.uleb128 0x4
 357 0265 AB000000 		.4byte	.LASF90
 358 0269 33       		.byte	0x33
 359 026a 04       		.uleb128 0x4
 360 026b 52080000 		.4byte	.LASF91
 361 026f 34       		.byte	0x34
 362 0270 04       		.uleb128 0x4
 363 0271 360B0000 		.4byte	.LASF92
 364 0275 35       		.byte	0x35
 365 0276 04       		.uleb128 0x4
 366 0277 34040000 		.4byte	.LASF93
 367 027b 36       		.byte	0x36
 368 027c 04       		.uleb128 0x4
 369 027d A4100000 		.4byte	.LASF94
 370 0281 37       		.byte	0x37
 371 0282 04       		.uleb128 0x4
 372 0283 C0040000 		.4byte	.LASF95
 373 0287 38       		.byte	0x38
 374 0288 04       		.uleb128 0x4
 375 0289 4E130000 		.4byte	.LASF96
 376 028d 39       		.byte	0x39
 377 028e 04       		.uleb128 0x4
 378 028f 55090000 		.4byte	.LASF97
 379 0293 3A       		.byte	0x3a
 380 0294 04       		.uleb128 0x4
 381 0295 000C0000 		.4byte	.LASF98
 382 0299 3B       		.byte	0x3b
 383 029a 04       		.uleb128 0x4
 384 029b 9B090000 		.4byte	.LASF99
 385 029f 3C       		.byte	0x3c
 386 02a0 04       		.uleb128 0x4
 387 02a1 550C0000 		.4byte	.LASF100
 388 02a5 3D       		.byte	0x3d
 389 02a6 04       		.uleb128 0x4
 390 02a7 4F0F0000 		.4byte	.LASF101
 391 02ab 3E       		.byte	0x3e
 392 02ac 04       		.uleb128 0x4
 393 02ad CA0A0000 		.4byte	.LASF102
 394 02b1 3F       		.byte	0x3f
 395 02b2 04       		.uleb128 0x4
 396 02b3 90050000 		.4byte	.LASF103
 397 02b7 40       		.byte	0x40
 398 02b8 04       		.uleb128 0x4
 399 02b9 D7070000 		.4byte	.LASF104
ARM GAS  C:\Users\kiwamu\AppData\Local\Temp\ccYMOt4w.s 			page 8


 400 02bd 41       		.byte	0x41
 401 02be 04       		.uleb128 0x4
 402 02bf CD0B0000 		.4byte	.LASF105
 403 02c3 42       		.byte	0x42
 404 02c4 04       		.uleb128 0x4
 405 02c5 580E0000 		.4byte	.LASF106
 406 02c9 43       		.byte	0x43
 407 02ca 04       		.uleb128 0x4
 408 02cb 41110000 		.4byte	.LASF107
 409 02cf 44       		.byte	0x44
 410 02d0 04       		.uleb128 0x4
 411 02d1 5F0D0000 		.4byte	.LASF108
 412 02d5 45       		.byte	0x45
 413 02d6 04       		.uleb128 0x4
 414 02d7 70070000 		.4byte	.LASF109
 415 02db 46       		.byte	0x46
 416 02dc 04       		.uleb128 0x4
 417 02dd EE090000 		.4byte	.LASF110
 418 02e1 47       		.byte	0x47
 419 02e2 04       		.uleb128 0x4
 420 02e3 32130000 		.4byte	.LASF111
 421 02e7 48       		.byte	0x48
 422 02e8 04       		.uleb128 0x4
 423 02e9 AD030000 		.4byte	.LASF112
 424 02ed 49       		.byte	0x49
 425 02ee 04       		.uleb128 0x4
 426 02ef E6030000 		.4byte	.LASF113
 427 02f3 4A       		.byte	0x4a
 428 02f4 04       		.uleb128 0x4
 429 02f5 12030000 		.4byte	.LASF114
 430 02f9 4B       		.byte	0x4b
 431 02fa 04       		.uleb128 0x4
 432 02fb C6120000 		.4byte	.LASF115
 433 02ff 4C       		.byte	0x4c
 434 0300 04       		.uleb128 0x4
 435 0301 C90D0000 		.4byte	.LASF116
 436 0305 4D       		.byte	0x4d
 437 0306 04       		.uleb128 0x4
 438 0307 42120000 		.4byte	.LASF117
 439 030b 4E       		.byte	0x4e
 440 030c 04       		.uleb128 0x4
 441 030d 59060000 		.4byte	.LASF118
 442 0311 4F       		.byte	0x4f
 443 0312 04       		.uleb128 0x4
 444 0313 92080000 		.4byte	.LASF119
 445 0317 50       		.byte	0x50
 446 0318 04       		.uleb128 0x4
 447 0319 FD0A0000 		.4byte	.LASF120
 448 031d 51       		.byte	0x51
 449 031e 04       		.uleb128 0x4
 450 031f FB060000 		.4byte	.LASF121
 451 0323 52       		.byte	0x52
 452 0324 04       		.uleb128 0x4
 453 0325 20090000 		.4byte	.LASF122
 454 0329 53       		.byte	0x53
 455 032a 04       		.uleb128 0x4
 456 032b B3020000 		.4byte	.LASF123
ARM GAS  C:\Users\kiwamu\AppData\Local\Temp\ccYMOt4w.s 			page 9


 457 032f 54       		.byte	0x54
 458 0330 04       		.uleb128 0x4
 459 0331 8C070000 		.4byte	.LASF124
 460 0335 55       		.byte	0x55
 461 0336 04       		.uleb128 0x4
 462 0337 91130000 		.4byte	.LASF125
 463 033b 56       		.byte	0x56
 464 033c 04       		.uleb128 0x4
 465 033d F1010000 		.4byte	.LASF126
 466 0341 57       		.byte	0x57
 467 0342 04       		.uleb128 0x4
 468 0343 FC0C0000 		.4byte	.LASF127
 469 0347 58       		.byte	0x58
 470 0348 04       		.uleb128 0x4
 471 0349 DC040000 		.4byte	.LASF128
 472 034d 59       		.byte	0x59
 473 034e 04       		.uleb128 0x4
 474 034f AC120000 		.4byte	.LASF129
 475 0353 5A       		.byte	0x5a
 476 0354 04       		.uleb128 0x4
 477 0355 BB060000 		.4byte	.LASF130
 478 0359 5B       		.byte	0x5b
 479 035a 04       		.uleb128 0x4
 480 035b EB080000 		.4byte	.LASF131
 481 035f 5C       		.byte	0x5c
 482 0360 04       		.uleb128 0x4
 483 0361 7E0B0000 		.4byte	.LASF132
 484 0365 5D       		.byte	0x5d
 485 0366 04       		.uleb128 0x4
 486 0367 68000000 		.4byte	.LASF133
 487 036b 5E       		.byte	0x5e
 488 036c 04       		.uleb128 0x4
 489 036d F8020000 		.4byte	.LASF134
 490 0371 5F       		.byte	0x5f
 491 0372 04       		.uleb128 0x4
 492 0373 1A050000 		.4byte	.LASF135
 493 0377 60       		.byte	0x60
 494 0378 04       		.uleb128 0x4
 495 0379 980D0000 		.4byte	.LASF136
 496 037d 61       		.byte	0x61
 497 037e 04       		.uleb128 0x4
 498 037f 5A030000 		.4byte	.LASF137
 499 0383 62       		.byte	0x62
 500 0384 04       		.uleb128 0x4
 501 0385 B30B0000 		.4byte	.LASF138
 502 0389 63       		.byte	0x63
 503 038a 04       		.uleb128 0x4
 504 038b 220E0000 		.4byte	.LASF139
 505 038f 64       		.byte	0x64
 506 0390 04       		.uleb128 0x4
 507 0391 0B110000 		.4byte	.LASF140
 508 0395 65       		.byte	0x65
 509 0396 04       		.uleb128 0x4
 510 0397 77130000 		.4byte	.LASF141
 511 039b 66       		.byte	0x66
 512 039c 04       		.uleb128 0x4
 513 039d 3A070000 		.4byte	.LASF142
ARM GAS  C:\Users\kiwamu\AppData\Local\Temp\ccYMOt4w.s 			page 10


 514 03a1 67       		.byte	0x67
 515 03a2 04       		.uleb128 0x4
 516 03a3 B8090000 		.4byte	.LASF143
 517 03a7 68       		.byte	0x68
 518 03a8 04       		.uleb128 0x4
 519 03a9 720C0000 		.4byte	.LASF144
 520 03ad 69       		.byte	0x69
 521 03ae 04       		.uleb128 0x4
 522 03af 15010000 		.4byte	.LASF145
 523 03b3 6A       		.byte	0x6a
 524 03b4 04       		.uleb128 0x4
 525 03b5 7D030000 		.4byte	.LASF146
 526 03b9 6B       		.byte	0x6b
 527 03ba 04       		.uleb128 0x4
 528 03bb AB010000 		.4byte	.LASF147
 529 03bf 6C       		.byte	0x6c
 530 03c0 04       		.uleb128 0x4
 531 03c1 19040000 		.4byte	.LASF148
 532 03c5 6D       		.byte	0x6d
 533 03c6 04       		.uleb128 0x4
 534 03c7 3E060000 		.4byte	.LASF149
 535 03cb 6E       		.byte	0x6e
 536 03cc 04       		.uleb128 0x4
 537 03cd 05090000 		.4byte	.LASF150
 538 03d1 6F       		.byte	0x6f
 539 03d2 04       		.uleb128 0x4
 540 03d3 C3110000 		.4byte	.LASF151
 541 03d7 70       		.byte	0x70
 542 03d8 04       		.uleb128 0x4
 543 03d9 00000000 		.4byte	.LASF152
 544 03dd 71       		.byte	0x71
 545 03de 04       		.uleb128 0x4
 546 03df 98020000 		.4byte	.LASF153
 547 03e3 72       		.byte	0x72
 548 03e4 04       		.uleb128 0x4
 549 03e5 620A0000 		.4byte	.LASF154
 550 03e9 73       		.byte	0x73
 551 03ea 04       		.uleb128 0x4
 552 03eb 2D0D0000 		.4byte	.LASF155
 553 03ef 74       		.byte	0x74
 554 03f0 04       		.uleb128 0x4
 555 03f1 04100000 		.4byte	.LASF156
 556 03f5 75       		.byte	0x75
 557 03f6 04       		.uleb128 0x4
 558 03f7 980B0000 		.4byte	.LASF157
 559 03fb 76       		.byte	0x76
 560 03fc 04       		.uleb128 0x4
 561 03fd FE0D0000 		.4byte	.LASF158
 562 0401 77       		.byte	0x77
 563 0402 04       		.uleb128 0x4
 564 0403 F0100000 		.4byte	.LASF159
 565 0407 78       		.byte	0x78
 566 0408 04       		.uleb128 0x4
 567 0409 C1080000 		.4byte	.LASF160
 568 040d 79       		.byte	0x79
 569 040e 04       		.uleb128 0x4
 570 040f 68010000 		.4byte	.LASF161
ARM GAS  C:\Users\kiwamu\AppData\Local\Temp\ccYMOt4w.s 			page 11


 571 0413 7A       		.byte	0x7a
 572 0414 04       		.uleb128 0x4
 573 0415 EA000000 		.4byte	.LASF162
 574 0419 7B       		.byte	0x7b
 575 041a 04       		.uleb128 0x4
 576 041b E5050000 		.4byte	.LASF163
 577 041f 7C       		.byte	0x7c
 578 0420 04       		.uleb128 0x4
 579 0421 10080000 		.4byte	.LASF164
 580 0425 7D       		.byte	0x7d
 581 0426 04       		.uleb128 0x4
 582 0427 7A110000 		.4byte	.LASF165
 583 042b 7E       		.byte	0x7e
 584 042c 04       		.uleb128 0x4
 585 042d 45140000 		.4byte	.LASF166
 586 0431 7F       		.byte	0x7f
 587 0432 04       		.uleb128 0x4
 588 0433 46020000 		.4byte	.LASF167
 589 0437 80       		.byte	0x80
 590 0438 04       		.uleb128 0x4
 591 0439 0A0A0000 		.4byte	.LASF168
 592 043d 81       		.byte	0x81
 593 043e 04       		.uleb128 0x4
 594 043f CB0C0000 		.4byte	.LASF169
 595 0443 82       		.byte	0x82
 596 0444 04       		.uleb128 0x4
 597 0445 C10F0000 		.4byte	.LASF170
 598 0449 83       		.byte	0x83
 599 044a 04       		.uleb128 0x4
 600 044b B20D0000 		.4byte	.LASF171
 601 044f 84       		.byte	0x84
 602 0450 04       		.uleb128 0x4
 603 0451 E90B0000 		.4byte	.LASF172
 604 0455 85       		.byte	0x85
 605 0456 04       		.uleb128 0x4
 606 0457 2B120000 		.4byte	.LASF173
 607 045b 86       		.byte	0x86
 608 045c 04       		.uleb128 0x4
 609 045d 480D0000 		.4byte	.LASF174
 610 0461 87       		.byte	0x87
 611 0462 04       		.uleb128 0x4
 612 0463 6E080000 		.4byte	.LASF175
 613 0467 88       		.byte	0x88
 614 0468 04       		.uleb128 0x4
 615 0469 300C0000 		.4byte	.LASF176
 616 046d 89       		.byte	0x89
 617 046e 04       		.uleb128 0x4
 618 046f 880F0000 		.4byte	.LASF177
 619 0473 8A       		.byte	0x8a
 620 0474 04       		.uleb128 0x4
 621 0475 A5040000 		.4byte	.LASF178
 622 0479 8B       		.byte	0x8b
 623 047a 04       		.uleb128 0x4
 624 047b 230F0000 		.4byte	.LASF179
 625 047f 8C       		.byte	0x8c
 626 0480 04       		.uleb128 0x4
 627 0481 A4070000 		.4byte	.LASF180
ARM GAS  C:\Users\kiwamu\AppData\Local\Temp\ccYMOt4w.s 			page 12


 628 0485 8D       		.byte	0x8d
 629 0486 04       		.uleb128 0x4
 630 0487 FA110000 		.4byte	.LASF181
 631 048b 8E       		.byte	0x8e
 632 048c 04       		.uleb128 0x4
 633 048d 1A0B0000 		.4byte	.LASF182
 634 0491 8F       		.byte	0x8f
 635 0492 04       		.uleb128 0x4
 636 0493 E4060000 		.4byte	.LASF183
 637 0497 90       		.byte	0x90
 638 0498 04       		.uleb128 0x4
 639 0499 95010000 		.4byte	.LASF184
 640 049d 91       		.byte	0x91
 641 049e 04       		.uleb128 0x4
 642 049f 2D020000 		.4byte	.LASF185
 643 04a3 92       		.byte	0x92
 644 04a4 04       		.uleb128 0x4
 645 04a5 AF080000 		.4byte	.LASF186
 646 04a9 F0       		.byte	0xf0
 647 04aa 00       		.byte	0
 648 04ab 05       		.uleb128 0x5
 649 04ac 01       		.byte	0x1
 650 04ad 08       		.byte	0x8
 651 04ae 470C0000 		.4byte	.LASF188
 652 04b2 07       		.uleb128 0x7
 653 04b3 5C020000 		.4byte	.LASF190
 654 04b7 01       		.byte	0x1
 655 04b8 9201     		.2byte	0x192
 656 04ba 26010000 		.4byte	0x126
 657 04be 05       		.uleb128 0x5
 658 04bf 01       		.byte	0x1
 659 04c0 06       		.byte	0x6
 660 04c1 DD020000 		.4byte	.LASF191
 661 04c5 05       		.uleb128 0x5
 662 04c6 02       		.byte	0x2
 663 04c7 07       		.byte	0x7
 664 04c8 27070000 		.4byte	.LASF192
 665 04cc 06       		.uleb128 0x6
 666 04cd FA0F0000 		.4byte	.LASF193
 667 04d1 02       		.byte	0x2
 668 04d2 3F       		.byte	0x3f
 669 04d3 D7040000 		.4byte	0x4d7
 670 04d7 05       		.uleb128 0x5
 671 04d8 04       		.byte	0x4
 672 04d9 05       		.byte	0x5
 673 04da 74030000 		.4byte	.LASF194
 674 04de 06       		.uleb128 0x6
 675 04df 34050000 		.4byte	.LASF195
 676 04e3 02       		.byte	0x2
 677 04e4 41       		.byte	0x41
 678 04e5 E9040000 		.4byte	0x4e9
 679 04e9 05       		.uleb128 0x5
 680 04ea 04       		.byte	0x4
 681 04eb 07       		.byte	0x7
 682 04ec 76060000 		.4byte	.LASF196
 683 04f0 05       		.uleb128 0x5
 684 04f1 08       		.byte	0x8
ARM GAS  C:\Users\kiwamu\AppData\Local\Temp\ccYMOt4w.s 			page 13


 685 04f2 05       		.byte	0x5
 686 04f3 CF020000 		.4byte	.LASF197
 687 04f7 05       		.uleb128 0x5
 688 04f8 08       		.byte	0x8
 689 04f9 07       		.byte	0x7
 690 04fa 7E010000 		.4byte	.LASF198
 691 04fe 08       		.uleb128 0x8
 692 04ff 04       		.byte	0x4
 693 0500 05       		.byte	0x5
 694 0501 696E7400 		.ascii	"int\000"
 695 0505 05       		.uleb128 0x5
 696 0506 04       		.byte	0x4
 697 0507 07       		.byte	0x7
 698 0508 A80C0000 		.4byte	.LASF199
 699 050c 06       		.uleb128 0x6
 700 050d A4060000 		.4byte	.LASF200
 701 0511 03       		.byte	0x3
 702 0512 2C       		.byte	0x2c
 703 0513 CC040000 		.4byte	0x4cc
 704 0517 06       		.uleb128 0x6
 705 0518 190E0000 		.4byte	.LASF201
 706 051c 03       		.byte	0x3
 707 051d 30       		.byte	0x30
 708 051e DE040000 		.4byte	0x4de
 709 0522 05       		.uleb128 0x5
 710 0523 04       		.byte	0x4
 711 0524 07       		.byte	0x7
 712 0525 3E090000 		.4byte	.LASF202
 713 0529 05       		.uleb128 0x5
 714 052a 08       		.byte	0x8
 715 052b 04       		.byte	0x4
 716 052c 3E0F0000 		.4byte	.LASF203
 717 0530 07       		.uleb128 0x7
 718 0531 1C0C0000 		.4byte	.LASF204
 719 0535 04       		.byte	0x4
 720 0536 9C01     		.2byte	0x19c
 721 0538 3C050000 		.4byte	0x53c
 722 053c 09       		.uleb128 0x9
 723 053d 04       		.byte	0x4
 724 053e 42050000 		.4byte	0x542
 725 0542 0A       		.uleb128 0xa
 726 0543 05       		.uleb128 0x5
 727 0544 01       		.byte	0x1
 728 0545 08       		.byte	0x8
 729 0546 4A0F0000 		.4byte	.LASF205
 730 054a 05       		.uleb128 0x5
 731 054b 04       		.byte	0x4
 732 054c 04       		.byte	0x4
 733 054d 300B0000 		.4byte	.LASF206
 734 0551 05       		.uleb128 0x5
 735 0552 08       		.byte	0x8
 736 0553 04       		.byte	0x4
 737 0554 85040000 		.4byte	.LASF207
 738 0558 0B       		.uleb128 0xb
 739 0559 08       		.byte	0x8
 740 055a 05       		.byte	0x5
 741 055b E5       		.byte	0xe5
ARM GAS  C:\Users\kiwamu\AppData\Local\Temp\ccYMOt4w.s 			page 14


 742 055c 85050000 		.4byte	0x585
 743 0560 0C       		.uleb128 0xc
 744 0561 11040000 		.4byte	.LASF208
 745 0565 05       		.byte	0x5
 746 0566 E6       		.byte	0xe6
 747 0567 1B010000 		.4byte	0x11b
 748 056b 00       		.byte	0
 749 056c 0C       		.uleb128 0xc
 750 056d 2E030000 		.4byte	.LASF209
 751 0571 05       		.byte	0x5
 752 0572 E8       		.byte	0xe8
 753 0573 B2040000 		.4byte	0x4b2
 754 0577 02       		.byte	0x2
 755 0578 0C       		.uleb128 0xc
 756 0579 6A130000 		.4byte	.LASF210
 757 057d 05       		.byte	0x5
 758 057e EA       		.byte	0xea
 759 057f 17050000 		.4byte	0x517
 760 0583 04       		.byte	0x4
 761 0584 00       		.byte	0
 762 0585 06       		.uleb128 0x6
 763 0586 8B090000 		.4byte	.LASF211
 764 058a 05       		.byte	0x5
 765 058b EB       		.byte	0xeb
 766 058c 58050000 		.4byte	0x558
 767 0590 06       		.uleb128 0x6
 768 0591 8C040000 		.4byte	.LASF212
 769 0595 06       		.byte	0x6
 770 0596 7B       		.byte	0x7b
 771 0597 3C050000 		.4byte	0x53c
 772 059b 0B       		.uleb128 0xb
 773 059c 30       		.byte	0x30
 774 059d 06       		.byte	0x6
 775 059e 7E       		.byte	0x7e
 776 059f 10060000 		.4byte	0x610
 777 05a3 0C       		.uleb128 0xc
 778 05a4 A1120000 		.4byte	.LASF213
 779 05a8 06       		.byte	0x6
 780 05a9 81       		.byte	0x81
 781 05aa 17050000 		.4byte	0x517
 782 05ae 00       		.byte	0
 783 05af 0C       		.uleb128 0xc
 784 05b0 4B0A0000 		.4byte	.LASF214
 785 05b4 06       		.byte	0x6
 786 05b5 85       		.byte	0x85
 787 05b6 17050000 		.4byte	0x517
 788 05ba 04       		.byte	0x4
 789 05bb 0C       		.uleb128 0xc
 790 05bc 27060000 		.4byte	.LASF215
 791 05c0 06       		.byte	0x6
 792 05c1 89       		.byte	0x89
 793 05c2 17050000 		.4byte	0x517
 794 05c6 08       		.byte	0x8
 795 05c7 0C       		.uleb128 0xc
 796 05c8 97030000 		.4byte	.LASF216
 797 05cc 06       		.byte	0x6
 798 05cd 8D       		.byte	0x8d
ARM GAS  C:\Users\kiwamu\AppData\Local\Temp\ccYMOt4w.s 			page 15


 799 05ce 85050000 		.4byte	0x585
 800 05d2 0C       		.byte	0xc
 801 05d3 0C       		.uleb128 0xc
 802 05d4 78020000 		.4byte	.LASF217
 803 05d8 06       		.byte	0x6
 804 05d9 92       		.byte	0x92
 805 05da 90050000 		.4byte	0x590
 806 05de 14       		.byte	0x14
 807 05df 0C       		.uleb128 0xc
 808 05e0 34100000 		.4byte	.LASF218
 809 05e4 06       		.byte	0x6
 810 05e5 A1       		.byte	0xa1
 811 05e6 30050000 		.4byte	0x530
 812 05ea 18       		.byte	0x18
 813 05eb 0C       		.uleb128 0xc
 814 05ec 1C0D0000 		.4byte	.LASF219
 815 05f0 06       		.byte	0x6
 816 05f1 AA       		.byte	0xaa
 817 05f2 30050000 		.4byte	0x530
 818 05f6 1C       		.byte	0x1c
 819 05f7 0C       		.uleb128 0xc
 820 05f8 B50C0000 		.4byte	.LASF220
 821 05fc 06       		.byte	0x6
 822 05fd AE       		.byte	0xae
 823 05fe 85050000 		.4byte	0x585
 824 0602 20       		.byte	0x20
 825 0603 0C       		.uleb128 0xc
 826 0604 E70A0000 		.4byte	.LASF221
 827 0608 06       		.byte	0x6
 828 0609 B2       		.byte	0xb2
 829 060a 85050000 		.4byte	0x585
 830 060e 28       		.byte	0x28
 831 060f 00       		.byte	0
 832 0610 06       		.uleb128 0x6
 833 0611 FE120000 		.4byte	.LASF222
 834 0615 06       		.byte	0x6
 835 0616 B5       		.byte	0xb5
 836 0617 9B050000 		.4byte	0x59b
 837 061b 05       		.uleb128 0x5
 838 061c 01       		.byte	0x1
 839 061d 02       		.byte	0x2
 840 061e 2A0C0000 		.4byte	.LASF223
 841 0622 0D       		.uleb128 0xd
 842 0623 5B000000 		.4byte	.LASF227
 843 0627 07       		.byte	0x7
 844 0628 17       		.byte	0x17
 845 0629 33060000 		.4byte	0x633
 846 062d 05       		.uleb128 0x5
 847 062e 03       		.byte	0x3
 848 062f 00000000 		.4byte	cryptoConfig
 849 0633 0E       		.uleb128 0xe
 850 0634 10060000 		.4byte	0x610
 851 0638 00       		.byte	0
 852              		.section	.debug_abbrev,"",%progbits
 853              	.Ldebug_abbrev0:
 854 0000 01       		.uleb128 0x1
 855 0001 11       		.uleb128 0x11
ARM GAS  C:\Users\kiwamu\AppData\Local\Temp\ccYMOt4w.s 			page 16


 856 0002 01       		.byte	0x1
 857 0003 25       		.uleb128 0x25
 858 0004 0E       		.uleb128 0xe
 859 0005 13       		.uleb128 0x13
 860 0006 0B       		.uleb128 0xb
 861 0007 03       		.uleb128 0x3
 862 0008 0E       		.uleb128 0xe
 863 0009 1B       		.uleb128 0x1b
 864 000a 0E       		.uleb128 0xe
 865 000b 10       		.uleb128 0x10
 866 000c 17       		.uleb128 0x17
 867 000d 00       		.byte	0
 868 000e 00       		.byte	0
 869 000f 02       		.uleb128 0x2
 870 0010 04       		.uleb128 0x4
 871 0011 01       		.byte	0x1
 872 0012 0B       		.uleb128 0xb
 873 0013 0B       		.uleb128 0xb
 874 0014 49       		.uleb128 0x49
 875 0015 13       		.uleb128 0x13
 876 0016 3A       		.uleb128 0x3a
 877 0017 0B       		.uleb128 0xb
 878 0018 3B       		.uleb128 0x3b
 879 0019 0B       		.uleb128 0xb
 880 001a 01       		.uleb128 0x1
 881 001b 13       		.uleb128 0x13
 882 001c 00       		.byte	0
 883 001d 00       		.byte	0
 884 001e 03       		.uleb128 0x3
 885 001f 28       		.uleb128 0x28
 886 0020 00       		.byte	0
 887 0021 03       		.uleb128 0x3
 888 0022 0E       		.uleb128 0xe
 889 0023 1C       		.uleb128 0x1c
 890 0024 0D       		.uleb128 0xd
 891 0025 00       		.byte	0
 892 0026 00       		.byte	0
 893 0027 04       		.uleb128 0x4
 894 0028 28       		.uleb128 0x28
 895 0029 00       		.byte	0
 896 002a 03       		.uleb128 0x3
 897 002b 0E       		.uleb128 0xe
 898 002c 1C       		.uleb128 0x1c
 899 002d 0B       		.uleb128 0xb
 900 002e 00       		.byte	0
 901 002f 00       		.byte	0
 902 0030 05       		.uleb128 0x5
 903 0031 24       		.uleb128 0x24
 904 0032 00       		.byte	0
 905 0033 0B       		.uleb128 0xb
 906 0034 0B       		.uleb128 0xb
 907 0035 3E       		.uleb128 0x3e
 908 0036 0B       		.uleb128 0xb
 909 0037 03       		.uleb128 0x3
 910 0038 0E       		.uleb128 0xe
 911 0039 00       		.byte	0
 912 003a 00       		.byte	0
ARM GAS  C:\Users\kiwamu\AppData\Local\Temp\ccYMOt4w.s 			page 17


 913 003b 06       		.uleb128 0x6
 914 003c 16       		.uleb128 0x16
 915 003d 00       		.byte	0
 916 003e 03       		.uleb128 0x3
 917 003f 0E       		.uleb128 0xe
 918 0040 3A       		.uleb128 0x3a
 919 0041 0B       		.uleb128 0xb
 920 0042 3B       		.uleb128 0x3b
 921 0043 0B       		.uleb128 0xb
 922 0044 49       		.uleb128 0x49
 923 0045 13       		.uleb128 0x13
 924 0046 00       		.byte	0
 925 0047 00       		.byte	0
 926 0048 07       		.uleb128 0x7
 927 0049 16       		.uleb128 0x16
 928 004a 00       		.byte	0
 929 004b 03       		.uleb128 0x3
 930 004c 0E       		.uleb128 0xe
 931 004d 3A       		.uleb128 0x3a
 932 004e 0B       		.uleb128 0xb
 933 004f 3B       		.uleb128 0x3b
 934 0050 05       		.uleb128 0x5
 935 0051 49       		.uleb128 0x49
 936 0052 13       		.uleb128 0x13
 937 0053 00       		.byte	0
 938 0054 00       		.byte	0
 939 0055 08       		.uleb128 0x8
 940 0056 24       		.uleb128 0x24
 941 0057 00       		.byte	0
 942 0058 0B       		.uleb128 0xb
 943 0059 0B       		.uleb128 0xb
 944 005a 3E       		.uleb128 0x3e
 945 005b 0B       		.uleb128 0xb
 946 005c 03       		.uleb128 0x3
 947 005d 08       		.uleb128 0x8
 948 005e 00       		.byte	0
 949 005f 00       		.byte	0
 950 0060 09       		.uleb128 0x9
 951 0061 0F       		.uleb128 0xf
 952 0062 00       		.byte	0
 953 0063 0B       		.uleb128 0xb
 954 0064 0B       		.uleb128 0xb
 955 0065 49       		.uleb128 0x49
 956 0066 13       		.uleb128 0x13
 957 0067 00       		.byte	0
 958 0068 00       		.byte	0
 959 0069 0A       		.uleb128 0xa
 960 006a 15       		.uleb128 0x15
 961 006b 00       		.byte	0
 962 006c 27       		.uleb128 0x27
 963 006d 19       		.uleb128 0x19
 964 006e 00       		.byte	0
 965 006f 00       		.byte	0
 966 0070 0B       		.uleb128 0xb
 967 0071 13       		.uleb128 0x13
 968 0072 01       		.byte	0x1
 969 0073 0B       		.uleb128 0xb
ARM GAS  C:\Users\kiwamu\AppData\Local\Temp\ccYMOt4w.s 			page 18


 970 0074 0B       		.uleb128 0xb
 971 0075 3A       		.uleb128 0x3a
 972 0076 0B       		.uleb128 0xb
 973 0077 3B       		.uleb128 0x3b
 974 0078 0B       		.uleb128 0xb
 975 0079 01       		.uleb128 0x1
 976 007a 13       		.uleb128 0x13
 977 007b 00       		.byte	0
 978 007c 00       		.byte	0
 979 007d 0C       		.uleb128 0xc
 980 007e 0D       		.uleb128 0xd
 981 007f 00       		.byte	0
 982 0080 03       		.uleb128 0x3
 983 0081 0E       		.uleb128 0xe
 984 0082 3A       		.uleb128 0x3a
 985 0083 0B       		.uleb128 0xb
 986 0084 3B       		.uleb128 0x3b
 987 0085 0B       		.uleb128 0xb
 988 0086 49       		.uleb128 0x49
 989 0087 13       		.uleb128 0x13
 990 0088 38       		.uleb128 0x38
 991 0089 0B       		.uleb128 0xb
 992 008a 00       		.byte	0
 993 008b 00       		.byte	0
 994 008c 0D       		.uleb128 0xd
 995 008d 34       		.uleb128 0x34
 996 008e 00       		.byte	0
 997 008f 03       		.uleb128 0x3
 998 0090 0E       		.uleb128 0xe
 999 0091 3A       		.uleb128 0x3a
 1000 0092 0B       		.uleb128 0xb
 1001 0093 3B       		.uleb128 0x3b
 1002 0094 0B       		.uleb128 0xb
 1003 0095 49       		.uleb128 0x49
 1004 0096 13       		.uleb128 0x13
 1005 0097 3F       		.uleb128 0x3f
 1006 0098 19       		.uleb128 0x19
 1007 0099 02       		.uleb128 0x2
 1008 009a 18       		.uleb128 0x18
 1009 009b 00       		.byte	0
 1010 009c 00       		.byte	0
 1011 009d 0E       		.uleb128 0xe
 1012 009e 26       		.uleb128 0x26
 1013 009f 00       		.byte	0
 1014 00a0 49       		.uleb128 0x49
 1015 00a1 13       		.uleb128 0x13
 1016 00a2 00       		.byte	0
 1017 00a3 00       		.byte	0
 1018 00a4 00       		.byte	0
 1019              		.section	.debug_aranges,"",%progbits
 1020 0000 14000000 		.4byte	0x14
 1021 0004 0200     		.2byte	0x2
 1022 0006 00000000 		.4byte	.Ldebug_info0
 1023 000a 04       		.byte	0x4
 1024 000b 00       		.byte	0
 1025 000c 0000     		.2byte	0
 1026 000e 0000     		.2byte	0
ARM GAS  C:\Users\kiwamu\AppData\Local\Temp\ccYMOt4w.s 			page 19


 1027 0010 00000000 		.4byte	0
 1028 0014 00000000 		.4byte	0
 1029              		.section	.debug_line,"",%progbits
 1030              	.Ldebug_line0:
 1031 0000 4E020000 		.section	.debug_str,"MS",%progbits,1
 1031      02004802 
 1031      00000201 
 1031      FB0E0D00 
 1031      01010101 
 1032              	.LASF152:
 1033 0000 74637077 		.ascii	"tcpwm_1_interrupts_15_IRQn\000"
 1033      6D5F315F 
 1033      696E7465 
 1033      72727570 
 1033      74735F31 
 1034              	.LASF41:
 1035 001b 696F7373 		.ascii	"ioss_interrupts_gpio_2_IRQn\000"
 1035      5F696E74 
 1035      65727275 
 1035      7074735F 
 1035      6770696F 
 1036              	.LASF85:
 1037 0037 7363625F 		.ascii	"scb_5_interrupt_IRQn\000"
 1037      355F696E 
 1037      74657272 
 1037      7570745F 
 1037      4952516E 
 1038              	.LASF21:
 1039 004c 4E766963 		.ascii	"NvicMux15_IRQn\000"
 1039      4D757831 
 1039      355F4952 
 1039      516E00
 1040              	.LASF227:
 1041 005b 63727970 		.ascii	"cryptoConfig\000"
 1041      746F436F 
 1041      6E666967 
 1041      00
 1042              	.LASF133:
 1043 0068 74637077 		.ascii	"tcpwm_0_interrupts_4_IRQn\000"
 1043      6D5F305F 
 1043      696E7465 
 1043      72727570 
 1043      74735F34 
 1044              	.LASF61:
 1045 0082 73727373 		.ascii	"srss_interrupt_IRQn\000"
 1045      5F696E74 
 1045      65727275 
 1045      70745F49 
 1045      52516E00 
 1046              	.LASF57:
 1047 0096 7363625F 		.ascii	"scb_8_interrupt_IRQn\000"
 1047      385F696E 
 1047      74657272 
 1047      7570745F 
 1047      4952516E 
 1048              	.LASF90:
 1049 00ab 63707573 		.ascii	"cpuss_interrupts_dw0_1_IRQn\000"
ARM GAS  C:\Users\kiwamu\AppData\Local\Temp\ccYMOt4w.s 			page 20


 1049      735F696E 
 1049      74657272 
 1049      75707473 
 1049      5F647730 
 1050              	.LASF8:
 1051 00c7 4E766963 		.ascii	"NvicMux2_IRQn\000"
 1051      4D757832 
 1051      5F495251 
 1051      6E00
 1052              	.LASF63:
 1053 00d5 626C6573 		.ascii	"bless_interrupt_IRQn\000"
 1053      735F696E 
 1053      74657272 
 1053      7570745F 
 1053      4952516E 
 1054              	.LASF162:
 1055 00ea 7564625F 		.ascii	"udb_interrupts_1_IRQn\000"
 1055      696E7465 
 1055      72727570 
 1055      74735F31 
 1055      5F495251 
 1056              	.LASF80:
 1057 0100 7363625F 		.ascii	"scb_0_interrupt_IRQn\000"
 1057      305F696E 
 1057      74657272 
 1057      7570745F 
 1057      4952516E 
 1058              	.LASF145:
 1059 0115 74637077 		.ascii	"tcpwm_1_interrupts_8_IRQn\000"
 1059      6D5F315F 
 1059      696E7465 
 1059      72727570 
 1059      74735F38 
 1060              	.LASF68:
 1061 012f 63707573 		.ascii	"cpuss_interrupts_ipc_4_IRQn\000"
 1061      735F696E 
 1061      74657272 
 1061      75707473 
 1061      5F697063 
 1062              	.LASF75:
 1063 014b 63707573 		.ascii	"cpuss_interrupts_ipc_11_IRQn\000"
 1063      735F696E 
 1063      74657272 
 1063      75707473 
 1063      5F697063 
 1064              	.LASF161:
 1065 0168 7564625F 		.ascii	"udb_interrupts_0_IRQn\000"
 1065      696E7465 
 1065      72727570 
 1065      74735F30 
 1065      5F495251 
 1066              	.LASF198:
 1067 017e 6C6F6E67 		.ascii	"long long unsigned int\000"
 1067      206C6F6E 
 1067      6720756E 
 1067      7369676E 
 1067      65642069 
ARM GAS  C:\Users\kiwamu\AppData\Local\Temp\ccYMOt4w.s 			page 21


 1068              	.LASF184:
 1069 0195 7573625F 		.ascii	"usb_interrupt_lo_IRQn\000"
 1069      696E7465 
 1069      72727570 
 1069      745F6C6F 
 1069      5F495251 
 1070              	.LASF147:
 1071 01ab 74637077 		.ascii	"tcpwm_1_interrupts_10_IRQn\000"
 1071      6D5F315F 
 1071      696E7465 
 1071      72727570 
 1071      74735F31 
 1072              	.LASF17:
 1073 01c6 4E766963 		.ascii	"NvicMux11_IRQn\000"
 1073      4D757831 
 1073      315F4952 
 1073      516E00
 1074              	.LASF39:
 1075 01d5 696F7373 		.ascii	"ioss_interrupts_gpio_0_IRQn\000"
 1075      5F696E74 
 1075      65727275 
 1075      7074735F 
 1075      6770696F 
 1076              	.LASF126:
 1077 01f1 63707573 		.ascii	"cpuss_interrupts_cm0_cti_1_IRQn\000"
 1077      735F696E 
 1077      74657272 
 1077      75707473 
 1077      5F636D30 
 1078              	.LASF48:
 1079 0211 696F7373 		.ascii	"ioss_interrupts_gpio_9_IRQn\000"
 1079      5F696E74 
 1079      65727275 
 1079      7074735F 
 1079      6770696F 
 1080              	.LASF185:
 1081 022d 70617373 		.ascii	"pass_interrupt_dacs_IRQn\000"
 1081      5F696E74 
 1081      65727275 
 1081      70745F64 
 1081      6163735F 
 1082              	.LASF167:
 1083 0246 7564625F 		.ascii	"udb_interrupts_6_IRQn\000"
 1083      696E7465 
 1083      72727570 
 1083      74735F36 
 1083      5F495251 
 1084              	.LASF190:
 1085 025c 63795F65 		.ascii	"cy_en_intr_t\000"
 1085      6E5F696E 
 1085      74725F74 
 1085      00
 1086              	.LASF30:
 1087 0269 4E766963 		.ascii	"NvicMux24_IRQn\000"
 1087      4D757832 
 1087      345F4952 
 1087      516E00
ARM GAS  C:\Users\kiwamu\AppData\Local\Temp\ccYMOt4w.s 			page 22


 1088              	.LASF217:
 1089 0278 75736572 		.ascii	"userCompleteCallback\000"
 1089      436F6D70 
 1089      6C657465 
 1089      43616C6C 
 1089      6261636B 
 1090              	.LASF0:
 1091 028d 52657365 		.ascii	"Reset_IRQn\000"
 1091      745F4952 
 1091      516E00
 1092              	.LASF153:
 1093 0298 74637077 		.ascii	"tcpwm_1_interrupts_16_IRQn\000"
 1093      6D5F315F 
 1093      696E7465 
 1093      72727570 
 1093      74735F31 
 1094              	.LASF123:
 1095 02b3 63707573 		.ascii	"cpuss_interrupt_crypto_IRQn\000"
 1095      735F696E 
 1095      74657272 
 1095      7570745F 
 1095      63727970 
 1096              	.LASF197:
 1097 02cf 6C6F6E67 		.ascii	"long long int\000"
 1097      206C6F6E 
 1097      6720696E 
 1097      7400
 1098              	.LASF191:
 1099 02dd 7369676E 		.ascii	"signed char\000"
 1099      65642063 
 1099      68617200 
 1100              	.LASF22:
 1101 02e9 4E766963 		.ascii	"NvicMux16_IRQn\000"
 1101      4D757831 
 1101      365F4952 
 1101      516E00
 1102              	.LASF134:
 1103 02f8 74637077 		.ascii	"tcpwm_0_interrupts_5_IRQn\000"
 1103      6D5F305F 
 1103      696E7465 
 1103      72727570 
 1103      74735F35 
 1104              	.LASF114:
 1105 0312 63707573 		.ascii	"cpuss_interrupts_dw1_9_IRQn\000"
 1105      735F696E 
 1105      74657272 
 1105      75707473 
 1105      5F647731 
 1106              	.LASF209:
 1107 032e 636D3070 		.ascii	"cm0pSrc\000"
 1107      53726300 
 1108              	.LASF9:
 1109 0336 4E766963 		.ascii	"NvicMux3_IRQn\000"
 1109      4D757833 
 1109      5F495251 
 1109      6E00
 1110              	.LASF56:
ARM GAS  C:\Users\kiwamu\AppData\Local\Temp\ccYMOt4w.s 			page 23


 1111 0344 6C70636F 		.ascii	"lpcomp_interrupt_IRQn\000"
 1111      6D705F69 
 1111      6E746572 
 1111      72757074 
 1111      5F495251 
 1112              	.LASF137:
 1113 035a 74637077 		.ascii	"tcpwm_1_interrupts_0_IRQn\000"
 1113      6D5F315F 
 1113      696E7465 
 1113      72727570 
 1113      74735F30 
 1114              	.LASF194:
 1115 0374 6C6F6E67 		.ascii	"long int\000"
 1115      20696E74 
 1115      00
 1116              	.LASF146:
 1117 037d 74637077 		.ascii	"tcpwm_1_interrupts_9_IRQn\000"
 1117      6D5F315F 
 1117      696E7465 
 1117      72727570 
 1117      74735F39 
 1118              	.LASF216:
 1119 0397 72656C65 		.ascii	"releaseNotifierConfig\000"
 1119      6173654E 
 1119      6F746966 
 1119      69657243 
 1119      6F6E6669 
 1120              	.LASF112:
 1121 03ad 63707573 		.ascii	"cpuss_interrupts_dw1_7_IRQn\000"
 1121      735F696E 
 1121      74657272 
 1121      75707473 
 1121      5F647731 
 1122              	.LASF76:
 1123 03c9 63707573 		.ascii	"cpuss_interrupts_ipc_12_IRQn\000"
 1123      735F696E 
 1123      74657272 
 1123      75707473 
 1123      5F697063 
 1124              	.LASF113:
 1125 03e6 63707573 		.ascii	"cpuss_interrupts_dw1_8_IRQn\000"
 1125      735F696E 
 1125      74657272 
 1125      75707473 
 1125      5F647731 
 1126              	.LASF34:
 1127 0402 4E766963 		.ascii	"NvicMux28_IRQn\000"
 1127      4D757832 
 1127      385F4952 
 1127      516E00
 1128              	.LASF208:
 1129 0411 696E7472 		.ascii	"intrSrc\000"
 1129      53726300 
 1130              	.LASF148:
 1131 0419 74637077 		.ascii	"tcpwm_1_interrupts_11_IRQn\000"
 1131      6D5F315F 
 1131      696E7465 
ARM GAS  C:\Users\kiwamu\AppData\Local\Temp\ccYMOt4w.s 			page 24


 1131      72727570 
 1131      74735F31 
 1132              	.LASF93:
 1133 0434 63707573 		.ascii	"cpuss_interrupts_dw0_4_IRQn\000"
 1133      735F696E 
 1133      74657272 
 1133      75707473 
 1133      5F647730 
 1134              	.LASF54:
 1135 0450 696F7373 		.ascii	"ioss_interrupt_gpio_IRQn\000"
 1135      5F696E74 
 1135      65727275 
 1135      70745F67 
 1135      70696F5F 
 1136              	.LASF58:
 1137 0469 73727373 		.ascii	"srss_interrupt_mcwdt_0_IRQn\000"
 1137      5F696E74 
 1137      65727275 
 1137      70745F6D 
 1137      63776474 
 1138              	.LASF207:
 1139 0485 646F7562 		.ascii	"double\000"
 1139      6C6500
 1140              	.LASF212:
 1141 048c 63795F63 		.ascii	"cy_crypto_callback_ptr_t\000"
 1141      72797074 
 1141      6F5F6361 
 1141      6C6C6261 
 1141      636B5F70 
 1142              	.LASF178:
 1143 04a5 61756469 		.ascii	"audioss_interrupt_i2s_IRQn\000"
 1143      6F73735F 
 1143      696E7465 
 1143      72727570 
 1143      745F6932 
 1144              	.LASF95:
 1145 04c0 63707573 		.ascii	"cpuss_interrupts_dw0_6_IRQn\000"
 1145      735F696E 
 1145      74657272 
 1145      75707473 
 1145      5F647730 
 1146              	.LASF128:
 1147 04dc 63707573 		.ascii	"cpuss_interrupts_cm4_cti_1_IRQn\000"
 1147      735F696E 
 1147      74657272 
 1147      75707473 
 1147      5F636D34 
 1148              	.LASF37:
 1149 04fc 4E766963 		.ascii	"NvicMux31_IRQn\000"
 1149      4D757833 
 1149      315F4952 
 1149      516E00
 1150              	.LASF23:
 1151 050b 4E766963 		.ascii	"NvicMux17_IRQn\000"
 1151      4D757831 
 1151      375F4952 
 1151      516E00
ARM GAS  C:\Users\kiwamu\AppData\Local\Temp\ccYMOt4w.s 			page 25


 1152              	.LASF135:
 1153 051a 74637077 		.ascii	"tcpwm_0_interrupts_6_IRQn\000"
 1153      6D5F305F 
 1153      696E7465 
 1153      72727570 
 1153      74735F36 
 1154              	.LASF195:
 1155 0534 5F5F7569 		.ascii	"__uint32_t\000"
 1155      6E743332 
 1155      5F7400
 1156              	.LASF81:
 1157 053f 7363625F 		.ascii	"scb_1_interrupt_IRQn\000"
 1157      315F696E 
 1157      74657272 
 1157      7570745F 
 1157      4952516E 
 1158              	.LASF10:
 1159 0554 4E766963 		.ascii	"NvicMux4_IRQn\000"
 1159      4D757834 
 1159      5F495251 
 1159      6E00
 1160              	.LASF62:
 1161 0562 70617373 		.ascii	"pass_interrupt_ctbs_IRQn\000"
 1161      5F696E74 
 1161      65727275 
 1161      70745F63 
 1161      7462735F 
 1162              	.LASF82:
 1163 057b 7363625F 		.ascii	"scb_2_interrupt_IRQn\000"
 1163      325F696E 
 1163      74657272 
 1163      7570745F 
 1163      4952516E 
 1164              	.LASF103:
 1165 0590 63707573 		.ascii	"cpuss_interrupts_dw0_14_IRQn\000"
 1165      735F696E 
 1165      74657272 
 1165      75707473 
 1165      5F647730 
 1166              	.LASF44:
 1167 05ad 696F7373 		.ascii	"ioss_interrupts_gpio_5_IRQn\000"
 1167      5F696E74 
 1167      65727275 
 1167      7074735F 
 1167      6770696F 
 1168              	.LASF70:
 1169 05c9 63707573 		.ascii	"cpuss_interrupts_ipc_6_IRQn\000"
 1169      735F696E 
 1169      74657272 
 1169      75707473 
 1169      5F697063 
 1170              	.LASF163:
 1171 05e5 7564625F 		.ascii	"udb_interrupts_2_IRQn\000"
 1171      696E7465 
 1171      72727570 
 1171      74735F32 
 1171      5F495251 
ARM GAS  C:\Users\kiwamu\AppData\Local\Temp\ccYMOt4w.s 			page 26


 1172              	.LASF52:
 1173 05fb 696F7373 		.ascii	"ioss_interrupts_gpio_13_IRQn\000"
 1173      5F696E74 
 1173      65727275 
 1173      7074735F 
 1173      6770696F 
 1174              	.LASF26:
 1175 0618 4E766963 		.ascii	"NvicMux20_IRQn\000"
 1175      4D757832 
 1175      305F4952 
 1175      516E00
 1176              	.LASF215:
 1177 0627 72656C65 		.ascii	"releaseNotifierChannel\000"
 1177      6173654E 
 1177      6F746966 
 1177      69657243 
 1177      68616E6E 
 1178              	.LASF149:
 1179 063e 74637077 		.ascii	"tcpwm_1_interrupts_12_IRQn\000"
 1179      6D5F315F 
 1179      696E7465 
 1179      72727570 
 1179      74735F31 
 1180              	.LASF118:
 1181 0659 63707573 		.ascii	"cpuss_interrupts_dw1_13_IRQn\000"
 1181      735F696E 
 1181      74657272 
 1181      75707473 
 1181      5F647731 
 1182              	.LASF196:
 1183 0676 6C6F6E67 		.ascii	"long unsigned int\000"
 1183      20756E73 
 1183      69676E65 
 1183      6420696E 
 1183      7400
 1184              	.LASF59:
 1185 0688 73727373 		.ascii	"srss_interrupt_mcwdt_1_IRQn\000"
 1185      5F696E74 
 1185      65727275 
 1185      70745F6D 
 1185      63776474 
 1186              	.LASF200:
 1187 06a4 696E7433 		.ascii	"int32_t\000"
 1187      325F7400 
 1188              	.LASF18:
 1189 06ac 4E766963 		.ascii	"NvicMux12_IRQn\000"
 1189      4D757831 
 1189      325F4952 
 1189      516E00
 1190              	.LASF130:
 1191 06bb 74637077 		.ascii	"tcpwm_0_interrupts_1_IRQn\000"
 1191      6D5F305F 
 1191      696E7465 
 1191      72727570 
 1191      74735F31 
 1192              	.LASF32:
 1193 06d5 4E766963 		.ascii	"NvicMux26_IRQn\000"
ARM GAS  C:\Users\kiwamu\AppData\Local\Temp\ccYMOt4w.s 			page 27


 1193      4D757832 
 1193      365F4952 
 1193      516E00
 1194              	.LASF183:
 1195 06e4 7573625F 		.ascii	"usb_interrupt_med_IRQn\000"
 1195      696E7465 
 1195      72727570 
 1195      745F6D65 
 1195      645F4952 
 1196              	.LASF121:
 1197 06fb 63707573 		.ascii	"cpuss_interrupts_fault_0_IRQn\000"
 1197      735F696E 
 1197      74657272 
 1197      75707473 
 1197      5F666175 
 1198              	.LASF14:
 1199 0719 4E766963 		.ascii	"NvicMux8_IRQn\000"
 1199      4D757838 
 1199      5F495251 
 1199      6E00
 1200              	.LASF192:
 1201 0727 73686F72 		.ascii	"short unsigned int\000"
 1201      7420756E 
 1201      7369676E 
 1201      65642069 
 1201      6E7400
 1202              	.LASF142:
 1203 073a 74637077 		.ascii	"tcpwm_1_interrupts_5_IRQn\000"
 1203      6D5F315F 
 1203      696E7465 
 1203      72727570 
 1203      74735F35 
 1204              	.LASF65:
 1205 0754 63707573 		.ascii	"cpuss_interrupts_ipc_1_IRQn\000"
 1205      735F696E 
 1205      74657272 
 1205      75707473 
 1205      5F697063 
 1206              	.LASF109:
 1207 0770 63707573 		.ascii	"cpuss_interrupts_dw1_4_IRQn\000"
 1207      735F696E 
 1207      74657272 
 1207      75707473 
 1207      5F647731 
 1208              	.LASF124:
 1209 078c 63707573 		.ascii	"cpuss_interrupt_fm_IRQn\000"
 1209      735F696E 
 1209      74657272 
 1209      7570745F 
 1209      666D5F49 
 1210              	.LASF180:
 1211 07a4 70726F66 		.ascii	"profile_interrupt_IRQn\000"
 1211      696C655F 
 1211      696E7465 
 1211      72727570 
 1211      745F4952 
 1212              	.LASF40:
ARM GAS  C:\Users\kiwamu\AppData\Local\Temp\ccYMOt4w.s 			page 28


 1213 07bb 696F7373 		.ascii	"ioss_interrupts_gpio_1_IRQn\000"
 1213      5F696E74 
 1213      65727275 
 1213      7074735F 
 1213      6770696F 
 1214              	.LASF104:
 1215 07d7 63707573 		.ascii	"cpuss_interrupts_dw0_15_IRQn\000"
 1215      735F696E 
 1215      74657272 
 1215      75707473 
 1215      5F647730 
 1216              	.LASF45:
 1217 07f4 696F7373 		.ascii	"ioss_interrupts_gpio_6_IRQn\000"
 1217      5F696E74 
 1217      65727275 
 1217      7074735F 
 1217      6770696F 
 1218              	.LASF164:
 1219 0810 7564625F 		.ascii	"udb_interrupts_3_IRQn\000"
 1219      696E7465 
 1219      72727570 
 1219      74735F33 
 1219      5F495251 
 1220              	.LASF53:
 1221 0826 696F7373 		.ascii	"ioss_interrupts_gpio_14_IRQn\000"
 1221      5F696E74 
 1221      65727275 
 1221      7074735F 
 1221      6770696F 
 1222              	.LASF27:
 1223 0843 4E766963 		.ascii	"NvicMux21_IRQn\000"
 1223      4D757832 
 1223      315F4952 
 1223      516E00
 1224              	.LASF91:
 1225 0852 63707573 		.ascii	"cpuss_interrupts_dw0_2_IRQn\000"
 1225      735F696E 
 1225      74657272 
 1225      75707473 
 1225      5F647730 
 1226              	.LASF175:
 1227 086e 7564625F 		.ascii	"udb_interrupts_14_IRQn\000"
 1227      696E7465 
 1227      72727570 
 1227      74735F31 
 1227      345F4952 
 1228              	.LASF5:
 1229 0885 53797354 		.ascii	"SysTick_IRQn\000"
 1229      69636B5F 
 1229      4952516E 
 1229      00
 1230              	.LASF119:
 1231 0892 63707573 		.ascii	"cpuss_interrupts_dw1_14_IRQn\000"
 1231      735F696E 
 1231      74657272 
 1231      75707473 
 1231      5F647731 
ARM GAS  C:\Users\kiwamu\AppData\Local\Temp\ccYMOt4w.s 			page 29


 1232              	.LASF186:
 1233 08af 64697363 		.ascii	"disconnected_IRQn\000"
 1233      6F6E6E65 
 1233      63746564 
 1233      5F495251 
 1233      6E00
 1234              	.LASF160:
 1235 08c1 74637077 		.ascii	"tcpwm_1_interrupts_23_IRQn\000"
 1235      6D5F315F 
 1235      696E7465 
 1235      72727570 
 1235      74735F32 
 1236              	.LASF19:
 1237 08dc 4E766963 		.ascii	"NvicMux13_IRQn\000"
 1237      4D757831 
 1237      335F4952 
 1237      516E00
 1238              	.LASF131:
 1239 08eb 74637077 		.ascii	"tcpwm_0_interrupts_2_IRQn\000"
 1239      6D5F305F 
 1239      696E7465 
 1239      72727570 
 1239      74735F32 
 1240              	.LASF150:
 1241 0905 74637077 		.ascii	"tcpwm_1_interrupts_13_IRQn\000"
 1241      6D5F315F 
 1241      696E7465 
 1241      72727570 
 1241      74735F31 
 1242              	.LASF122:
 1243 0920 63707573 		.ascii	"cpuss_interrupts_fault_1_IRQn\000"
 1243      735F696E 
 1243      74657272 
 1243      75707473 
 1243      5F666175 
 1244              	.LASF202:
 1245 093e 73697A65 		.ascii	"sizetype\000"
 1245      74797065 
 1245      00
 1246              	.LASF6:
 1247 0947 4E766963 		.ascii	"NvicMux0_IRQn\000"
 1247      4D757830 
 1247      5F495251 
 1247      6E00
 1248              	.LASF97:
 1249 0955 63707573 		.ascii	"cpuss_interrupts_dw0_8_IRQn\000"
 1249      735F696E 
 1249      74657272 
 1249      75707473 
 1249      5F647730 
 1250              	.LASF15:
 1251 0971 4E766963 		.ascii	"NvicMux9_IRQn\000"
 1251      4D757839 
 1251      5F495251 
 1251      6E00
 1252              	.LASF3:
 1253 097f 53564361 		.ascii	"SVCall_IRQn\000"
ARM GAS  C:\Users\kiwamu\AppData\Local\Temp\ccYMOt4w.s 			page 30


 1253      6C6C5F49 
 1253      52516E00 
 1254              	.LASF211:
 1255 098b 63795F73 		.ascii	"cy_stc_sysint_t\000"
 1255      74635F73 
 1255      7973696E 
 1255      745F7400 
 1256              	.LASF99:
 1257 099b 63707573 		.ascii	"cpuss_interrupts_dw0_10_IRQn\000"
 1257      735F696E 
 1257      74657272 
 1257      75707473 
 1257      5F647730 
 1258              	.LASF143:
 1259 09b8 74637077 		.ascii	"tcpwm_1_interrupts_6_IRQn\000"
 1259      6D5F315F 
 1259      696E7465 
 1259      72727570 
 1259      74735F36 
 1260              	.LASF66:
 1261 09d2 63707573 		.ascii	"cpuss_interrupts_ipc_2_IRQn\000"
 1261      735F696E 
 1261      74657272 
 1261      75707473 
 1261      5F697063 
 1262              	.LASF110:
 1263 09ee 63707573 		.ascii	"cpuss_interrupts_dw1_5_IRQn\000"
 1263      735F696E 
 1263      74657272 
 1263      75707473 
 1263      5F647731 
 1264              	.LASF168:
 1265 0a0a 7564625F 		.ascii	"udb_interrupts_7_IRQn\000"
 1265      696E7465 
 1265      72727570 
 1265      74735F37 
 1265      5F495251 
 1266              	.LASF31:
 1267 0a20 4E766963 		.ascii	"NvicMux25_IRQn\000"
 1267      4D757832 
 1267      355F4952 
 1267      516E00
 1268              	.LASF69:
 1269 0a2f 63707573 		.ascii	"cpuss_interrupts_ipc_5_IRQn\000"
 1269      735F696E 
 1269      74657272 
 1269      75707473 
 1269      5F697063 
 1270              	.LASF214:
 1271 0a4b 61637175 		.ascii	"acquireNotifierChannel\000"
 1271      6972654E 
 1271      6F746966 
 1271      69657243 
 1271      68616E6E 
 1272              	.LASF154:
 1273 0a62 74637077 		.ascii	"tcpwm_1_interrupts_17_IRQn\000"
 1273      6D5F315F 
ARM GAS  C:\Users\kiwamu\AppData\Local\Temp\ccYMOt4w.s 			page 31


 1273      696E7465 
 1273      72727570 
 1273      74735F31 
 1274              	.LASF84:
 1275 0a7d 7363625F 		.ascii	"scb_4_interrupt_IRQn\000"
 1275      345F696E 
 1275      74657272 
 1275      7570745F 
 1275      4952516E 
 1276              	.LASF46:
 1277 0a92 696F7373 		.ascii	"ioss_interrupts_gpio_7_IRQn\000"
 1277      5F696E74 
 1277      65727275 
 1277      7074735F 
 1277      6770696F 
 1278              	.LASF64:
 1279 0aae 63707573 		.ascii	"cpuss_interrupts_ipc_0_IRQn\000"
 1279      735F696E 
 1279      74657272 
 1279      75707473 
 1279      5F697063 
 1280              	.LASF102:
 1281 0aca 63707573 		.ascii	"cpuss_interrupts_dw0_13_IRQn\000"
 1281      735F696E 
 1281      74657272 
 1281      75707473 
 1281      5F647730 
 1282              	.LASF221:
 1283 0ae7 63727970 		.ascii	"cryptoErrorIntrConfig\000"
 1283      746F4572 
 1283      726F7249 
 1283      6E747243 
 1283      6F6E6669 
 1284              	.LASF120:
 1285 0afd 63707573 		.ascii	"cpuss_interrupts_dw1_15_IRQn\000"
 1285      735F696E 
 1285      74657272 
 1285      75707473 
 1285      5F647731 
 1286              	.LASF182:
 1287 0b1a 7573625F 		.ascii	"usb_interrupt_hi_IRQn\000"
 1287      696E7465 
 1287      72727570 
 1287      745F6869 
 1287      5F495251 
 1288              	.LASF206:
 1289 0b30 666C6F61 		.ascii	"float\000"
 1289      7400
 1290              	.LASF92:
 1291 0b36 63707573 		.ascii	"cpuss_interrupts_dw0_3_IRQn\000"
 1291      735F696E 
 1291      74657272 
 1291      75707473 
 1291      5F647730 
 1292              	.LASF50:
 1293 0b52 696F7373 		.ascii	"ioss_interrupts_gpio_11_IRQn\000"
 1293      5F696E74 
ARM GAS  C:\Users\kiwamu\AppData\Local\Temp\ccYMOt4w.s 			page 32


 1293      65727275 
 1293      7074735F 
 1293      6770696F 
 1294              	.LASF20:
 1295 0b6f 4E766963 		.ascii	"NvicMux14_IRQn\000"
 1295      4D757831 
 1295      345F4952 
 1295      516E00
 1296              	.LASF132:
 1297 0b7e 74637077 		.ascii	"tcpwm_0_interrupts_3_IRQn\000"
 1297      6D5F305F 
 1297      696E7465 
 1297      72727570 
 1297      74735F33 
 1298              	.LASF157:
 1299 0b98 74637077 		.ascii	"tcpwm_1_interrupts_20_IRQn\000"
 1299      6D5F315F 
 1299      696E7465 
 1299      72727570 
 1299      74735F32 
 1300              	.LASF138:
 1301 0bb3 74637077 		.ascii	"tcpwm_1_interrupts_1_IRQn\000"
 1301      6D5F315F 
 1301      696E7465 
 1301      72727570 
 1301      74735F31 
 1302              	.LASF105:
 1303 0bcd 63707573 		.ascii	"cpuss_interrupts_dw1_0_IRQn\000"
 1303      735F696E 
 1303      74657272 
 1303      75707473 
 1303      5F647731 
 1304              	.LASF172:
 1305 0be9 7564625F 		.ascii	"udb_interrupts_11_IRQn\000"
 1305      696E7465 
 1305      72727570 
 1305      74735F31 
 1305      315F4952 
 1306              	.LASF98:
 1307 0c00 63707573 		.ascii	"cpuss_interrupts_dw0_9_IRQn\000"
 1307      735F696E 
 1307      74657272 
 1307      75707473 
 1307      5F647730 
 1308              	.LASF204:
 1309 0c1c 63795F69 		.ascii	"cy_israddress\000"
 1309      73726164 
 1309      64726573 
 1309      7300
 1310              	.LASF223:
 1311 0c2a 5F426F6F 		.ascii	"_Bool\000"
 1311      6C00
 1312              	.LASF176:
 1313 0c30 7564625F 		.ascii	"udb_interrupts_15_IRQn\000"
 1313      696E7465 
 1313      72727570 
 1313      74735F31 
ARM GAS  C:\Users\kiwamu\AppData\Local\Temp\ccYMOt4w.s 			page 33


 1313      355F4952 
 1314              	.LASF188:
 1315 0c47 756E7369 		.ascii	"unsigned char\000"
 1315      676E6564 
 1315      20636861 
 1315      7200
 1316              	.LASF100:
 1317 0c55 63707573 		.ascii	"cpuss_interrupts_dw0_11_IRQn\000"
 1317      735F696E 
 1317      74657272 
 1317      75707473 
 1317      5F647730 
 1318              	.LASF144:
 1319 0c72 74637077 		.ascii	"tcpwm_1_interrupts_7_IRQn\000"
 1319      6D5F315F 
 1319      696E7465 
 1319      72727570 
 1319      74735F37 
 1320              	.LASF67:
 1321 0c8c 63707573 		.ascii	"cpuss_interrupts_ipc_3_IRQn\000"
 1321      735F696E 
 1321      74657272 
 1321      75707473 
 1321      5F697063 
 1322              	.LASF199:
 1323 0ca8 756E7369 		.ascii	"unsigned int\000"
 1323      676E6564 
 1323      20696E74 
 1323      00
 1324              	.LASF220:
 1325 0cb5 61637175 		.ascii	"acquireNotifierConfig\000"
 1325      6972654E 
 1325      6F746966 
 1325      69657243 
 1325      6F6E6669 
 1326              	.LASF169:
 1327 0ccb 7564625F 		.ascii	"udb_interrupts_8_IRQn\000"
 1327      696E7465 
 1327      72727570 
 1327      74735F38 
 1327      5F495251 
 1328              	.LASF38:
 1329 0ce1 756E636F 		.ascii	"unconnected_IRQn\000"
 1329      6E6E6563 
 1329      7465645F 
 1329      4952516E 
 1329      00
 1330              	.LASF187:
 1331 0cf2 73686F72 		.ascii	"short int\000"
 1331      7420696E 
 1331      7400
 1332              	.LASF127:
 1333 0cfc 63707573 		.ascii	"cpuss_interrupts_cm4_cti_0_IRQn\000"
 1333      735F696E 
 1333      74657272 
 1333      75707473 
 1333      5F636D34 
ARM GAS  C:\Users\kiwamu\AppData\Local\Temp\ccYMOt4w.s 			page 34


 1334              	.LASF219:
 1335 0d1c 75736572 		.ascii	"userErrorHandler\000"
 1335      4572726F 
 1335      7248616E 
 1335      646C6572 
 1335      00
 1336              	.LASF155:
 1337 0d2d 74637077 		.ascii	"tcpwm_1_interrupts_18_IRQn\000"
 1337      6D5F315F 
 1337      696E7465 
 1337      72727570 
 1337      74735F31 
 1338              	.LASF174:
 1339 0d48 7564625F 		.ascii	"udb_interrupts_13_IRQn\000"
 1339      696E7465 
 1339      72727570 
 1339      74735F31 
 1339      335F4952 
 1340              	.LASF108:
 1341 0d5f 63707573 		.ascii	"cpuss_interrupts_dw1_3_IRQn\000"
 1341      735F696E 
 1341      74657272 
 1341      75707473 
 1341      5F647731 
 1342              	.LASF13:
 1343 0d7b 4E766963 		.ascii	"NvicMux7_IRQn\000"
 1343      4D757837 
 1343      5F495251 
 1343      6E00
 1344              	.LASF24:
 1345 0d89 4E766963 		.ascii	"NvicMux18_IRQn\000"
 1345      4D757831 
 1345      385F4952 
 1345      516E00
 1346              	.LASF136:
 1347 0d98 74637077 		.ascii	"tcpwm_0_interrupts_7_IRQn\000"
 1347      6D5F305F 
 1347      696E7465 
 1347      72727570 
 1347      74735F37 
 1348              	.LASF171:
 1349 0db2 7564625F 		.ascii	"udb_interrupts_10_IRQn\000"
 1349      696E7465 
 1349      72727570 
 1349      74735F31 
 1349      305F4952 
 1350              	.LASF116:
 1351 0dc9 63707573 		.ascii	"cpuss_interrupts_dw1_11_IRQn\000"
 1351      735F696E 
 1351      74657272 
 1351      75707473 
 1351      5F647731 
 1352              	.LASF11:
 1353 0de6 4E766963 		.ascii	"NvicMux5_IRQn\000"
 1353      4D757835 
 1353      5F495251 
 1353      6E00
ARM GAS  C:\Users\kiwamu\AppData\Local\Temp\ccYMOt4w.s 			page 35


 1354              	.LASF189:
 1355 0df4 4952516E 		.ascii	"IRQn_Type\000"
 1355      5F547970 
 1355      6500
 1356              	.LASF158:
 1357 0dfe 74637077 		.ascii	"tcpwm_1_interrupts_21_IRQn\000"
 1357      6D5F315F 
 1357      696E7465 
 1357      72727570 
 1357      74735F32 
 1358              	.LASF201:
 1359 0e19 75696E74 		.ascii	"uint32_t\000"
 1359      33325F74 
 1359      00
 1360              	.LASF139:
 1361 0e22 74637077 		.ascii	"tcpwm_1_interrupts_2_IRQn\000"
 1361      6D5F315F 
 1361      696E7465 
 1361      72727570 
 1361      74735F32 
 1362              	.LASF71:
 1363 0e3c 63707573 		.ascii	"cpuss_interrupts_ipc_7_IRQn\000"
 1363      735F696E 
 1363      74657272 
 1363      75707473 
 1363      5F697063 
 1364              	.LASF106:
 1365 0e58 63707573 		.ascii	"cpuss_interrupts_dw1_1_IRQn\000"
 1365      735F696E 
 1365      74657272 
 1365      75707473 
 1365      5F647731 
 1366              	.LASF78:
 1367 0e74 63707573 		.ascii	"cpuss_interrupts_ipc_14_IRQn\000"
 1367      735F696E 
 1367      74657272 
 1367      75707473 
 1367      5F697063 
 1368              	.LASF224:
 1369 0e91 474E5520 		.ascii	"GNU C11 5.4.1 20160609 (release) [ARM/embedded-5-br"
 1369      43313120 
 1369      352E342E 
 1369      31203230 
 1369      31363036 
 1370 0ec4 616E6368 		.ascii	"anch revision 237715] -mcpu=cortex-m0plus -mthumb -"
 1370      20726576 
 1370      6973696F 
 1370      6E203233 
 1370      37373135 
 1371 0ef7 67202D4F 		.ascii	"g -Og -ffunction-sections -ffat-lto-objects\000"
 1371      67202D66 
 1371      66756E63 
 1371      74696F6E 
 1371      2D736563 
 1372              	.LASF179:
 1373 0f23 61756469 		.ascii	"audioss_interrupt_pdm_IRQn\000"
 1373      6F73735F 
ARM GAS  C:\Users\kiwamu\AppData\Local\Temp\ccYMOt4w.s 			page 36


 1373      696E7465 
 1373      72727570 
 1373      745F7064 
 1374              	.LASF203:
 1375 0f3e 6C6F6E67 		.ascii	"long double\000"
 1375      20646F75 
 1375      626C6500 
 1376              	.LASF205:
 1377 0f4a 63686172 		.ascii	"char\000"
 1377      00
 1378              	.LASF101:
 1379 0f4f 63707573 		.ascii	"cpuss_interrupts_dw0_12_IRQn\000"
 1379      735F696E 
 1379      74657272 
 1379      75707473 
 1379      5F647730 
 1380              	.LASF42:
 1381 0f6c 696F7373 		.ascii	"ioss_interrupts_gpio_3_IRQn\000"
 1381      5F696E74 
 1381      65727275 
 1381      7074735F 
 1381      6770696F 
 1382              	.LASF177:
 1383 0f88 70617373 		.ascii	"pass_interrupt_sar_IRQn\000"
 1383      5F696E74 
 1383      65727275 
 1383      70745F73 
 1383      61725F49 
 1384              	.LASF4:
 1385 0fa0 50656E64 		.ascii	"PendSV_IRQn\000"
 1385      53565F49 
 1385      52516E00 
 1386              	.LASF83:
 1387 0fac 7363625F 		.ascii	"scb_3_interrupt_IRQn\000"
 1387      335F696E 
 1387      74657272 
 1387      7570745F 
 1387      4952516E 
 1388              	.LASF170:
 1389 0fc1 7564625F 		.ascii	"udb_interrupts_9_IRQn\000"
 1389      696E7465 
 1389      72727570 
 1389      74735F39 
 1389      5F495251 
 1390              	.LASF33:
 1391 0fd7 4E766963 		.ascii	"NvicMux27_IRQn\000"
 1391      4D757832 
 1391      375F4952 
 1391      516E00
 1392              	.LASF1:
 1393 0fe6 4E6F6E4D 		.ascii	"NonMaskableInt_IRQn\000"
 1393      61736B61 
 1393      626C6549 
 1393      6E745F49 
 1393      52516E00 
 1394              	.LASF193:
 1395 0ffa 5F5F696E 		.ascii	"__int32_t\000"
ARM GAS  C:\Users\kiwamu\AppData\Local\Temp\ccYMOt4w.s 			page 37


 1395      7433325F 
 1395      7400
 1396              	.LASF156:
 1397 1004 74637077 		.ascii	"tcpwm_1_interrupts_19_IRQn\000"
 1397      6D5F315F 
 1397      696E7465 
 1397      72727570 
 1397      74735F31 
 1398              	.LASF86:
 1399 101f 7363625F 		.ascii	"scb_6_interrupt_IRQn\000"
 1399      365F696E 
 1399      74657272 
 1399      7570745F 
 1399      4952516E 
 1400              	.LASF218:
 1401 1034 75736572 		.ascii	"userGetDataHandler\000"
 1401      47657444 
 1401      61746148 
 1401      616E646C 
 1401      657200
 1402              	.LASF16:
 1403 1047 4E766963 		.ascii	"NvicMux10_IRQn\000"
 1403      4D757831 
 1403      305F4952 
 1403      516E00
 1404              	.LASF25:
 1405 1056 4E766963 		.ascii	"NvicMux19_IRQn\000"
 1405      4D757831 
 1405      395F4952 
 1405      516E00
 1406              	.LASF49:
 1407 1065 696F7373 		.ascii	"ioss_interrupts_gpio_10_IRQn\000"
 1407      5F696E74 
 1407      65727275 
 1407      7074735F 
 1407      6770696F 
 1408              	.LASF225:
 1409 1082 63795F63 		.ascii	"cy_crypto_config.c\000"
 1409      72797074 
 1409      6F5F636F 
 1409      6E666967 
 1409      2E6300
 1410              	.LASF2:
 1411 1095 48617264 		.ascii	"HardFault_IRQn\000"
 1411      4661756C 
 1411      745F4952 
 1411      516E00
 1412              	.LASF94:
 1413 10a4 63707573 		.ascii	"cpuss_interrupts_dw0_5_IRQn\000"
 1413      735F696E 
 1413      74657272 
 1413      75707473 
 1413      5F647730 
 1414              	.LASF12:
 1415 10c0 4E766963 		.ascii	"NvicMux6_IRQn\000"
 1415      4D757836 
 1415      5F495251 
ARM GAS  C:\Users\kiwamu\AppData\Local\Temp\ccYMOt4w.s 			page 38


 1415      6E00
 1416              	.LASF88:
 1417 10ce 6373645F 		.ascii	"csd_interrupt_IRQn\000"
 1417      696E7465 
 1417      72727570 
 1417      745F4952 
 1417      516E00
 1418              	.LASF36:
 1419 10e1 4E766963 		.ascii	"NvicMux30_IRQn\000"
 1419      4D757833 
 1419      305F4952 
 1419      516E00
 1420              	.LASF159:
 1421 10f0 74637077 		.ascii	"tcpwm_1_interrupts_22_IRQn\000"
 1421      6D5F315F 
 1421      696E7465 
 1421      72727570 
 1421      74735F32 
 1422              	.LASF140:
 1423 110b 74637077 		.ascii	"tcpwm_1_interrupts_3_IRQn\000"
 1423      6D5F315F 
 1423      696E7465 
 1423      72727570 
 1423      74735F33 
 1424              	.LASF72:
 1425 1125 63707573 		.ascii	"cpuss_interrupts_ipc_8_IRQn\000"
 1425      735F696E 
 1425      74657272 
 1425      75707473 
 1425      5F697063 
 1426              	.LASF107:
 1427 1141 63707573 		.ascii	"cpuss_interrupts_dw1_2_IRQn\000"
 1427      735F696E 
 1427      74657272 
 1427      75707473 
 1427      5F647731 
 1428              	.LASF79:
 1429 115d 63707573 		.ascii	"cpuss_interrupts_ipc_15_IRQn\000"
 1429      735F696E 
 1429      74657272 
 1429      75707473 
 1429      5F697063 
 1430              	.LASF165:
 1431 117a 7564625F 		.ascii	"udb_interrupts_4_IRQn\000"
 1431      696E7465 
 1431      72727570 
 1431      74735F34 
 1431      5F495251 
 1432              	.LASF28:
 1433 1190 4E766963 		.ascii	"NvicMux22_IRQn\000"
 1433      4D757832 
 1433      325F4952 
 1433      516E00
 1434              	.LASF87:
 1435 119f 7363625F 		.ascii	"scb_7_interrupt_IRQn\000"
 1435      375F696E 
 1435      74657272 
ARM GAS  C:\Users\kiwamu\AppData\Local\Temp\ccYMOt4w.s 			page 39


 1435      7570745F 
 1435      4952516E 
 1436              	.LASF35:
 1437 11b4 4E766963 		.ascii	"NvicMux29_IRQn\000"
 1437      4D757832 
 1437      395F4952 
 1437      516E00
 1438              	.LASF151:
 1439 11c3 74637077 		.ascii	"tcpwm_1_interrupts_14_IRQn\000"
 1439      6D5F315F 
 1439      696E7465 
 1439      72727570 
 1439      74735F31 
 1440              	.LASF43:
 1441 11de 696F7373 		.ascii	"ioss_interrupts_gpio_4_IRQn\000"
 1441      5F696E74 
 1441      65727275 
 1441      7074735F 
 1441      6770696F 
 1442              	.LASF181:
 1443 11fa 736D6966 		.ascii	"smif_interrupt_IRQn\000"
 1443      5F696E74 
 1443      65727275 
 1443      70745F49 
 1443      52516E00 
 1444              	.LASF51:
 1445 120e 696F7373 		.ascii	"ioss_interrupts_gpio_12_IRQn\000"
 1445      5F696E74 
 1445      65727275 
 1445      7074735F 
 1445      6770696F 
 1446              	.LASF173:
 1447 122b 7564625F 		.ascii	"udb_interrupts_12_IRQn\000"
 1447      696E7465 
 1447      72727570 
 1447      74735F31 
 1447      325F4952 
 1448              	.LASF117:
 1449 1242 63707573 		.ascii	"cpuss_interrupts_dw1_12_IRQn\000"
 1449      735F696E 
 1449      74657272 
 1449      75707473 
 1449      5F647731 
 1450              	.LASF89:
 1451 125f 63707573 		.ascii	"cpuss_interrupts_dw0_0_IRQn\000"
 1451      735F696E 
 1451      74657272 
 1451      75707473 
 1451      5F647730 
 1452              	.LASF7:
 1453 127b 4E766963 		.ascii	"NvicMux1_IRQn\000"
 1453      4D757831 
 1453      5F495251 
 1453      6E00
 1454              	.LASF55:
 1455 1289 696F7373 		.ascii	"ioss_interrupt_vdd_IRQn\000"
 1455      5F696E74 
ARM GAS  C:\Users\kiwamu\AppData\Local\Temp\ccYMOt4w.s 			page 40


 1455      65727275 
 1455      70745F76 
 1455      64645F49 
 1456              	.LASF213:
 1457 12a1 69706343 		.ascii	"ipcChannel\000"
 1457      68616E6E 
 1457      656C00
 1458              	.LASF129:
 1459 12ac 74637077 		.ascii	"tcpwm_0_interrupts_0_IRQn\000"
 1459      6D5F305F 
 1459      696E7465 
 1459      72727570 
 1459      74735F30 
 1460              	.LASF115:
 1461 12c6 63707573 		.ascii	"cpuss_interrupts_dw1_10_IRQn\000"
 1461      735F696E 
 1461      74657272 
 1461      75707473 
 1461      5F647731 
 1462              	.LASF60:
 1463 12e3 73727373 		.ascii	"srss_interrupt_backup_IRQn\000"
 1463      5F696E74 
 1463      65727275 
 1463      70745F62 
 1463      61636B75 
 1464              	.LASF222:
 1465 12fe 63795F73 		.ascii	"cy_stc_crypto_config_t\000"
 1465      74635F63 
 1465      72797074 
 1465      6F5F636F 
 1465      6E666967 
 1466              	.LASF74:
 1467 1315 63707573 		.ascii	"cpuss_interrupts_ipc_10_IRQn\000"
 1467      735F696E 
 1467      74657272 
 1467      75707473 
 1467      5F697063 
 1468              	.LASF111:
 1469 1332 63707573 		.ascii	"cpuss_interrupts_dw1_6_IRQn\000"
 1469      735F696E 
 1469      74657272 
 1469      75707473 
 1469      5F647731 
 1470              	.LASF96:
 1471 134e 63707573 		.ascii	"cpuss_interrupts_dw0_7_IRQn\000"
 1471      735F696E 
 1471      74657272 
 1471      75707473 
 1471      5F647730 
 1472              	.LASF210:
 1473 136a 696E7472 		.ascii	"intrPriority\000"
 1473      5072696F 
 1473      72697479 
 1473      00
 1474              	.LASF141:
 1475 1377 74637077 		.ascii	"tcpwm_1_interrupts_4_IRQn\000"
 1475      6D5F315F 
ARM GAS  C:\Users\kiwamu\AppData\Local\Temp\ccYMOt4w.s 			page 41


 1475      696E7465 
 1475      72727570 
 1475      74735F34 
 1476              	.LASF125:
 1477 1391 63707573 		.ascii	"cpuss_interrupts_cm0_cti_0_IRQn\000"
 1477      735F696E 
 1477      74657272 
 1477      75707473 
 1477      5F636D30 
 1478              	.LASF47:
 1479 13b1 696F7373 		.ascii	"ioss_interrupts_gpio_8_IRQn\000"
 1479      5F696E74 
 1479      65727275 
 1479      7074735F 
 1479      6770696F 
 1480              	.LASF73:
 1481 13cd 63707573 		.ascii	"cpuss_interrupts_ipc_9_IRQn\000"
 1481      735F696E 
 1481      74657272 
 1481      75707473 
 1481      5F697063 
 1482              	.LASF226:
 1483 13e9 433A5C55 		.ascii	"C:\\Users\\kiwamu\\Downloads\\CE220465\\CE220465_PS"
 1483      73657273 
 1483      5C6B6977 
 1483      616D755C 
 1483      446F776E 
 1484 1417 6F435F36 		.ascii	"oC_6_MCU_Cryptography_AES_Demonstration.cydsn\000"
 1484      5F4D4355 
 1484      5F437279 
 1484      70746F67 
 1484      72617068 
 1485              	.LASF166:
 1486 1445 7564625F 		.ascii	"udb_interrupts_5_IRQn\000"
 1486      696E7465 
 1486      72727570 
 1486      74735F35 
 1486      5F495251 
 1487              	.LASF77:
 1488 145b 63707573 		.ascii	"cpuss_interrupts_ipc_13_IRQn\000"
 1488      735F696E 
 1488      74657272 
 1488      75707473 
 1488      5F697063 
 1489              	.LASF29:
 1490 1478 4E766963 		.ascii	"NvicMux23_IRQn\000"
 1490      4D757832 
 1490      335F4952 
 1490      516E00
 1491              		.ident	"GCC: (GNU Tools for ARM Embedded Processors) 5.4.1 20160609 (release) [ARM/embedded-5-bran
