ARM GAS  C:\Users\kiwamu\AppData\Local\Temp\ccn6aY4g.s 			page 1


   1              		.syntax unified
   2              		.cpu cortex-m0plus
   3              		.fpu softvfp
   4              		.eabi_attribute 20, 1
   5              		.eabi_attribute 21, 1
   6              		.eabi_attribute 23, 3
   7              		.eabi_attribute 24, 1
   8              		.eabi_attribute 25, 1
   9              		.eabi_attribute 26, 1
  10              		.eabi_attribute 30, 1
  11              		.eabi_attribute 34, 0
  12              		.eabi_attribute 18, 4
  13              		.thumb
  14              		.syntax unified
  15              		.file	"cy_sysanalog.c"
  16              		.text
  17              	.Ltext0:
  18              		.cfi_sections	.debug_frame
  19              		.section	.text.Cy_SysAnalog_Init,"ax",%progbits
  20              		.align	2
  21              		.global	Cy_SysAnalog_Init
  22              		.code	16
  23              		.thumb_func
  24              		.type	Cy_SysAnalog_Init, %function
  25              	Cy_SysAnalog_Init:
  26              	.LFB90:
  27              		.file 1 "Generated_Source\\PSoC6\\pdl\\drivers\\peripheral\\sysanalog\\cy_sysanalog.c"
   1:Generated_Source\PSoC6\pdl\drivers\peripheral\sysanalog/cy_sysanalog.c **** /***************************************************************************//**
   2:Generated_Source\PSoC6\pdl\drivers\peripheral\sysanalog/cy_sysanalog.c **** * \file cy_sysanalog.c
   3:Generated_Source\PSoC6\pdl\drivers\peripheral\sysanalog/cy_sysanalog.c **** * \version 1.0
   4:Generated_Source\PSoC6\pdl\drivers\peripheral\sysanalog/cy_sysanalog.c **** *
   5:Generated_Source\PSoC6\pdl\drivers\peripheral\sysanalog/cy_sysanalog.c **** * Provides the public functions for the API for the SAR driver.
   6:Generated_Source\PSoC6\pdl\drivers\peripheral\sysanalog/cy_sysanalog.c **** *
   7:Generated_Source\PSoC6\pdl\drivers\peripheral\sysanalog/cy_sysanalog.c **** ********************************************************************************
   8:Generated_Source\PSoC6\pdl\drivers\peripheral\sysanalog/cy_sysanalog.c **** * \copyright
   9:Generated_Source\PSoC6\pdl\drivers\peripheral\sysanalog/cy_sysanalog.c **** * Copyright 2017, Cypress Semiconductor Corporation. All rights reserved.
  10:Generated_Source\PSoC6\pdl\drivers\peripheral\sysanalog/cy_sysanalog.c **** * You may use this file only in accordance with the license, terms, conditions,
  11:Generated_Source\PSoC6\pdl\drivers\peripheral\sysanalog/cy_sysanalog.c **** * disclaimers, and limitations in the end user license agreement accompanying
  12:Generated_Source\PSoC6\pdl\drivers\peripheral\sysanalog/cy_sysanalog.c **** * the software package with which this file was provided.
  13:Generated_Source\PSoC6\pdl\drivers\peripheral\sysanalog/cy_sysanalog.c **** *******************************************************************************/
  14:Generated_Source\PSoC6\pdl\drivers\peripheral\sysanalog/cy_sysanalog.c **** #include "cy_sysanalog.h"
  15:Generated_Source\PSoC6\pdl\drivers\peripheral\sysanalog/cy_sysanalog.c **** 
  16:Generated_Source\PSoC6\pdl\drivers\peripheral\sysanalog/cy_sysanalog.c **** #if defined(__cplusplus)
  17:Generated_Source\PSoC6\pdl\drivers\peripheral\sysanalog/cy_sysanalog.c **** extern "C" {
  18:Generated_Source\PSoC6\pdl\drivers\peripheral\sysanalog/cy_sysanalog.c **** #endif
  19:Generated_Source\PSoC6\pdl\drivers\peripheral\sysanalog/cy_sysanalog.c **** 
  20:Generated_Source\PSoC6\pdl\drivers\peripheral\sysanalog/cy_sysanalog.c **** /* Configure the AREF to use the local Vref and local IZTAT. Can be used with \ref Cy_SysAnalog_Ini
  21:Generated_Source\PSoC6\pdl\drivers\peripheral\sysanalog/cy_sysanalog.c **** const cy_stc_sysanalog_config_t Cy_SysAnalog_Fast_Local =
  22:Generated_Source\PSoC6\pdl\drivers\peripheral\sysanalog/cy_sysanalog.c **** {
  23:Generated_Source\PSoC6\pdl\drivers\peripheral\sysanalog/cy_sysanalog.c ****     /*.startup    */ CY_SYSANALOG_STARTUP_FAST,
  24:Generated_Source\PSoC6\pdl\drivers\peripheral\sysanalog/cy_sysanalog.c ****     /*.iztat      */ CY_SYSANALOG_IZTAT_SOURCE_LOCAL,
  25:Generated_Source\PSoC6\pdl\drivers\peripheral\sysanalog/cy_sysanalog.c ****     /*.vref       */ CY_SYSANALOG_VREF_SOURCE_LOCAL_1_2V,
  26:Generated_Source\PSoC6\pdl\drivers\peripheral\sysanalog/cy_sysanalog.c ****     /*.deepSleep  */ CY_SYSANALOG_DEEPSLEEP_DISABLE,
  27:Generated_Source\PSoC6\pdl\drivers\peripheral\sysanalog/cy_sysanalog.c ****     /*.enable     */ true,
  28:Generated_Source\PSoC6\pdl\drivers\peripheral\sysanalog/cy_sysanalog.c **** };
  29:Generated_Source\PSoC6\pdl\drivers\peripheral\sysanalog/cy_sysanalog.c **** 
  30:Generated_Source\PSoC6\pdl\drivers\peripheral\sysanalog/cy_sysanalog.c **** /* Configure the AREF to use the SRSS Vref and SRSS IZTAT. Can be used with \ref Cy_SysAnalog_Init.
ARM GAS  C:\Users\kiwamu\AppData\Local\Temp\ccn6aY4g.s 			page 2


  31:Generated_Source\PSoC6\pdl\drivers\peripheral\sysanalog/cy_sysanalog.c **** const cy_stc_sysanalog_config_t Cy_SysAnalog_Fast_SRSS =
  32:Generated_Source\PSoC6\pdl\drivers\peripheral\sysanalog/cy_sysanalog.c **** {
  33:Generated_Source\PSoC6\pdl\drivers\peripheral\sysanalog/cy_sysanalog.c ****     /*.startup    */ CY_SYSANALOG_STARTUP_FAST,
  34:Generated_Source\PSoC6\pdl\drivers\peripheral\sysanalog/cy_sysanalog.c ****     /*.iztat      */ CY_SYSANALOG_IZTAT_SOURCE_SRSS,
  35:Generated_Source\PSoC6\pdl\drivers\peripheral\sysanalog/cy_sysanalog.c ****     /*.vref       */ CY_SYSANALOG_VREF_SOURCE_SRSS,
  36:Generated_Source\PSoC6\pdl\drivers\peripheral\sysanalog/cy_sysanalog.c ****     /*.deepSleep  */ CY_SYSANALOG_DEEPSLEEP_DISABLE,
  37:Generated_Source\PSoC6\pdl\drivers\peripheral\sysanalog/cy_sysanalog.c ****     /*.enable     */ true,
  38:Generated_Source\PSoC6\pdl\drivers\peripheral\sysanalog/cy_sysanalog.c **** };
  39:Generated_Source\PSoC6\pdl\drivers\peripheral\sysanalog/cy_sysanalog.c **** 
  40:Generated_Source\PSoC6\pdl\drivers\peripheral\sysanalog/cy_sysanalog.c **** /* Configure the AREF to use the external Vref and local IZTAT. Can be used with \ref Cy_SysAnalog_
  41:Generated_Source\PSoC6\pdl\drivers\peripheral\sysanalog/cy_sysanalog.c **** const cy_stc_sysanalog_config_t Cy_SysAnalog_Fast_External =
  42:Generated_Source\PSoC6\pdl\drivers\peripheral\sysanalog/cy_sysanalog.c **** {
  43:Generated_Source\PSoC6\pdl\drivers\peripheral\sysanalog/cy_sysanalog.c ****     /*.startup    */ CY_SYSANALOG_STARTUP_FAST,
  44:Generated_Source\PSoC6\pdl\drivers\peripheral\sysanalog/cy_sysanalog.c ****     /*.iztat      */ CY_SYSANALOG_IZTAT_SOURCE_LOCAL,
  45:Generated_Source\PSoC6\pdl\drivers\peripheral\sysanalog/cy_sysanalog.c ****     /*.vref       */ CY_SYSANALOG_VREF_SOURCE_EXTERNAL,
  46:Generated_Source\PSoC6\pdl\drivers\peripheral\sysanalog/cy_sysanalog.c ****     /*.deepSleep  */ CY_SYSANALOG_DEEPSLEEP_DISABLE,
  47:Generated_Source\PSoC6\pdl\drivers\peripheral\sysanalog/cy_sysanalog.c ****     /*.enable     */ true,
  48:Generated_Source\PSoC6\pdl\drivers\peripheral\sysanalog/cy_sysanalog.c **** };
  49:Generated_Source\PSoC6\pdl\drivers\peripheral\sysanalog/cy_sysanalog.c **** 
  50:Generated_Source\PSoC6\pdl\drivers\peripheral\sysanalog/cy_sysanalog.c **** /*******************************************************************************
  51:Generated_Source\PSoC6\pdl\drivers\peripheral\sysanalog/cy_sysanalog.c **** * Function Name: Cy_SysAnalog_Init
  52:Generated_Source\PSoC6\pdl\drivers\peripheral\sysanalog/cy_sysanalog.c **** ****************************************************************************//**
  53:Generated_Source\PSoC6\pdl\drivers\peripheral\sysanalog/cy_sysanalog.c **** *
  54:Generated_Source\PSoC6\pdl\drivers\peripheral\sysanalog/cy_sysanalog.c **** * Initialize the AREF configuration register.
  55:Generated_Source\PSoC6\pdl\drivers\peripheral\sysanalog/cy_sysanalog.c **** *
  56:Generated_Source\PSoC6\pdl\drivers\peripheral\sysanalog/cy_sysanalog.c **** * \param config
  57:Generated_Source\PSoC6\pdl\drivers\peripheral\sysanalog/cy_sysanalog.c **** * Pointer to structure containing configuration data. See \ref cy_stc_sysanalog_config_t
  58:Generated_Source\PSoC6\pdl\drivers\peripheral\sysanalog/cy_sysanalog.c **** *
  59:Generated_Source\PSoC6\pdl\drivers\peripheral\sysanalog/cy_sysanalog.c **** * \return cy_en_sysanalog_status_t
  60:Generated_Source\PSoC6\pdl\drivers\peripheral\sysanalog/cy_sysanalog.c **** * - CY_SYSANALOG_SUCCESS: initialization complete
  61:Generated_Source\PSoC6\pdl\drivers\peripheral\sysanalog/cy_sysanalog.c **** * - CY_SYSANALOG_BAD_PARAM: input pointers are null, initialization incomplete
  62:Generated_Source\PSoC6\pdl\drivers\peripheral\sysanalog/cy_sysanalog.c **** *
  63:Generated_Source\PSoC6\pdl\drivers\peripheral\sysanalog/cy_sysanalog.c **** *******************************************************************************/
  64:Generated_Source\PSoC6\pdl\drivers\peripheral\sysanalog/cy_sysanalog.c **** cy_en_sysanalog_status_t Cy_SysAnalog_Init(const cy_stc_sysanalog_config_t *config)
  65:Generated_Source\PSoC6\pdl\drivers\peripheral\sysanalog/cy_sysanalog.c **** {
  28              		.loc 1 65 0
  29              		.cfi_startproc
  30              		@ args = 0, pretend = 0, frame = 0
  31              		@ frame_needed = 0, uses_anonymous_args = 0
  32              	.LVL0:
  33 0000 10B5     		push	{r4, lr}
  34              		.cfi_def_cfa_offset 8
  35              		.cfi_offset 4, -8
  36              		.cfi_offset 14, -4
  37 0002 041E     		subs	r4, r0, #0
  66:Generated_Source\PSoC6\pdl\drivers\peripheral\sysanalog/cy_sysanalog.c ****     CY_ASSERT_L1(NULL != config);
  38              		.loc 1 66 0
  39 0004 03D1     		bne	.L2
  40              		.loc 1 66 0 is_stmt 0 discriminator 1
  41 0006 4221     		movs	r1, #66
  42 0008 2548     		ldr	r0, .L9
  43              	.LVL1:
  44 000a FFF7FEFF 		bl	Cy_SysLib_AssertFailed
  45              	.LVL2:
  46              	.L2:
  67:Generated_Source\PSoC6\pdl\drivers\peripheral\sysanalog/cy_sysanalog.c **** 
  68:Generated_Source\PSoC6\pdl\drivers\peripheral\sysanalog/cy_sysanalog.c ****     cy_en_sysanalog_status_t result;
ARM GAS  C:\Users\kiwamu\AppData\Local\Temp\ccn6aY4g.s 			page 3


  69:Generated_Source\PSoC6\pdl\drivers\peripheral\sysanalog/cy_sysanalog.c ****     uint32_t ctrlReg = CY_SYSANALOG_DEINIT;
  70:Generated_Source\PSoC6\pdl\drivers\peripheral\sysanalog/cy_sysanalog.c **** 
  71:Generated_Source\PSoC6\pdl\drivers\peripheral\sysanalog/cy_sysanalog.c ****     if (NULL == config)
  47              		.loc 1 71 0 is_stmt 1
  48 000e 002C     		cmp	r4, #0
  49 0010 44D0     		beq	.L8
  72:Generated_Source\PSoC6\pdl\drivers\peripheral\sysanalog/cy_sysanalog.c ****     {
  73:Generated_Source\PSoC6\pdl\drivers\peripheral\sysanalog/cy_sysanalog.c ****         result = CY_SYSANALOG_BAD_PARAM;
  74:Generated_Source\PSoC6\pdl\drivers\peripheral\sysanalog/cy_sysanalog.c ****     }
  75:Generated_Source\PSoC6\pdl\drivers\peripheral\sysanalog/cy_sysanalog.c ****     else
  76:Generated_Source\PSoC6\pdl\drivers\peripheral\sysanalog/cy_sysanalog.c ****     {
  77:Generated_Source\PSoC6\pdl\drivers\peripheral\sysanalog/cy_sysanalog.c ****         CY_ASSERT_L3(CY_SYSANALOG_STARTUP(config->startup));
  50              		.loc 1 77 0
  51 0012 2378     		ldrb	r3, [r4]
  52 0014 012B     		cmp	r3, #1
  53 0016 03D9     		bls	.L4
  54              		.loc 1 77 0 is_stmt 0 discriminator 1
  55 0018 4D21     		movs	r1, #77
  56 001a 2148     		ldr	r0, .L9
  57 001c FFF7FEFF 		bl	Cy_SysLib_AssertFailed
  58              	.LVL3:
  59              	.L4:
  78:Generated_Source\PSoC6\pdl\drivers\peripheral\sysanalog/cy_sysanalog.c ****         CY_ASSERT_L3(CY_SYSANALOG_DEEPSLEEP(config->deepSleep));
  60              		.loc 1 78 0 is_stmt 1
  61 0020 E368     		ldr	r3, [r4, #12]
  62 0022 002B     		cmp	r3, #0
  63 0024 0FD0     		beq	.L5
  64              		.loc 1 78 0 is_stmt 0 discriminator 1
  65 0026 A022     		movs	r2, #160
  66 0028 D205     		lsls	r2, r2, #23
  67 002a 9342     		cmp	r3, r2
  68 002c 0BD0     		beq	.L5
  69              		.loc 1 78 0 discriminator 2
  70 002e C022     		movs	r2, #192
  71 0030 D205     		lsls	r2, r2, #23
  72 0032 9342     		cmp	r3, r2
  73 0034 07D0     		beq	.L5
  74              		.loc 1 78 0 discriminator 3
  75 0036 E022     		movs	r2, #224
  76 0038 D205     		lsls	r2, r2, #23
  77 003a 9342     		cmp	r3, r2
  78 003c 03D0     		beq	.L5
  79              		.loc 1 78 0 discriminator 4
  80 003e 4E21     		movs	r1, #78
  81 0040 1748     		ldr	r0, .L9
  82 0042 FFF7FEFF 		bl	Cy_SysLib_AssertFailed
  83              	.LVL4:
  84              	.L5:
  79:Generated_Source\PSoC6\pdl\drivers\peripheral\sysanalog/cy_sysanalog.c ****         CY_ASSERT_L3(CY_SYSANALOG_VREF(config->vref));
  85              		.loc 1 79 0 is_stmt 1
  86 0046 A368     		ldr	r3, [r4, #8]
  87 0048 002B     		cmp	r3, #0
  88 004a 0BD0     		beq	.L6
  89              		.loc 1 79 0 is_stmt 0 discriminator 1
  90 004c 8022     		movs	r2, #128
  91 004e 5203     		lsls	r2, r2, #13
  92 0050 9342     		cmp	r3, r2
ARM GAS  C:\Users\kiwamu\AppData\Local\Temp\ccn6aY4g.s 			page 4


  93 0052 07D0     		beq	.L6
  94              		.loc 1 79 0 discriminator 2
  95 0054 8022     		movs	r2, #128
  96 0056 9203     		lsls	r2, r2, #14
  97 0058 9342     		cmp	r3, r2
  98 005a 03D0     		beq	.L6
  99              		.loc 1 79 0 discriminator 3
 100 005c 4F21     		movs	r1, #79
 101 005e 1048     		ldr	r0, .L9
 102 0060 FFF7FEFF 		bl	Cy_SysLib_AssertFailed
 103              	.LVL5:
 104              	.L6:
  80:Generated_Source\PSoC6\pdl\drivers\peripheral\sysanalog/cy_sysanalog.c ****         CY_ASSERT_L3(CY_SYSANALOG_IZTAT(config->iztat));
 105              		.loc 1 80 0 is_stmt 1
 106 0064 6368     		ldr	r3, [r4, #4]
 107 0066 002B     		cmp	r3, #0
 108 0068 07D0     		beq	.L7
 109              		.loc 1 80 0 is_stmt 0 discriminator 1
 110 006a 8022     		movs	r2, #128
 111 006c 5202     		lsls	r2, r2, #9
 112 006e 9342     		cmp	r3, r2
 113 0070 03D0     		beq	.L7
 114              		.loc 1 80 0 discriminator 2
 115 0072 5021     		movs	r1, #80
 116 0074 0A48     		ldr	r0, .L9
 117 0076 FFF7FEFF 		bl	Cy_SysLib_AssertFailed
 118              	.LVL6:
 119              	.L7:
  81:Generated_Source\PSoC6\pdl\drivers\peripheral\sysanalog/cy_sysanalog.c **** 
  82:Generated_Source\PSoC6\pdl\drivers\peripheral\sysanalog/cy_sysanalog.c ****         ctrlReg = (uint32_t) config->startup \
 120              		.loc 1 82 0 is_stmt 1
 121 007a 2278     		ldrb	r2, [r4]
  83:Generated_Source\PSoC6\pdl\drivers\peripheral\sysanalog/cy_sysanalog.c ****                   | CY_SYSANALOG_DEFAULT_BIAS_SCALE \
 122              		.loc 1 83 0
 123 007c 0423     		movs	r3, #4
 124 007e 1343     		orrs	r3, r2
 125 0080 DBB2     		uxtb	r3, r3
  84:Generated_Source\PSoC6\pdl\drivers\peripheral\sysanalog/cy_sysanalog.c ****                   | (uint32_t) config->iztat \
 126              		.loc 1 84 0
 127 0082 6268     		ldr	r2, [r4, #4]
 128 0084 1343     		orrs	r3, r2
  85:Generated_Source\PSoC6\pdl\drivers\peripheral\sysanalog/cy_sysanalog.c ****                   | (uint32_t) config->vref \
 129              		.loc 1 85 0
 130 0086 A268     		ldr	r2, [r4, #8]
 131 0088 1343     		orrs	r3, r2
  86:Generated_Source\PSoC6\pdl\drivers\peripheral\sysanalog/cy_sysanalog.c ****                   | (uint32_t) config->deepSleep \
 132              		.loc 1 86 0
 133 008a E268     		ldr	r2, [r4, #12]
 134 008c 1343     		orrs	r3, r2
  87:Generated_Source\PSoC6\pdl\drivers\peripheral\sysanalog/cy_sysanalog.c ****                   | ((uint32_t) config->enable << PASS_AREF_AREF_CTRL_ENABLED_Pos);
 135              		.loc 1 87 0
 136 008e 227C     		ldrb	r2, [r4, #16]
 137 0090 D207     		lsls	r2, r2, #31
  82:Generated_Source\PSoC6\pdl\drivers\peripheral\sysanalog/cy_sysanalog.c ****                   | CY_SYSANALOG_DEFAULT_BIAS_SCALE \
 138              		.loc 1 82 0
 139 0092 1343     		orrs	r3, r2
 140              	.LVL7:
ARM GAS  C:\Users\kiwamu\AppData\Local\Temp\ccn6aY4g.s 			page 5


  88:Generated_Source\PSoC6\pdl\drivers\peripheral\sysanalog/cy_sysanalog.c **** 
  89:Generated_Source\PSoC6\pdl\drivers\peripheral\sysanalog/cy_sysanalog.c ****         PASS_AREF->AREF_CTRL = ctrlReg;
 141              		.loc 1 89 0
 142 0094 034A     		ldr	r2, .L9+4
 143 0096 1360     		str	r3, [r2]
 144              	.LVL8:
  90:Generated_Source\PSoC6\pdl\drivers\peripheral\sysanalog/cy_sysanalog.c **** 
  91:Generated_Source\PSoC6\pdl\drivers\peripheral\sysanalog/cy_sysanalog.c ****         result = CY_SYSANALOG_SUCCESS;
 145              		.loc 1 91 0
 146 0098 0020     		movs	r0, #0
 147 009a 00E0     		b	.L3
 148              	.LVL9:
 149              	.L8:
  73:Generated_Source\PSoC6\pdl\drivers\peripheral\sysanalog/cy_sysanalog.c ****     }
 150              		.loc 1 73 0
 151 009c 0248     		ldr	r0, .L9+8
 152              	.LVL10:
 153              	.L3:
  92:Generated_Source\PSoC6\pdl\drivers\peripheral\sysanalog/cy_sysanalog.c ****     }
  93:Generated_Source\PSoC6\pdl\drivers\peripheral\sysanalog/cy_sysanalog.c **** 
  94:Generated_Source\PSoC6\pdl\drivers\peripheral\sysanalog/cy_sysanalog.c ****     return result;
  95:Generated_Source\PSoC6\pdl\drivers\peripheral\sysanalog/cy_sysanalog.c **** }
 154              		.loc 1 95 0
 155              		@ sp needed
 156              	.LVL11:
 157 009e 10BD     		pop	{r4, pc}
 158              	.L10:
 159              		.align	2
 160              	.L9:
 161 00a0 00000000 		.word	.LC0
 162 00a4 000E1F41 		.word	1092554240
 163 00a8 01005E00 		.word	6160385
 164              		.cfi_endproc
 165              	.LFE90:
 166              		.size	Cy_SysAnalog_Init, .-Cy_SysAnalog_Init
 167              		.global	Cy_SysAnalog_Fast_External
 168              		.global	Cy_SysAnalog_Fast_SRSS
 169              		.global	Cy_SysAnalog_Fast_Local
 170              		.section	.rodata
 171              		.align	2
 172              		.type	Cy_SysAnalog_Fast_External, %object
 173              		.size	Cy_SysAnalog_Fast_External, 20
 174              	Cy_SysAnalog_Fast_External:
 175 0000 01       		.byte	1
 176 0001 000000   		.space	3
 177 0004 00000100 		.word	65536
 178 0008 00002000 		.word	2097152
 179 000c 00000000 		.word	0
 180 0010 01       		.byte	1
 181 0011 000000   		.space	3
 182              		.type	Cy_SysAnalog_Fast_SRSS, %object
 183              		.size	Cy_SysAnalog_Fast_SRSS, 20
 184              	Cy_SysAnalog_Fast_SRSS:
 185 0014 01       		.byte	1
 186 0015 000000   		.space	3
 187 0018 00000000 		.word	0
 188 001c 00000000 		.word	0
ARM GAS  C:\Users\kiwamu\AppData\Local\Temp\ccn6aY4g.s 			page 6


 189 0020 00000000 		.word	0
 190 0024 01       		.byte	1
 191 0025 000000   		.space	3
 192              		.type	Cy_SysAnalog_Fast_Local, %object
 193              		.size	Cy_SysAnalog_Fast_Local, 20
 194              	Cy_SysAnalog_Fast_Local:
 195 0028 01       		.byte	1
 196 0029 000000   		.space	3
 197 002c 00000100 		.word	65536
 198 0030 00001000 		.word	1048576
 199 0034 00000000 		.word	0
 200 0038 01       		.byte	1
 201 0039 000000   		.space	3
 202              		.section	.rodata.str1.4,"aMS",%progbits,1
 203              		.align	2
 204              	.LC0:
 205 0000 47656E65 		.ascii	"Generated_Source\\PSoC6\\pdl\\drivers\\peripheral\\"
 205      72617465 
 205      645F536F 
 205      75726365 
 205      5C50536F 
 206 002e 73797361 		.ascii	"sysanalog\\cy_sysanalog.c\000"
 206      6E616C6F 
 206      675C6379 
 206      5F737973 
 206      616E616C 
 207              		.text
 208              	.Letext0:
 209              		.file 2 "c:\\program files (x86)\\cypress\\psoc creator\\4.2\\psoc creator\\import\\gnu\\arm\\5.4.
 210              		.file 3 "c:\\program files (x86)\\cypress\\psoc creator\\4.2\\psoc creator\\import\\gnu\\arm\\5.4.
 211              		.file 4 "Generated_Source\\PSoC6\\pdl\\devices/psoc6/ip/cyip_pass.h"
 212              		.file 5 "Generated_Source\\PSoC6\\pdl\\drivers/peripheral/syslib/cy_syslib.h"
 213              		.file 6 "Generated_Source\\PSoC6\\pdl\\drivers\\peripheral\\sysanalog\\cy_sysanalog.h"
 214              		.section	.debug_info,"",%progbits
 215              	.Ldebug_info0:
 216 0000 14040000 		.4byte	0x414
 217 0004 0400     		.2byte	0x4
 218 0006 00000000 		.4byte	.Ldebug_abbrev0
 219 000a 04       		.byte	0x4
 220 000b 01       		.uleb128 0x1
 221 000c 9A000000 		.4byte	.LASF61
 222 0010 0C       		.byte	0xc
 223 0011 B8020000 		.4byte	.LASF62
 224 0015 50010000 		.4byte	.LASF63
 225 0019 00000000 		.4byte	.Ldebug_ranges0+0
 226 001d 00000000 		.4byte	0
 227 0021 00000000 		.4byte	.Ldebug_line0
 228 0025 02       		.uleb128 0x2
 229 0026 01       		.byte	0x1
 230 0027 06       		.byte	0x6
 231 0028 A5030000 		.4byte	.LASF0
 232 002c 02       		.uleb128 0x2
 233 002d 01       		.byte	0x1
 234 002e 08       		.byte	0x8
 235 002f 80030000 		.4byte	.LASF1
 236 0033 02       		.uleb128 0x2
 237 0034 02       		.byte	0x2
ARM GAS  C:\Users\kiwamu\AppData\Local\Temp\ccn6aY4g.s 			page 7


 238 0035 05       		.byte	0x5
 239 0036 7F000000 		.4byte	.LASF2
 240 003a 02       		.uleb128 0x2
 241 003b 02       		.byte	0x2
 242 003c 07       		.byte	0x7
 243 003d 1B040000 		.4byte	.LASF3
 244 0041 02       		.uleb128 0x2
 245 0042 04       		.byte	0x4
 246 0043 05       		.byte	0x5
 247 0044 1C030000 		.4byte	.LASF4
 248 0048 03       		.uleb128 0x3
 249 0049 3B010000 		.4byte	.LASF9
 250 004d 02       		.byte	0x2
 251 004e 41       		.byte	0x41
 252 004f 53000000 		.4byte	0x53
 253 0053 02       		.uleb128 0x2
 254 0054 04       		.byte	0x4
 255 0055 07       		.byte	0x7
 256 0056 87040000 		.4byte	.LASF5
 257 005a 02       		.uleb128 0x2
 258 005b 08       		.byte	0x8
 259 005c 05       		.byte	0x5
 260 005d AA020000 		.4byte	.LASF6
 261 0061 02       		.uleb128 0x2
 262 0062 08       		.byte	0x8
 263 0063 07       		.byte	0x7
 264 0064 B1030000 		.4byte	.LASF7
 265 0068 04       		.uleb128 0x4
 266 0069 04       		.byte	0x4
 267 006a 05       		.byte	0x5
 268 006b 696E7400 		.ascii	"int\000"
 269 006f 02       		.uleb128 0x2
 270 0070 04       		.byte	0x4
 271 0071 07       		.byte	0x7
 272 0072 EF030000 		.4byte	.LASF8
 273 0076 03       		.uleb128 0x3
 274 0077 C8030000 		.4byte	.LASF10
 275 007b 03       		.byte	0x3
 276 007c 30       		.byte	0x30
 277 007d 48000000 		.4byte	0x48
 278 0081 02       		.uleb128 0x2
 279 0082 08       		.byte	0x8
 280 0083 04       		.byte	0x4
 281 0084 74030000 		.4byte	.LASF11
 282 0088 02       		.uleb128 0x2
 283 0089 04       		.byte	0x4
 284 008a 07       		.byte	0x7
 285 008b 91000000 		.4byte	.LASF12
 286 008f 05       		.uleb128 0x5
 287 0090 76000000 		.4byte	0x76
 288 0094 06       		.uleb128 0x6
 289 0095 8F000000 		.4byte	0x8f
 290 0099 07       		.uleb128 0x7
 291 009a 94000000 		.4byte	0x94
 292 009e A9000000 		.4byte	0xa9
 293 00a2 08       		.uleb128 0x8
 294 00a3 88000000 		.4byte	0x88
ARM GAS  C:\Users\kiwamu\AppData\Local\Temp\ccn6aY4g.s 			page 8


 295 00a7 3E       		.byte	0x3e
 296 00a8 00       		.byte	0
 297 00a9 09       		.uleb128 0x9
 298 00aa 0001     		.2byte	0x100
 299 00ac 04       		.byte	0x4
 300 00ad 22       		.byte	0x22
 301 00ae CB000000 		.4byte	0xcb
 302 00b2 0A       		.uleb128 0xa
 303 00b3 D9010000 		.4byte	.LASF13
 304 00b7 04       		.byte	0x4
 305 00b8 23       		.byte	0x23
 306 00b9 8F000000 		.4byte	0x8f
 307 00bd 00       		.byte	0
 308 00be 0A       		.uleb128 0xa
 309 00bf 00050000 		.4byte	.LASF14
 310 00c3 04       		.byte	0x4
 311 00c4 24       		.byte	0x24
 312 00c5 D0000000 		.4byte	0xd0
 313 00c9 04       		.byte	0x4
 314 00ca 00       		.byte	0
 315 00cb 05       		.uleb128 0x5
 316 00cc 99000000 		.4byte	0x99
 317 00d0 06       		.uleb128 0x6
 318 00d1 CB000000 		.4byte	0xcb
 319 00d5 03       		.uleb128 0x3
 320 00d6 2C010000 		.4byte	.LASF15
 321 00da 04       		.byte	0x4
 322 00db 25       		.byte	0x25
 323 00dc A9000000 		.4byte	0xa9
 324 00e0 09       		.uleb128 0x9
 325 00e1 200F     		.2byte	0xf20
 326 00e3 04       		.byte	0x4
 327 00e4 2A       		.byte	0x2a
 328 00e5 77010000 		.4byte	0x177
 329 00e9 0A       		.uleb128 0xa
 330 00ea 8E030000 		.4byte	.LASF16
 331 00ee 04       		.byte	0x4
 332 00ef 2B       		.byte	0x2b
 333 00f0 94000000 		.4byte	0x94
 334 00f4 00       		.byte	0
 335 00f5 0A       		.uleb128 0xa
 336 00f6 00050000 		.4byte	.LASF14
 337 00fa 04       		.byte	0x4
 338 00fb 2C       		.byte	0x2c
 339 00fc 8D010000 		.4byte	0x18d
 340 0100 04       		.byte	0x4
 341 0101 0B       		.uleb128 0xb
 342 0102 82040000 		.4byte	.LASF17
 343 0106 04       		.byte	0x4
 344 0107 2D       		.byte	0x2d
 345 0108 D5000000 		.4byte	0xd5
 346 010c 000E     		.2byte	0xe00
 347 010e 0B       		.uleb128 0xb
 348 010f F5040000 		.4byte	.LASF18
 349 0113 04       		.byte	0x4
 350 0114 2E       		.byte	0x2e
 351 0115 8F000000 		.4byte	0x8f
ARM GAS  C:\Users\kiwamu\AppData\Local\Temp\ccn6aY4g.s 			page 9


 352 0119 000F     		.2byte	0xf00
 353 011b 0B       		.uleb128 0xb
 354 011c 24020000 		.4byte	.LASF19
 355 0120 04       		.byte	0x4
 356 0121 2F       		.byte	0x2f
 357 0122 8F000000 		.4byte	0x8f
 358 0126 040F     		.2byte	0xf04
 359 0128 0B       		.uleb128 0xb
 360 0129 2F020000 		.4byte	.LASF20
 361 012d 04       		.byte	0x4
 362 012e 30       		.byte	0x30
 363 012f 8F000000 		.4byte	0x8f
 364 0133 080F     		.2byte	0xf08
 365 0135 0B       		.uleb128 0xb
 366 0136 3A020000 		.4byte	.LASF21
 367 013a 04       		.byte	0x4
 368 013b 31       		.byte	0x31
 369 013c 8F000000 		.4byte	0x8f
 370 0140 0C0F     		.2byte	0xf0c
 371 0142 0B       		.uleb128 0xb
 372 0143 07000000 		.4byte	.LASF22
 373 0147 04       		.byte	0x4
 374 0148 32       		.byte	0x32
 375 0149 8F000000 		.4byte	0x8f
 376 014d 100F     		.2byte	0xf10
 377 014f 0B       		.uleb128 0xb
 378 0150 13000000 		.4byte	.LASF23
 379 0154 04       		.byte	0x4
 380 0155 33       		.byte	0x33
 381 0156 8F000000 		.4byte	0x8f
 382 015a 140F     		.2byte	0xf14
 383 015c 0B       		.uleb128 0xb
 384 015d 99030000 		.4byte	.LASF24
 385 0161 04       		.byte	0x4
 386 0162 34       		.byte	0x34
 387 0163 8F000000 		.4byte	0x8f
 388 0167 180F     		.2byte	0xf18
 389 0169 0B       		.uleb128 0xb
 390 016a A0040000 		.4byte	.LASF25
 391 016e 04       		.byte	0x4
 392 016f 35       		.byte	0x35
 393 0170 8F000000 		.4byte	0x8f
 394 0174 1C0F     		.2byte	0xf1c
 395 0176 00       		.byte	0
 396 0177 07       		.uleb128 0x7
 397 0178 94000000 		.4byte	0x94
 398 017c 88010000 		.4byte	0x188
 399 0180 0C       		.uleb128 0xc
 400 0181 88000000 		.4byte	0x88
 401 0185 7E03     		.2byte	0x37e
 402 0187 00       		.byte	0
 403 0188 05       		.uleb128 0x5
 404 0189 77010000 		.4byte	0x177
 405 018d 06       		.uleb128 0x6
 406 018e 88010000 		.4byte	0x188
 407 0192 03       		.uleb128 0x3
 408 0193 46010000 		.4byte	.LASF26
ARM GAS  C:\Users\kiwamu\AppData\Local\Temp\ccn6aY4g.s 			page 10


 409 0197 04       		.byte	0x4
 410 0198 36       		.byte	0x36
 411 0199 E0000000 		.4byte	0xe0
 412 019d 0D       		.uleb128 0xd
 413 019e 49030000 		.4byte	.LASF27
 414 01a2 05       		.byte	0x5
 415 01a3 A401     		.2byte	0x1a4
 416 01a5 A9010000 		.4byte	0x1a9
 417 01a9 02       		.uleb128 0x2
 418 01aa 01       		.byte	0x1
 419 01ab 08       		.byte	0x8
 420 01ac 2E040000 		.4byte	.LASF28
 421 01b0 02       		.uleb128 0x2
 422 01b1 04       		.byte	0x4
 423 01b2 04       		.byte	0x4
 424 01b3 A4020000 		.4byte	.LASF29
 425 01b7 02       		.uleb128 0x2
 426 01b8 08       		.byte	0x8
 427 01b9 04       		.byte	0x4
 428 01ba 99040000 		.4byte	.LASF30
 429 01be 0E       		.uleb128 0xe
 430 01bf 04       		.byte	0x4
 431 01c0 6F000000 		.4byte	0x6f
 432 01c4 06       		.byte	0x6
 433 01c5 CF       		.byte	0xcf
 434 01c6 DA010000 		.4byte	0x1da
 435 01ca 0F       		.uleb128 0xf
 436 01cb 4D040000 		.4byte	.LASF31
 437 01cf 00       		.byte	0
 438 01d0 10       		.uleb128 0x10
 439 01d1 03020000 		.4byte	.LASF32
 440 01d5 01005E00 		.4byte	0x5e0001
 441 01d9 00       		.byte	0
 442 01da 03       		.uleb128 0x3
 443 01db 11050000 		.4byte	.LASF33
 444 01df 06       		.byte	0x6
 445 01e0 D2       		.byte	0xd2
 446 01e1 BE010000 		.4byte	0x1be
 447 01e5 0E       		.uleb128 0xe
 448 01e6 01       		.byte	0x1
 449 01e7 2C000000 		.4byte	0x2c
 450 01eb 06       		.byte	0x6
 451 01ec DE       		.byte	0xde
 452 01ed FE010000 		.4byte	0x1fe
 453 01f1 0F       		.uleb128 0xf
 454 01f2 D9040000 		.4byte	.LASF34
 455 01f6 00       		.byte	0
 456 01f7 0F       		.uleb128 0xf
 457 01f8 62040000 		.4byte	.LASF35
 458 01fc 01       		.byte	0x1
 459 01fd 00       		.byte	0
 460 01fe 03       		.uleb128 0x3
 461 01ff 5D050000 		.4byte	.LASF36
 462 0203 06       		.byte	0x6
 463 0204 E1       		.byte	0xe1
 464 0205 E5010000 		.4byte	0x1e5
 465 0209 0E       		.uleb128 0xe
ARM GAS  C:\Users\kiwamu\AppData\Local\Temp\ccn6aY4g.s 			page 11


 466 020a 04       		.byte	0x4
 467 020b 6F000000 		.4byte	0x6f
 468 020f 06       		.byte	0x6
 469 0210 EB       		.byte	0xeb
 470 0211 2E020000 		.4byte	0x22e
 471 0215 0F       		.uleb128 0xf
 472 0216 56030000 		.4byte	.LASF37
 473 021a 00       		.byte	0
 474 021b 10       		.uleb128 0x10
 475 021c 25030000 		.4byte	.LASF38
 476 0220 00001000 		.4byte	0x100000
 477 0224 10       		.uleb128 0x10
 478 0225 5D000000 		.4byte	.LASF39
 479 0229 00002000 		.4byte	0x200000
 480 022d 00       		.byte	0
 481 022e 03       		.uleb128 0x3
 482 022f D1030000 		.4byte	.LASF40
 483 0233 06       		.byte	0x6
 484 0234 EF       		.byte	0xef
 485 0235 09020000 		.4byte	0x209
 486 0239 0E       		.uleb128 0xe
 487 023a 04       		.byte	0x4
 488 023b 6F000000 		.4byte	0x6f
 489 023f 06       		.byte	0x6
 490 0240 FA       		.byte	0xfa
 491 0241 55020000 		.4byte	0x255
 492 0245 0F       		.uleb128 0xf
 493 0246 FC030000 		.4byte	.LASF41
 494 024a 00       		.byte	0
 495 024b 10       		.uleb128 0x10
 496 024c E3010000 		.4byte	.LASF42
 497 0250 00000100 		.4byte	0x10000
 498 0254 00       		.byte	0
 499 0255 03       		.uleb128 0x3
 500 0256 B3010000 		.4byte	.LASF43
 501 025a 06       		.byte	0x6
 502 025b FD       		.byte	0xfd
 503 025c 39020000 		.4byte	0x239
 504 0260 11       		.uleb128 0x11
 505 0261 04       		.byte	0x4
 506 0262 6F000000 		.4byte	0x6f
 507 0266 06       		.byte	0x6
 508 0267 0901     		.2byte	0x109
 509 0269 8F020000 		.4byte	0x28f
 510 026d 0F       		.uleb128 0xf
 511 026e 45020000 		.4byte	.LASF44
 512 0272 00       		.byte	0
 513 0273 10       		.uleb128 0x10
 514 0274 1F000000 		.4byte	.LASF45
 515 0278 00000050 		.4byte	0x50000000
 516 027c 10       		.uleb128 0x10
 517 027d 3E000000 		.4byte	.LASF46
 518 0281 00000060 		.4byte	0x60000000
 519 0285 10       		.uleb128 0x10
 520 0286 7C020000 		.4byte	.LASF47
 521 028a 00000070 		.4byte	0x70000000
 522 028e 00       		.byte	0
ARM GAS  C:\Users\kiwamu\AppData\Local\Temp\ccn6aY4g.s 			page 12


 523 028f 0D       		.uleb128 0xd
 524 0290 FF020000 		.4byte	.LASF48
 525 0294 06       		.byte	0x6
 526 0295 1201     		.2byte	0x112
 527 0297 60020000 		.4byte	0x260
 528 029b 12       		.uleb128 0x12
 529 029c 14       		.byte	0x14
 530 029d 06       		.byte	0x6
 531 029e 3601     		.2byte	0x136
 532 02a0 E6020000 		.4byte	0x2e6
 533 02a4 13       		.uleb128 0x13
 534 02a5 09050000 		.4byte	.LASF49
 535 02a9 06       		.byte	0x6
 536 02aa 3801     		.2byte	0x138
 537 02ac FE010000 		.4byte	0x1fe
 538 02b0 00       		.byte	0
 539 02b1 13       		.uleb128 0x13
 540 02b2 50030000 		.4byte	.LASF50
 541 02b6 06       		.byte	0x6
 542 02b7 3901     		.2byte	0x139
 543 02b9 55020000 		.4byte	0x255
 544 02bd 04       		.byte	0x4
 545 02be 13       		.uleb128 0x13
 546 02bf 2A050000 		.4byte	.LASF51
 547 02c3 06       		.byte	0x6
 548 02c4 3A01     		.2byte	0x13a
 549 02c6 2E020000 		.4byte	0x22e
 550 02ca 08       		.byte	0x8
 551 02cb 13       		.uleb128 0x13
 552 02cc 1A020000 		.4byte	.LASF52
 553 02d0 06       		.byte	0x6
 554 02d1 3B01     		.2byte	0x13b
 555 02d3 8F020000 		.4byte	0x28f
 556 02d7 0C       		.byte	0xc
 557 02d8 13       		.uleb128 0x13
 558 02d9 D2010000 		.4byte	.LASF53
 559 02dd 06       		.byte	0x6
 560 02de 3C01     		.2byte	0x13c
 561 02e0 E6020000 		.4byte	0x2e6
 562 02e4 10       		.byte	0x10
 563 02e5 00       		.byte	0
 564 02e6 02       		.uleb128 0x2
 565 02e7 01       		.byte	0x1
 566 02e8 02       		.byte	0x2
 567 02e9 7C040000 		.4byte	.LASF54
 568 02ed 0D       		.uleb128 0xd
 569 02ee 33040000 		.4byte	.LASF55
 570 02f2 06       		.byte	0x6
 571 02f3 3D01     		.2byte	0x13d
 572 02f5 9B020000 		.4byte	0x29b
 573 02f9 14       		.uleb128 0x14
 574 02fa C7040000 		.4byte	.LASF64
 575 02fe 01       		.byte	0x1
 576 02ff 40       		.byte	0x40
 577 0300 DA010000 		.4byte	0x1da
 578 0304 00000000 		.4byte	.LFB90
 579 0308 AC000000 		.4byte	.LFE90-.LFB90
ARM GAS  C:\Users\kiwamu\AppData\Local\Temp\ccn6aY4g.s 			page 13


 580 030c 01       		.uleb128 0x1
 581 030d 9C       		.byte	0x9c
 582 030e CD030000 		.4byte	0x3cd
 583 0312 15       		.uleb128 0x15
 584 0313 AC010000 		.4byte	.LASF65
 585 0317 01       		.byte	0x1
 586 0318 40       		.byte	0x40
 587 0319 CD030000 		.4byte	0x3cd
 588 031d 00000000 		.4byte	.LLST0
 589 0321 16       		.uleb128 0x16
 590 0322 00000000 		.4byte	.LASF56
 591 0326 01       		.byte	0x1
 592 0327 44       		.byte	0x44
 593 0328 DA010000 		.4byte	0x1da
 594 032c 2C000000 		.4byte	.LLST1
 595 0330 16       		.uleb128 0x16
 596 0331 89000000 		.4byte	.LASF57
 597 0335 01       		.byte	0x1
 598 0336 45       		.byte	0x45
 599 0337 76000000 		.4byte	0x76
 600 033b 4B000000 		.4byte	.LLST2
 601 033f 17       		.uleb128 0x17
 602 0340 0E000000 		.4byte	.LVL2
 603 0344 0B040000 		.4byte	0x40b
 604 0348 5C030000 		.4byte	0x35c
 605 034c 18       		.uleb128 0x18
 606 034d 01       		.uleb128 0x1
 607 034e 50       		.byte	0x50
 608 034f 05       		.uleb128 0x5
 609 0350 03       		.byte	0x3
 610 0351 00000000 		.4byte	.LC0
 611 0355 18       		.uleb128 0x18
 612 0356 01       		.uleb128 0x1
 613 0357 51       		.byte	0x51
 614 0358 02       		.uleb128 0x2
 615 0359 08       		.byte	0x8
 616 035a 42       		.byte	0x42
 617 035b 00       		.byte	0
 618 035c 17       		.uleb128 0x17
 619 035d 20000000 		.4byte	.LVL3
 620 0361 0B040000 		.4byte	0x40b
 621 0365 79030000 		.4byte	0x379
 622 0369 18       		.uleb128 0x18
 623 036a 01       		.uleb128 0x1
 624 036b 50       		.byte	0x50
 625 036c 05       		.uleb128 0x5
 626 036d 03       		.byte	0x3
 627 036e 00000000 		.4byte	.LC0
 628 0372 18       		.uleb128 0x18
 629 0373 01       		.uleb128 0x1
 630 0374 51       		.byte	0x51
 631 0375 02       		.uleb128 0x2
 632 0376 08       		.byte	0x8
 633 0377 4D       		.byte	0x4d
 634 0378 00       		.byte	0
 635 0379 17       		.uleb128 0x17
 636 037a 46000000 		.4byte	.LVL4
ARM GAS  C:\Users\kiwamu\AppData\Local\Temp\ccn6aY4g.s 			page 14


 637 037e 0B040000 		.4byte	0x40b
 638 0382 96030000 		.4byte	0x396
 639 0386 18       		.uleb128 0x18
 640 0387 01       		.uleb128 0x1
 641 0388 50       		.byte	0x50
 642 0389 05       		.uleb128 0x5
 643 038a 03       		.byte	0x3
 644 038b 00000000 		.4byte	.LC0
 645 038f 18       		.uleb128 0x18
 646 0390 01       		.uleb128 0x1
 647 0391 51       		.byte	0x51
 648 0392 02       		.uleb128 0x2
 649 0393 08       		.byte	0x8
 650 0394 4E       		.byte	0x4e
 651 0395 00       		.byte	0
 652 0396 17       		.uleb128 0x17
 653 0397 64000000 		.4byte	.LVL5
 654 039b 0B040000 		.4byte	0x40b
 655 039f B3030000 		.4byte	0x3b3
 656 03a3 18       		.uleb128 0x18
 657 03a4 01       		.uleb128 0x1
 658 03a5 50       		.byte	0x50
 659 03a6 05       		.uleb128 0x5
 660 03a7 03       		.byte	0x3
 661 03a8 00000000 		.4byte	.LC0
 662 03ac 18       		.uleb128 0x18
 663 03ad 01       		.uleb128 0x1
 664 03ae 51       		.byte	0x51
 665 03af 02       		.uleb128 0x2
 666 03b0 08       		.byte	0x8
 667 03b1 4F       		.byte	0x4f
 668 03b2 00       		.byte	0
 669 03b3 19       		.uleb128 0x19
 670 03b4 7A000000 		.4byte	.LVL6
 671 03b8 0B040000 		.4byte	0x40b
 672 03bc 18       		.uleb128 0x18
 673 03bd 01       		.uleb128 0x1
 674 03be 50       		.byte	0x50
 675 03bf 05       		.uleb128 0x5
 676 03c0 03       		.byte	0x3
 677 03c1 00000000 		.4byte	.LC0
 678 03c5 18       		.uleb128 0x18
 679 03c6 01       		.uleb128 0x1
 680 03c7 51       		.byte	0x51
 681 03c8 02       		.uleb128 0x2
 682 03c9 08       		.byte	0x8
 683 03ca 50       		.byte	0x50
 684 03cb 00       		.byte	0
 685 03cc 00       		.byte	0
 686 03cd 1A       		.uleb128 0x1a
 687 03ce 04       		.byte	0x4
 688 03cf D3030000 		.4byte	0x3d3
 689 03d3 06       		.uleb128 0x6
 690 03d4 ED020000 		.4byte	0x2ed
 691 03d8 1B       		.uleb128 0x1b
 692 03d9 64020000 		.4byte	.LASF58
 693 03dd 01       		.byte	0x1
ARM GAS  C:\Users\kiwamu\AppData\Local\Temp\ccn6aY4g.s 			page 15


 694 03de 15       		.byte	0x15
 695 03df D3030000 		.4byte	0x3d3
 696 03e3 05       		.uleb128 0x5
 697 03e4 03       		.byte	0x3
 698 03e5 00000000 		.4byte	Cy_SysAnalog_Fast_Local
 699 03e9 1B       		.uleb128 0x1b
 700 03ea 2F050000 		.4byte	.LASF59
 701 03ee 01       		.byte	0x1
 702 03ef 1F       		.byte	0x1f
 703 03f0 D3030000 		.4byte	0x3d3
 704 03f4 05       		.uleb128 0x5
 705 03f5 03       		.byte	0x3
 706 03f6 00000000 		.4byte	Cy_SysAnalog_Fast_SRSS
 707 03fa 1B       		.uleb128 0x1b
 708 03fb AC040000 		.4byte	.LASF60
 709 03ff 01       		.byte	0x1
 710 0400 29       		.byte	0x29
 711 0401 D3030000 		.4byte	0x3d3
 712 0405 05       		.uleb128 0x5
 713 0406 03       		.byte	0x3
 714 0407 00000000 		.4byte	Cy_SysAnalog_Fast_External
 715 040b 1C       		.uleb128 0x1c
 716 040c 46050000 		.4byte	.LASF66
 717 0410 46050000 		.4byte	.LASF66
 718 0414 05       		.byte	0x5
 719 0415 0A03     		.2byte	0x30a
 720 0417 00       		.byte	0
 721              		.section	.debug_abbrev,"",%progbits
 722              	.Ldebug_abbrev0:
 723 0000 01       		.uleb128 0x1
 724 0001 11       		.uleb128 0x11
 725 0002 01       		.byte	0x1
 726 0003 25       		.uleb128 0x25
 727 0004 0E       		.uleb128 0xe
 728 0005 13       		.uleb128 0x13
 729 0006 0B       		.uleb128 0xb
 730 0007 03       		.uleb128 0x3
 731 0008 0E       		.uleb128 0xe
 732 0009 1B       		.uleb128 0x1b
 733 000a 0E       		.uleb128 0xe
 734 000b 55       		.uleb128 0x55
 735 000c 17       		.uleb128 0x17
 736 000d 11       		.uleb128 0x11
 737 000e 01       		.uleb128 0x1
 738 000f 10       		.uleb128 0x10
 739 0010 17       		.uleb128 0x17
 740 0011 00       		.byte	0
 741 0012 00       		.byte	0
 742 0013 02       		.uleb128 0x2
 743 0014 24       		.uleb128 0x24
 744 0015 00       		.byte	0
 745 0016 0B       		.uleb128 0xb
 746 0017 0B       		.uleb128 0xb
 747 0018 3E       		.uleb128 0x3e
 748 0019 0B       		.uleb128 0xb
 749 001a 03       		.uleb128 0x3
 750 001b 0E       		.uleb128 0xe
ARM GAS  C:\Users\kiwamu\AppData\Local\Temp\ccn6aY4g.s 			page 16


 751 001c 00       		.byte	0
 752 001d 00       		.byte	0
 753 001e 03       		.uleb128 0x3
 754 001f 16       		.uleb128 0x16
 755 0020 00       		.byte	0
 756 0021 03       		.uleb128 0x3
 757 0022 0E       		.uleb128 0xe
 758 0023 3A       		.uleb128 0x3a
 759 0024 0B       		.uleb128 0xb
 760 0025 3B       		.uleb128 0x3b
 761 0026 0B       		.uleb128 0xb
 762 0027 49       		.uleb128 0x49
 763 0028 13       		.uleb128 0x13
 764 0029 00       		.byte	0
 765 002a 00       		.byte	0
 766 002b 04       		.uleb128 0x4
 767 002c 24       		.uleb128 0x24
 768 002d 00       		.byte	0
 769 002e 0B       		.uleb128 0xb
 770 002f 0B       		.uleb128 0xb
 771 0030 3E       		.uleb128 0x3e
 772 0031 0B       		.uleb128 0xb
 773 0032 03       		.uleb128 0x3
 774 0033 08       		.uleb128 0x8
 775 0034 00       		.byte	0
 776 0035 00       		.byte	0
 777 0036 05       		.uleb128 0x5
 778 0037 35       		.uleb128 0x35
 779 0038 00       		.byte	0
 780 0039 49       		.uleb128 0x49
 781 003a 13       		.uleb128 0x13
 782 003b 00       		.byte	0
 783 003c 00       		.byte	0
 784 003d 06       		.uleb128 0x6
 785 003e 26       		.uleb128 0x26
 786 003f 00       		.byte	0
 787 0040 49       		.uleb128 0x49
 788 0041 13       		.uleb128 0x13
 789 0042 00       		.byte	0
 790 0043 00       		.byte	0
 791 0044 07       		.uleb128 0x7
 792 0045 01       		.uleb128 0x1
 793 0046 01       		.byte	0x1
 794 0047 49       		.uleb128 0x49
 795 0048 13       		.uleb128 0x13
 796 0049 01       		.uleb128 0x1
 797 004a 13       		.uleb128 0x13
 798 004b 00       		.byte	0
 799 004c 00       		.byte	0
 800 004d 08       		.uleb128 0x8
 801 004e 21       		.uleb128 0x21
 802 004f 00       		.byte	0
 803 0050 49       		.uleb128 0x49
 804 0051 13       		.uleb128 0x13
 805 0052 2F       		.uleb128 0x2f
 806 0053 0B       		.uleb128 0xb
 807 0054 00       		.byte	0
ARM GAS  C:\Users\kiwamu\AppData\Local\Temp\ccn6aY4g.s 			page 17


 808 0055 00       		.byte	0
 809 0056 09       		.uleb128 0x9
 810 0057 13       		.uleb128 0x13
 811 0058 01       		.byte	0x1
 812 0059 0B       		.uleb128 0xb
 813 005a 05       		.uleb128 0x5
 814 005b 3A       		.uleb128 0x3a
 815 005c 0B       		.uleb128 0xb
 816 005d 3B       		.uleb128 0x3b
 817 005e 0B       		.uleb128 0xb
 818 005f 01       		.uleb128 0x1
 819 0060 13       		.uleb128 0x13
 820 0061 00       		.byte	0
 821 0062 00       		.byte	0
 822 0063 0A       		.uleb128 0xa
 823 0064 0D       		.uleb128 0xd
 824 0065 00       		.byte	0
 825 0066 03       		.uleb128 0x3
 826 0067 0E       		.uleb128 0xe
 827 0068 3A       		.uleb128 0x3a
 828 0069 0B       		.uleb128 0xb
 829 006a 3B       		.uleb128 0x3b
 830 006b 0B       		.uleb128 0xb
 831 006c 49       		.uleb128 0x49
 832 006d 13       		.uleb128 0x13
 833 006e 38       		.uleb128 0x38
 834 006f 0B       		.uleb128 0xb
 835 0070 00       		.byte	0
 836 0071 00       		.byte	0
 837 0072 0B       		.uleb128 0xb
 838 0073 0D       		.uleb128 0xd
 839 0074 00       		.byte	0
 840 0075 03       		.uleb128 0x3
 841 0076 0E       		.uleb128 0xe
 842 0077 3A       		.uleb128 0x3a
 843 0078 0B       		.uleb128 0xb
 844 0079 3B       		.uleb128 0x3b
 845 007a 0B       		.uleb128 0xb
 846 007b 49       		.uleb128 0x49
 847 007c 13       		.uleb128 0x13
 848 007d 38       		.uleb128 0x38
 849 007e 05       		.uleb128 0x5
 850 007f 00       		.byte	0
 851 0080 00       		.byte	0
 852 0081 0C       		.uleb128 0xc
 853 0082 21       		.uleb128 0x21
 854 0083 00       		.byte	0
 855 0084 49       		.uleb128 0x49
 856 0085 13       		.uleb128 0x13
 857 0086 2F       		.uleb128 0x2f
 858 0087 05       		.uleb128 0x5
 859 0088 00       		.byte	0
 860 0089 00       		.byte	0
 861 008a 0D       		.uleb128 0xd
 862 008b 16       		.uleb128 0x16
 863 008c 00       		.byte	0
 864 008d 03       		.uleb128 0x3
ARM GAS  C:\Users\kiwamu\AppData\Local\Temp\ccn6aY4g.s 			page 18


 865 008e 0E       		.uleb128 0xe
 866 008f 3A       		.uleb128 0x3a
 867 0090 0B       		.uleb128 0xb
 868 0091 3B       		.uleb128 0x3b
 869 0092 05       		.uleb128 0x5
 870 0093 49       		.uleb128 0x49
 871 0094 13       		.uleb128 0x13
 872 0095 00       		.byte	0
 873 0096 00       		.byte	0
 874 0097 0E       		.uleb128 0xe
 875 0098 04       		.uleb128 0x4
 876 0099 01       		.byte	0x1
 877 009a 0B       		.uleb128 0xb
 878 009b 0B       		.uleb128 0xb
 879 009c 49       		.uleb128 0x49
 880 009d 13       		.uleb128 0x13
 881 009e 3A       		.uleb128 0x3a
 882 009f 0B       		.uleb128 0xb
 883 00a0 3B       		.uleb128 0x3b
 884 00a1 0B       		.uleb128 0xb
 885 00a2 01       		.uleb128 0x1
 886 00a3 13       		.uleb128 0x13
 887 00a4 00       		.byte	0
 888 00a5 00       		.byte	0
 889 00a6 0F       		.uleb128 0xf
 890 00a7 28       		.uleb128 0x28
 891 00a8 00       		.byte	0
 892 00a9 03       		.uleb128 0x3
 893 00aa 0E       		.uleb128 0xe
 894 00ab 1C       		.uleb128 0x1c
 895 00ac 0B       		.uleb128 0xb
 896 00ad 00       		.byte	0
 897 00ae 00       		.byte	0
 898 00af 10       		.uleb128 0x10
 899 00b0 28       		.uleb128 0x28
 900 00b1 00       		.byte	0
 901 00b2 03       		.uleb128 0x3
 902 00b3 0E       		.uleb128 0xe
 903 00b4 1C       		.uleb128 0x1c
 904 00b5 06       		.uleb128 0x6
 905 00b6 00       		.byte	0
 906 00b7 00       		.byte	0
 907 00b8 11       		.uleb128 0x11
 908 00b9 04       		.uleb128 0x4
 909 00ba 01       		.byte	0x1
 910 00bb 0B       		.uleb128 0xb
 911 00bc 0B       		.uleb128 0xb
 912 00bd 49       		.uleb128 0x49
 913 00be 13       		.uleb128 0x13
 914 00bf 3A       		.uleb128 0x3a
 915 00c0 0B       		.uleb128 0xb
 916 00c1 3B       		.uleb128 0x3b
 917 00c2 05       		.uleb128 0x5
 918 00c3 01       		.uleb128 0x1
 919 00c4 13       		.uleb128 0x13
 920 00c5 00       		.byte	0
 921 00c6 00       		.byte	0
ARM GAS  C:\Users\kiwamu\AppData\Local\Temp\ccn6aY4g.s 			page 19


 922 00c7 12       		.uleb128 0x12
 923 00c8 13       		.uleb128 0x13
 924 00c9 01       		.byte	0x1
 925 00ca 0B       		.uleb128 0xb
 926 00cb 0B       		.uleb128 0xb
 927 00cc 3A       		.uleb128 0x3a
 928 00cd 0B       		.uleb128 0xb
 929 00ce 3B       		.uleb128 0x3b
 930 00cf 05       		.uleb128 0x5
 931 00d0 01       		.uleb128 0x1
 932 00d1 13       		.uleb128 0x13
 933 00d2 00       		.byte	0
 934 00d3 00       		.byte	0
 935 00d4 13       		.uleb128 0x13
 936 00d5 0D       		.uleb128 0xd
 937 00d6 00       		.byte	0
 938 00d7 03       		.uleb128 0x3
 939 00d8 0E       		.uleb128 0xe
 940 00d9 3A       		.uleb128 0x3a
 941 00da 0B       		.uleb128 0xb
 942 00db 3B       		.uleb128 0x3b
 943 00dc 05       		.uleb128 0x5
 944 00dd 49       		.uleb128 0x49
 945 00de 13       		.uleb128 0x13
 946 00df 38       		.uleb128 0x38
 947 00e0 0B       		.uleb128 0xb
 948 00e1 00       		.byte	0
 949 00e2 00       		.byte	0
 950 00e3 14       		.uleb128 0x14
 951 00e4 2E       		.uleb128 0x2e
 952 00e5 01       		.byte	0x1
 953 00e6 3F       		.uleb128 0x3f
 954 00e7 19       		.uleb128 0x19
 955 00e8 03       		.uleb128 0x3
 956 00e9 0E       		.uleb128 0xe
 957 00ea 3A       		.uleb128 0x3a
 958 00eb 0B       		.uleb128 0xb
 959 00ec 3B       		.uleb128 0x3b
 960 00ed 0B       		.uleb128 0xb
 961 00ee 27       		.uleb128 0x27
 962 00ef 19       		.uleb128 0x19
 963 00f0 49       		.uleb128 0x49
 964 00f1 13       		.uleb128 0x13
 965 00f2 11       		.uleb128 0x11
 966 00f3 01       		.uleb128 0x1
 967 00f4 12       		.uleb128 0x12
 968 00f5 06       		.uleb128 0x6
 969 00f6 40       		.uleb128 0x40
 970 00f7 18       		.uleb128 0x18
 971 00f8 9742     		.uleb128 0x2117
 972 00fa 19       		.uleb128 0x19
 973 00fb 01       		.uleb128 0x1
 974 00fc 13       		.uleb128 0x13
 975 00fd 00       		.byte	0
 976 00fe 00       		.byte	0
 977 00ff 15       		.uleb128 0x15
 978 0100 05       		.uleb128 0x5
ARM GAS  C:\Users\kiwamu\AppData\Local\Temp\ccn6aY4g.s 			page 20


 979 0101 00       		.byte	0
 980 0102 03       		.uleb128 0x3
 981 0103 0E       		.uleb128 0xe
 982 0104 3A       		.uleb128 0x3a
 983 0105 0B       		.uleb128 0xb
 984 0106 3B       		.uleb128 0x3b
 985 0107 0B       		.uleb128 0xb
 986 0108 49       		.uleb128 0x49
 987 0109 13       		.uleb128 0x13
 988 010a 02       		.uleb128 0x2
 989 010b 17       		.uleb128 0x17
 990 010c 00       		.byte	0
 991 010d 00       		.byte	0
 992 010e 16       		.uleb128 0x16
 993 010f 34       		.uleb128 0x34
 994 0110 00       		.byte	0
 995 0111 03       		.uleb128 0x3
 996 0112 0E       		.uleb128 0xe
 997 0113 3A       		.uleb128 0x3a
 998 0114 0B       		.uleb128 0xb
 999 0115 3B       		.uleb128 0x3b
 1000 0116 0B       		.uleb128 0xb
 1001 0117 49       		.uleb128 0x49
 1002 0118 13       		.uleb128 0x13
 1003 0119 02       		.uleb128 0x2
 1004 011a 17       		.uleb128 0x17
 1005 011b 00       		.byte	0
 1006 011c 00       		.byte	0
 1007 011d 17       		.uleb128 0x17
 1008 011e 898201   		.uleb128 0x4109
 1009 0121 01       		.byte	0x1
 1010 0122 11       		.uleb128 0x11
 1011 0123 01       		.uleb128 0x1
 1012 0124 31       		.uleb128 0x31
 1013 0125 13       		.uleb128 0x13
 1014 0126 01       		.uleb128 0x1
 1015 0127 13       		.uleb128 0x13
 1016 0128 00       		.byte	0
 1017 0129 00       		.byte	0
 1018 012a 18       		.uleb128 0x18
 1019 012b 8A8201   		.uleb128 0x410a
 1020 012e 00       		.byte	0
 1021 012f 02       		.uleb128 0x2
 1022 0130 18       		.uleb128 0x18
 1023 0131 9142     		.uleb128 0x2111
 1024 0133 18       		.uleb128 0x18
 1025 0134 00       		.byte	0
 1026 0135 00       		.byte	0
 1027 0136 19       		.uleb128 0x19
 1028 0137 898201   		.uleb128 0x4109
 1029 013a 01       		.byte	0x1
 1030 013b 11       		.uleb128 0x11
 1031 013c 01       		.uleb128 0x1
 1032 013d 31       		.uleb128 0x31
 1033 013e 13       		.uleb128 0x13
 1034 013f 00       		.byte	0
 1035 0140 00       		.byte	0
ARM GAS  C:\Users\kiwamu\AppData\Local\Temp\ccn6aY4g.s 			page 21


 1036 0141 1A       		.uleb128 0x1a
 1037 0142 0F       		.uleb128 0xf
 1038 0143 00       		.byte	0
 1039 0144 0B       		.uleb128 0xb
 1040 0145 0B       		.uleb128 0xb
 1041 0146 49       		.uleb128 0x49
 1042 0147 13       		.uleb128 0x13
 1043 0148 00       		.byte	0
 1044 0149 00       		.byte	0
 1045 014a 1B       		.uleb128 0x1b
 1046 014b 34       		.uleb128 0x34
 1047 014c 00       		.byte	0
 1048 014d 03       		.uleb128 0x3
 1049 014e 0E       		.uleb128 0xe
 1050 014f 3A       		.uleb128 0x3a
 1051 0150 0B       		.uleb128 0xb
 1052 0151 3B       		.uleb128 0x3b
 1053 0152 0B       		.uleb128 0xb
 1054 0153 49       		.uleb128 0x49
 1055 0154 13       		.uleb128 0x13
 1056 0155 3F       		.uleb128 0x3f
 1057 0156 19       		.uleb128 0x19
 1058 0157 02       		.uleb128 0x2
 1059 0158 18       		.uleb128 0x18
 1060 0159 00       		.byte	0
 1061 015a 00       		.byte	0
 1062 015b 1C       		.uleb128 0x1c
 1063 015c 2E       		.uleb128 0x2e
 1064 015d 00       		.byte	0
 1065 015e 3F       		.uleb128 0x3f
 1066 015f 19       		.uleb128 0x19
 1067 0160 3C       		.uleb128 0x3c
 1068 0161 19       		.uleb128 0x19
 1069 0162 6E       		.uleb128 0x6e
 1070 0163 0E       		.uleb128 0xe
 1071 0164 03       		.uleb128 0x3
 1072 0165 0E       		.uleb128 0xe
 1073 0166 3A       		.uleb128 0x3a
 1074 0167 0B       		.uleb128 0xb
 1075 0168 3B       		.uleb128 0x3b
 1076 0169 05       		.uleb128 0x5
 1077 016a 00       		.byte	0
 1078 016b 00       		.byte	0
 1079 016c 00       		.byte	0
 1080              		.section	.debug_loc,"",%progbits
 1081              	.Ldebug_loc0:
 1082              	.LLST0:
 1083 0000 00000000 		.4byte	.LVL0
 1084 0004 0A000000 		.4byte	.LVL1
 1085 0008 0100     		.2byte	0x1
 1086 000a 50       		.byte	0x50
 1087 000b 0A000000 		.4byte	.LVL1
 1088 000f 9E000000 		.4byte	.LVL11
 1089 0013 0100     		.2byte	0x1
 1090 0015 54       		.byte	0x54
 1091 0016 9E000000 		.4byte	.LVL11
 1092 001a AC000000 		.4byte	.LFE90
ARM GAS  C:\Users\kiwamu\AppData\Local\Temp\ccn6aY4g.s 			page 22


 1093 001e 0400     		.2byte	0x4
 1094 0020 F3       		.byte	0xf3
 1095 0021 01       		.uleb128 0x1
 1096 0022 50       		.byte	0x50
 1097 0023 9F       		.byte	0x9f
 1098 0024 00000000 		.4byte	0
 1099 0028 00000000 		.4byte	0
 1100              	.LLST1:
 1101 002c 98000000 		.4byte	.LVL8
 1102 0030 9C000000 		.4byte	.LVL9
 1103 0034 0200     		.2byte	0x2
 1104 0036 30       		.byte	0x30
 1105 0037 9F       		.byte	0x9f
 1106 0038 9E000000 		.4byte	.LVL10
 1107 003c AC000000 		.4byte	.LFE90
 1108 0040 0100     		.2byte	0x1
 1109 0042 50       		.byte	0x50
 1110 0043 00000000 		.4byte	0
 1111 0047 00000000 		.4byte	0
 1112              	.LLST2:
 1113 004b 0E000000 		.4byte	.LVL2
 1114 004f 94000000 		.4byte	.LVL7
 1115 0053 0200     		.2byte	0x2
 1116 0055 30       		.byte	0x30
 1117 0056 9F       		.byte	0x9f
 1118 0057 94000000 		.4byte	.LVL7
 1119 005b 9C000000 		.4byte	.LVL9
 1120 005f 0100     		.2byte	0x1
 1121 0061 53       		.byte	0x53
 1122 0062 9C000000 		.4byte	.LVL9
 1123 0066 9E000000 		.4byte	.LVL10
 1124 006a 0200     		.2byte	0x2
 1125 006c 30       		.byte	0x30
 1126 006d 9F       		.byte	0x9f
 1127 006e 00000000 		.4byte	0
 1128 0072 00000000 		.4byte	0
 1129              		.section	.debug_aranges,"",%progbits
 1130 0000 1C000000 		.4byte	0x1c
 1131 0004 0200     		.2byte	0x2
 1132 0006 00000000 		.4byte	.Ldebug_info0
 1133 000a 04       		.byte	0x4
 1134 000b 00       		.byte	0
 1135 000c 0000     		.2byte	0
 1136 000e 0000     		.2byte	0
 1137 0010 00000000 		.4byte	.LFB90
 1138 0014 AC000000 		.4byte	.LFE90-.LFB90
 1139 0018 00000000 		.4byte	0
 1140 001c 00000000 		.4byte	0
 1141              		.section	.debug_ranges,"",%progbits
 1142              	.Ldebug_ranges0:
 1143 0000 00000000 		.4byte	.LFB90
 1144 0004 AC000000 		.4byte	.LFE90
 1145 0008 00000000 		.4byte	0
 1146 000c 00000000 		.4byte	0
 1147              		.section	.debug_line,"",%progbits
 1148              	.Ldebug_line0:
 1149 0000 57020000 		.section	.debug_str,"MS",%progbits,1
ARM GAS  C:\Users\kiwamu\AppData\Local\Temp\ccn6aY4g.s 			page 23


 1149      0200EB01 
 1149      00000201 
 1149      FB0E0D00 
 1149      01010101 
 1150              	.LASF56:
 1151 0000 72657375 		.ascii	"result\000"
 1151      6C7400
 1152              	.LASF22:
 1153 0007 495A5441 		.ascii	"IZTAT_TRIM0\000"
 1153      545F5452 
 1153      494D3000 
 1154              	.LASF23:
 1155 0013 495A5441 		.ascii	"IZTAT_TRIM1\000"
 1155      545F5452 
 1155      494D3100 
 1156              	.LASF45:
 1157 001f 43595F53 		.ascii	"CY_SYSANALOG_DEEPSLEEP_IPTAT_1\000"
 1157      5953414E 
 1157      414C4F47 
 1157      5F444545 
 1157      50534C45 
 1158              	.LASF46:
 1159 003e 43595F53 		.ascii	"CY_SYSANALOG_DEEPSLEEP_IPTAT_2\000"
 1159      5953414E 
 1159      414C4F47 
 1159      5F444545 
 1159      50534C45 
 1160              	.LASF39:
 1161 005d 43595F53 		.ascii	"CY_SYSANALOG_VREF_SOURCE_EXTERNAL\000"
 1161      5953414E 
 1161      414C4F47 
 1161      5F565245 
 1161      465F534F 
 1162              	.LASF2:
 1163 007f 73686F72 		.ascii	"short int\000"
 1163      7420696E 
 1163      7400
 1164              	.LASF57:
 1165 0089 6374726C 		.ascii	"ctrlReg\000"
 1165      52656700 
 1166              	.LASF12:
 1167 0091 73697A65 		.ascii	"sizetype\000"
 1167      74797065 
 1167      00
 1168              	.LASF61:
 1169 009a 474E5520 		.ascii	"GNU C11 5.4.1 20160609 (release) [ARM/embedded-5-br"
 1169      43313120 
 1169      352E342E 
 1169      31203230 
 1169      31363036 
 1170 00cd 616E6368 		.ascii	"anch revision 237715] -mcpu=cortex-m0plus -mthumb -"
 1170      20726576 
 1170      6973696F 
 1170      6E203233 
 1170      37373135 
 1171 0100 67202D4F 		.ascii	"g -Og -ffunction-sections -ffat-lto-objects\000"
 1171      67202D66 
ARM GAS  C:\Users\kiwamu\AppData\Local\Temp\ccn6aY4g.s 			page 24


 1171      66756E63 
 1171      74696F6E 
 1171      2D736563 
 1172              	.LASF15:
 1173 012c 50415353 		.ascii	"PASS_AREF_Type\000"
 1173      5F415245 
 1173      465F5479 
 1173      706500
 1174              	.LASF9:
 1175 013b 5F5F7569 		.ascii	"__uint32_t\000"
 1175      6E743332 
 1175      5F7400
 1176              	.LASF26:
 1177 0146 50415353 		.ascii	"PASS_Type\000"
 1177      5F547970 
 1177      6500
 1178              	.LASF63:
 1179 0150 433A5C55 		.ascii	"C:\\Users\\kiwamu\\Downloads\\CE220465\\CE220465_PS"
 1179      73657273 
 1179      5C6B6977 
 1179      616D755C 
 1179      446F776E 
 1180 017e 6F435F36 		.ascii	"oC_6_MCU_Cryptography_AES_Demonstration.cydsn\000"
 1180      5F4D4355 
 1180      5F437279 
 1180      70746F67 
 1180      72617068 
 1181              	.LASF65:
 1182 01ac 636F6E66 		.ascii	"config\000"
 1182      696700
 1183              	.LASF43:
 1184 01b3 63795F65 		.ascii	"cy_en_sysanalog_iztat_source_t\000"
 1184      6E5F7379 
 1184      73616E61 
 1184      6C6F675F 
 1184      697A7461 
 1185              	.LASF53:
 1186 01d2 656E6162 		.ascii	"enable\000"
 1186      6C6500
 1187              	.LASF13:
 1188 01d9 41524546 		.ascii	"AREF_CTRL\000"
 1188      5F435452 
 1188      4C00
 1189              	.LASF42:
 1190 01e3 43595F53 		.ascii	"CY_SYSANALOG_IZTAT_SOURCE_LOCAL\000"
 1190      5953414E 
 1190      414C4F47 
 1190      5F495A54 
 1190      41545F53 
 1191              	.LASF32:
 1192 0203 43595F53 		.ascii	"CY_SYSANALOG_BAD_PARAM\000"
 1192      5953414E 
 1192      414C4F47 
 1192      5F424144 
 1192      5F504152 
 1193              	.LASF52:
 1194 021a 64656570 		.ascii	"deepSleep\000"
ARM GAS  C:\Users\kiwamu\AppData\Local\Temp\ccn6aY4g.s 			page 25


 1194      536C6565 
 1194      7000
 1195              	.LASF19:
 1196 0224 56524546 		.ascii	"VREF_TRIM1\000"
 1196      5F545249 
 1196      4D3100
 1197              	.LASF20:
 1198 022f 56524546 		.ascii	"VREF_TRIM2\000"
 1198      5F545249 
 1198      4D3200
 1199              	.LASF21:
 1200 023a 56524546 		.ascii	"VREF_TRIM3\000"
 1200      5F545249 
 1200      4D3300
 1201              	.LASF44:
 1202 0245 43595F53 		.ascii	"CY_SYSANALOG_DEEPSLEEP_DISABLE\000"
 1202      5953414E 
 1202      414C4F47 
 1202      5F444545 
 1202      50534C45 
 1203              	.LASF58:
 1204 0264 43795F53 		.ascii	"Cy_SysAnalog_Fast_Local\000"
 1204      7973416E 
 1204      616C6F67 
 1204      5F466173 
 1204      745F4C6F 
 1205              	.LASF47:
 1206 027c 43595F53 		.ascii	"CY_SYSANALOG_DEEPSLEEP_IPTAT_IZTAT_VREF\000"
 1206      5953414E 
 1206      414C4F47 
 1206      5F444545 
 1206      50534C45 
 1207              	.LASF29:
 1208 02a4 666C6F61 		.ascii	"float\000"
 1208      7400
 1209              	.LASF6:
 1210 02aa 6C6F6E67 		.ascii	"long long int\000"
 1210      206C6F6E 
 1210      6720696E 
 1210      7400
 1211              	.LASF62:
 1212 02b8 47656E65 		.ascii	"Generated_Source\\PSoC6\\pdl\\drivers\\peripheral\\"
 1212      72617465 
 1212      645F536F 
 1212      75726365 
 1212      5C50536F 
 1213 02e6 73797361 		.ascii	"sysanalog\\cy_sysanalog.c\000"
 1213      6E616C6F 
 1213      675C6379 
 1213      5F737973 
 1213      616E616C 
 1214              	.LASF48:
 1215 02ff 63795F65 		.ascii	"cy_en_sysanalog_deep_sleep_t\000"
 1215      6E5F7379 
 1215      73616E61 
 1215      6C6F675F 
 1215      64656570 
ARM GAS  C:\Users\kiwamu\AppData\Local\Temp\ccn6aY4g.s 			page 26


 1216              	.LASF4:
 1217 031c 6C6F6E67 		.ascii	"long int\000"
 1217      20696E74 
 1217      00
 1218              	.LASF38:
 1219 0325 43595F53 		.ascii	"CY_SYSANALOG_VREF_SOURCE_LOCAL_1_2V\000"
 1219      5953414E 
 1219      414C4F47 
 1219      5F565245 
 1219      465F534F 
 1220              	.LASF27:
 1221 0349 63686172 		.ascii	"char_t\000"
 1221      5F7400
 1222              	.LASF50:
 1223 0350 697A7461 		.ascii	"iztat\000"
 1223      7400
 1224              	.LASF37:
 1225 0356 43595F53 		.ascii	"CY_SYSANALOG_VREF_SOURCE_SRSS\000"
 1225      5953414E 
 1225      414C4F47 
 1225      5F565245 
 1225      465F534F 
 1226              	.LASF11:
 1227 0374 6C6F6E67 		.ascii	"long double\000"
 1227      20646F75 
 1227      626C6500 
 1228              	.LASF1:
 1229 0380 756E7369 		.ascii	"unsigned char\000"
 1229      676E6564 
 1229      20636861 
 1229      7200
 1230              	.LASF16:
 1231 038e 494E5452 		.ascii	"INTR_CAUSE\000"
 1231      5F434155 
 1231      534500
 1232              	.LASF24:
 1233 0399 49505441 		.ascii	"IPTAT_TRIM0\000"
 1233      545F5452 
 1233      494D3000 
 1234              	.LASF0:
 1235 03a5 7369676E 		.ascii	"signed char\000"
 1235      65642063 
 1235      68617200 
 1236              	.LASF7:
 1237 03b1 6C6F6E67 		.ascii	"long long unsigned int\000"
 1237      206C6F6E 
 1237      6720756E 
 1237      7369676E 
 1237      65642069 
 1238              	.LASF10:
 1239 03c8 75696E74 		.ascii	"uint32_t\000"
 1239      33325F74 
 1239      00
 1240              	.LASF40:
 1241 03d1 63795F65 		.ascii	"cy_en_sysanalog_vref_source_t\000"
 1241      6E5F7379 
 1241      73616E61 
ARM GAS  C:\Users\kiwamu\AppData\Local\Temp\ccn6aY4g.s 			page 27


 1241      6C6F675F 
 1241      76726566 
 1242              	.LASF8:
 1243 03ef 756E7369 		.ascii	"unsigned int\000"
 1243      676E6564 
 1243      20696E74 
 1243      00
 1244              	.LASF41:
 1245 03fc 43595F53 		.ascii	"CY_SYSANALOG_IZTAT_SOURCE_SRSS\000"
 1245      5953414E 
 1245      414C4F47 
 1245      5F495A54 
 1245      41545F53 
 1246              	.LASF3:
 1247 041b 73686F72 		.ascii	"short unsigned int\000"
 1247      7420756E 
 1247      7369676E 
 1247      65642069 
 1247      6E7400
 1248              	.LASF28:
 1249 042e 63686172 		.ascii	"char\000"
 1249      00
 1250              	.LASF55:
 1251 0433 63795F73 		.ascii	"cy_stc_sysanalog_config_t\000"
 1251      74635F73 
 1251      7973616E 
 1251      616C6F67 
 1251      5F636F6E 
 1252              	.LASF31:
 1253 044d 43595F53 		.ascii	"CY_SYSANALOG_SUCCESS\000"
 1253      5953414E 
 1253      414C4F47 
 1253      5F535543 
 1253      43455353 
 1254              	.LASF35:
 1255 0462 43595F53 		.ascii	"CY_SYSANALOG_STARTUP_FAST\000"
 1255      5953414E 
 1255      414C4F47 
 1255      5F535441 
 1255      52545550 
 1256              	.LASF54:
 1257 047c 5F426F6F 		.ascii	"_Bool\000"
 1257      6C00
 1258              	.LASF17:
 1259 0482 41524546 		.ascii	"AREF\000"
 1259      00
 1260              	.LASF5:
 1261 0487 6C6F6E67 		.ascii	"long unsigned int\000"
 1261      20756E73 
 1261      69676E65 
 1261      6420696E 
 1261      7400
 1262              	.LASF30:
 1263 0499 646F7562 		.ascii	"double\000"
 1263      6C6500
 1264              	.LASF25:
 1265 04a0 49435441 		.ascii	"ICTAT_TRIM0\000"
ARM GAS  C:\Users\kiwamu\AppData\Local\Temp\ccn6aY4g.s 			page 28


 1265      545F5452 
 1265      494D3000 
 1266              	.LASF60:
 1267 04ac 43795F53 		.ascii	"Cy_SysAnalog_Fast_External\000"
 1267      7973416E 
 1267      616C6F67 
 1267      5F466173 
 1267      745F4578 
 1268              	.LASF64:
 1269 04c7 43795F53 		.ascii	"Cy_SysAnalog_Init\000"
 1269      7973416E 
 1269      616C6F67 
 1269      5F496E69 
 1269      7400
 1270              	.LASF34:
 1271 04d9 43595F53 		.ascii	"CY_SYSANALOG_STARTUP_NORMAL\000"
 1271      5953414E 
 1271      414C4F47 
 1271      5F535441 
 1271      52545550 
 1272              	.LASF18:
 1273 04f5 56524546 		.ascii	"VREF_TRIM0\000"
 1273      5F545249 
 1273      4D3000
 1274              	.LASF14:
 1275 0500 52455345 		.ascii	"RESERVED\000"
 1275      52564544 
 1275      00
 1276              	.LASF49:
 1277 0509 73746172 		.ascii	"startup\000"
 1277      74757000 
 1278              	.LASF33:
 1279 0511 63795F65 		.ascii	"cy_en_sysanalog_status_t\000"
 1279      6E5F7379 
 1279      73616E61 
 1279      6C6F675F 
 1279      73746174 
 1280              	.LASF51:
 1281 052a 76726566 		.ascii	"vref\000"
 1281      00
 1282              	.LASF59:
 1283 052f 43795F53 		.ascii	"Cy_SysAnalog_Fast_SRSS\000"
 1283      7973416E 
 1283      616C6F67 
 1283      5F466173 
 1283      745F5352 
 1284              	.LASF66:
 1285 0546 43795F53 		.ascii	"Cy_SysLib_AssertFailed\000"
 1285      79734C69 
 1285      625F4173 
 1285      73657274 
 1285      4661696C 
 1286              	.LASF36:
 1287 055d 63795F65 		.ascii	"cy_en_sysanalog_startup_t\000"
 1287      6E5F7379 
 1287      73616E61 
 1287      6C6F675F 
ARM GAS  C:\Users\kiwamu\AppData\Local\Temp\ccn6aY4g.s 			page 29


 1287      73746172 
 1288              		.ident	"GCC: (GNU Tools for ARM Embedded Processors) 5.4.1 20160609 (release) [ARM/embedded-5-bran
