ARM GAS  C:\Users\kiwamu\AppData\Local\Temp\ccTDnbHf.s 			page 1


   1              		.syntax unified
   2              		.cpu cortex-m4
   3              		.eabi_attribute 27, 1
   4              		.fpu fpv4-sp-d16
   5              		.eabi_attribute 20, 1
   6              		.eabi_attribute 21, 1
   7              		.eabi_attribute 23, 3
   8              		.eabi_attribute 24, 1
   9              		.eabi_attribute 25, 1
  10              		.eabi_attribute 26, 1
  11              		.eabi_attribute 30, 1
  12              		.eabi_attribute 34, 1
  13              		.eabi_attribute 18, 4
  14              		.thumb
  15              		.syntax unified
  16              		.file	"cy_crypto_config.c"
  17              		.text
  18              	.Ltext0:
  19              		.cfi_sections	.debug_frame
  20              		.global	cryptoConfig
  21              		.section	.rodata
  22              		.align	2
  23              		.type	cryptoConfig, %object
  24              		.size	cryptoConfig, 48
  25              	cryptoConfig:
  26 0000 03000000 		.word	3
  27 0004 01000000 		.word	1
  28 0008 02000000 		.word	2
  29 000c 1B00     		.short	27
  30 000e 0000     		.space	2
  31 0010 02000000 		.word	2
  32 0014 00000000 		.word	0
  33 0018 00000000 		.word	0
  34 001c 00000000 		.word	0
  35 0020 1A00     		.short	26
  36 0022 0000     		.space	2
  37 0024 02000000 		.word	2
  38 0028 5400     		.short	84
  39 002a 0000     		.space	2
  40 002c 02000000 		.word	2
  41              		.text
  42              	.Letext0:
  43              		.file 1 "Generated_Source\\PSoC6\\pdl\\devices/psoc6/psoc63/include/cy8c6347bzi_bld53.h"
  44              		.file 2 "c:\\program files (x86)\\cypress\\psoc creator\\4.2\\psoc creator\\import\\gnu\\arm\\5.4.
  45              		.file 3 "c:\\program files (x86)\\cypress\\psoc creator\\4.2\\psoc creator\\import\\gnu\\arm\\5.4.
  46              		.file 4 "Generated_Source\\PSoC6\\pdl\\drivers/peripheral/syslib/cy_syslib.h"
  47              		.file 5 "Generated_Source\\PSoC6\\pdl\\drivers/peripheral/sysint/cy_sysint.h"
  48              		.file 6 "Generated_Source\\PSoC6\\pdl\\drivers/peripheral/crypto/cy_crypto_common.h"
  49              		.file 7 "Generated_Source\\PSoC6\\pdl\\cmsis/include/core_cm4.h"
  50              		.file 8 "cy_crypto_config.c"
  51              		.section	.debug_info,"",%progbits
  52              	.Ldebug_info0:
  53 0000 73050000 		.4byte	0x573
  54 0004 0400     		.2byte	0x4
  55 0006 00000000 		.4byte	.Ldebug_abbrev0
  56 000a 04       		.byte	0x4
  57 000b 01       		.uleb128 0x1
ARM GAS  C:\Users\kiwamu\AppData\Local\Temp\ccTDnbHf.s 			page 2


  58 000c F2090000 		.4byte	.LASF195
  59 0010 0C       		.byte	0xc
  60 0011 2B0D0000 		.4byte	.LASF196
  61 0015 6F120000 		.4byte	.LASF197
  62 0019 00000000 		.4byte	.Ldebug_line0
  63 001d 02       		.uleb128 0x2
  64 001e 02       		.byte	0x2
  65 001f DE030000 		.4byte	0x3de
  66 0023 01       		.byte	0x1
  67 0024 24       		.byte	0x24
  68 0025 DE030000 		.4byte	0x3de
  69 0029 03       		.uleb128 0x3
  70 002a 5C020000 		.4byte	.LASF0
  71 002e 71       		.sleb128 -15
  72 002f 03       		.uleb128 0x3
  73 0030 D30E0000 		.4byte	.LASF1
  74 0034 72       		.sleb128 -14
  75 0035 03       		.uleb128 0x3
  76 0036 5A0F0000 		.4byte	.LASF2
  77 003a 73       		.sleb128 -13
  78 003b 03       		.uleb128 0x3
  79 003c 170B0000 		.4byte	.LASF3
  80 0040 74       		.sleb128 -12
  81 0041 03       		.uleb128 0x3
  82 0042 04050000 		.4byte	.LASF4
  83 0046 75       		.sleb128 -11
  84 0047 03       		.uleb128 0x3
  85 0048 BA0D0000 		.4byte	.LASF5
  86 004c 76       		.sleb128 -10
  87 004d 03       		.uleb128 0x3
  88 004e 9F080000 		.4byte	.LASF6
  89 0052 7B       		.sleb128 -5
  90 0053 03       		.uleb128 0x3
  91 0054 850F0000 		.4byte	.LASF7
  92 0058 7C       		.sleb128 -4
  93 0059 03       		.uleb128 0x3
  94 005a 9C0E0000 		.4byte	.LASF8
  95 005e 7E       		.sleb128 -2
  96 005f 03       		.uleb128 0x3
  97 0060 CB070000 		.4byte	.LASF9
  98 0064 7F       		.sleb128 -1
  99 0065 04       		.uleb128 0x4
 100 0066 C0010000 		.4byte	.LASF10
 101 006a 00       		.byte	0
 102 006b 04       		.uleb128 0x4
 103 006c 3E0F0000 		.4byte	.LASF11
 104 0070 01       		.byte	0x1
 105 0071 04       		.uleb128 0x4
 106 0072 1B000000 		.4byte	.LASF12
 107 0076 02       		.byte	0x2
 108 0077 04       		.uleb128 0x4
 109 0078 680E0000 		.4byte	.LASF13
 110 007c 03       		.byte	0x3
 111 007d 04       		.uleb128 0x4
 112 007e 81100000 		.4byte	.LASF14
 113 0082 04       		.byte	0x4
 114 0083 04       		.uleb128 0x4
ARM GAS  C:\Users\kiwamu\AppData\Local\Temp\ccTDnbHf.s 			page 3


 115 0084 89050000 		.4byte	.LASF15
 116 0088 05       		.byte	0x5
 117 0089 04       		.uleb128 0x4
 118 008a 7C070000 		.4byte	.LASF16
 119 008e 06       		.byte	0x6
 120 008f 04       		.uleb128 0x4
 121 0090 A3090000 		.4byte	.LASF17
 122 0094 07       		.byte	0x7
 123 0095 04       		.uleb128 0x4
 124 0096 37120000 		.4byte	.LASF18
 125 009a 08       		.byte	0x8
 126 009b 04       		.uleb128 0x4
 127 009c FC010000 		.4byte	.LASF19
 128 00a0 09       		.byte	0x9
 129 00a1 04       		.uleb128 0x4
 130 00a2 210F0000 		.4byte	.LASF20
 131 00a6 0A       		.byte	0xa
 132 00a7 04       		.uleb128 0x4
 133 00a8 FA0A0000 		.4byte	.LASF21
 134 00ac 0B       		.byte	0xb
 135 00ad 04       		.uleb128 0x4
 136 00ae B1100000 		.4byte	.LASF22
 137 00b2 0C       		.byte	0xc
 138 00b3 04       		.uleb128 0x4
 139 00b4 D7050000 		.4byte	.LASF23
 140 00b8 0D       		.byte	0xd
 141 00b9 04       		.uleb128 0x4
 142 00ba AE070000 		.4byte	.LASF24
 143 00be 0E       		.byte	0xe
 144 00bf 04       		.uleb128 0x4
 145 00c0 1E040000 		.4byte	.LASF25
 146 00c4 0F       		.byte	0xf
 147 00c5 04       		.uleb128 0x4
 148 00c6 1A110000 		.4byte	.LASF26
 149 00ca 10       		.byte	0x10
 150 00cb 04       		.uleb128 0x4
 151 00cc 21030000 		.4byte	.LASF27
 152 00d0 11       		.byte	0x11
 153 00d1 04       		.uleb128 0x4
 154 00d2 87000000 		.4byte	.LASF28
 155 00d6 12       		.byte	0x12
 156 00d7 04       		.uleb128 0x4
 157 00d8 37040000 		.4byte	.LASF29
 158 00dc 13       		.byte	0x13
 159 00dd 04       		.uleb128 0x4
 160 00de 55060000 		.4byte	.LASF30
 161 00e2 14       		.byte	0x14
 162 00e3 04       		.uleb128 0x4
 163 00e4 69110000 		.4byte	.LASF31
 164 00e8 15       		.byte	0x15
 165 00e9 04       		.uleb128 0x4
 166 00ea 73000000 		.4byte	.LASF32
 167 00ee 16       		.byte	0x16
 168 00ef 04       		.uleb128 0x4
 169 00f0 3E050000 		.4byte	.LASF33
 170 00f4 17       		.byte	0x17
 171 00f5 04       		.uleb128 0x4
ARM GAS  C:\Users\kiwamu\AppData\Local\Temp\ccTDnbHf.s 			page 4


 172 00f6 CF000000 		.4byte	.LASF34
 173 00fa 18       		.byte	0x18
 174 00fb 04       		.uleb128 0x4
 175 00fc AA0F0000 		.4byte	.LASF35
 176 0100 19       		.byte	0x19
 177 0101 04       		.uleb128 0x4
 178 0102 F8060000 		.4byte	.LASF36
 179 0106 1A       		.byte	0x1a
 180 0107 04       		.uleb128 0x4
 181 0108 F2080000 		.4byte	.LASF37
 182 010c 1B       		.byte	0x1b
 183 010d 04       		.uleb128 0x4
 184 010e 2C0C0000 		.4byte	.LASF38
 185 0112 1C       		.byte	0x1c
 186 0113 04       		.uleb128 0x4
 187 0114 29010000 		.4byte	.LASF39
 188 0118 1D       		.byte	0x1d
 189 0119 04       		.uleb128 0x4
 190 011a 40090000 		.4byte	.LASF40
 191 011e 1E       		.byte	0x1e
 192 011f 04       		.uleb128 0x4
 193 0120 A5050000 		.4byte	.LASF41
 194 0124 1F       		.byte	0x1f
 195 0125 04       		.uleb128 0x4
 196 0126 CA0D0000 		.4byte	.LASF42
 197 012a 20       		.byte	0x20
 198 012b 04       		.uleb128 0x4
 199 012c FB0F0000 		.4byte	.LASF43
 200 0130 21       		.byte	0x21
 201 0131 04       		.uleb128 0x4
 202 0132 53120000 		.4byte	.LASF44
 203 0136 22       		.byte	0x22
 204 0137 04       		.uleb128 0x4
 205 0138 9B110000 		.4byte	.LASF45
 206 013c 23       		.byte	0x23
 207 013d 04       		.uleb128 0x4
 208 013e 45010000 		.4byte	.LASF46
 209 0142 24       		.byte	0x24
 210 0143 04       		.uleb128 0x4
 211 0144 A6030000 		.4byte	.LASF47
 212 0148 25       		.byte	0x25
 213 0149 04       		.uleb128 0x4
 214 014a E1120000 		.4byte	.LASF48
 215 014e 26       		.byte	0x26
 216 014f 04       		.uleb128 0x4
 217 0150 020E0000 		.4byte	.LASF49
 218 0154 27       		.byte	0x27
 219 0155 04       		.uleb128 0x4
 220 0156 33100000 		.4byte	.LASF50
 221 015a 28       		.byte	0x28
 222 015b 04       		.uleb128 0x4
 223 015c FA000000 		.4byte	.LASF51
 224 0160 29       		.byte	0x29
 225 0161 04       		.uleb128 0x4
 226 0162 12050000 		.4byte	.LASF52
 227 0166 2A       		.byte	0x2a
 228 0167 04       		.uleb128 0x4
ARM GAS  C:\Users\kiwamu\AppData\Local\Temp\ccTDnbHf.s 			page 5


 229 0168 57050000 		.4byte	.LASF53
 230 016c 2B       		.byte	0x2b
 231 016d 04       		.uleb128 0x4
 232 016e A80E0000 		.4byte	.LASF54
 233 0172 2C       		.byte	0x2c
 234 0173 04       		.uleb128 0x4
 235 0174 8E090000 		.4byte	.LASF55
 236 0178 2D       		.byte	0x2d
 237 0179 04       		.uleb128 0x4
 238 017a 37000000 		.4byte	.LASF56
 239 017e 2E       		.byte	0x2e
 240 017f 04       		.uleb128 0x4
 241 0180 0C0F0000 		.4byte	.LASF57
 242 0184 2F       		.byte	0x2f
 243 0185 04       		.uleb128 0x4
 244 0186 CA040000 		.4byte	.LASF58
 245 018a 30       		.byte	0x30
 246 018b 04       		.uleb128 0x4
 247 018c 970F0000 		.4byte	.LASF59
 248 0190 31       		.byte	0x31
 249 0191 04       		.uleb128 0x4
 250 0192 FE100000 		.4byte	.LASF60
 251 0196 32       		.byte	0x32
 252 0197 04       		.uleb128 0x4
 253 0198 9C000000 		.4byte	.LASF61
 254 019c 33       		.byte	0x33
 255 019d 04       		.uleb128 0x4
 256 019e EE020000 		.4byte	.LASF62
 257 01a2 34       		.byte	0x34
 258 01a3 04       		.uleb128 0x4
 259 01a4 DE0A0000 		.4byte	.LASF63
 260 01a8 35       		.byte	0x35
 261 01a9 04       		.uleb128 0x4
 262 01aa 02040000 		.4byte	.LASF64
 263 01ae 36       		.byte	0x36
 264 01af 04       		.uleb128 0x4
 265 01b0 690F0000 		.4byte	.LASF65
 266 01b4 37       		.byte	0x37
 267 01b5 04       		.uleb128 0x4
 268 01b6 8E040000 		.4byte	.LASF66
 269 01ba 38       		.byte	0x38
 270 01bb 04       		.uleb128 0x4
 271 01bc D4110000 		.4byte	.LASF67
 272 01c0 39       		.byte	0x39
 273 01c1 04       		.uleb128 0x4
 274 01c2 83080000 		.4byte	.LASF68
 275 01c6 3A       		.byte	0x3a
 276 01c7 04       		.uleb128 0x4
 277 01c8 AF0B0000 		.4byte	.LASF69
 278 01cc 3B       		.byte	0x3b
 279 01cd 04       		.uleb128 0x4
 280 01ce BB080000 		.4byte	.LASF70
 281 01d2 3C       		.byte	0x3c
 282 01d3 04       		.uleb128 0x4
 283 01d4 F50B0000 		.4byte	.LASF71
 284 01d8 3D       		.byte	0x3d
 285 01d9 04       		.uleb128 0x4
ARM GAS  C:\Users\kiwamu\AppData\Local\Temp\ccTDnbHf.s 			page 6


 286 01da 4B0E0000 		.4byte	.LASF72
 287 01de 3E       		.byte	0x3e
 288 01df 04       		.uleb128 0x4
 289 01e0 BF090000 		.4byte	.LASF73
 290 01e4 3F       		.byte	0x3f
 291 01e5 04       		.uleb128 0x4
 292 01e6 6C050000 		.4byte	.LASF74
 293 01ea 40       		.byte	0x40
 294 01eb 04       		.uleb128 0x4
 295 01ec 5F070000 		.4byte	.LASF75
 296 01f0 41       		.byte	0x41
 297 01f1 04       		.uleb128 0x4
 298 01f2 7C0B0000 		.4byte	.LASF76
 299 01f6 42       		.byte	0x42
 300 01f7 04       		.uleb128 0x4
 301 01f8 E60D0000 		.4byte	.LASF77
 302 01fc 43       		.byte	0x43
 303 01fd 04       		.uleb128 0x4
 304 01fe 17100000 		.4byte	.LASF78
 305 0202 44       		.byte	0x44
 306 0203 04       		.uleb128 0x4
 307 0204 F50C0000 		.4byte	.LASF79
 308 0208 45       		.byte	0x45
 309 0209 04       		.uleb128 0x4
 310 020a 14070000 		.4byte	.LASF80
 311 020e 46       		.byte	0x46
 312 020f 04       		.uleb128 0x4
 313 0210 0E090000 		.4byte	.LASF81
 314 0214 47       		.byte	0x47
 315 0215 04       		.uleb128 0x4
 316 0216 B8110000 		.4byte	.LASF82
 317 021a 48       		.byte	0x48
 318 021b 04       		.uleb128 0x4
 319 021c 8A030000 		.4byte	.LASF83
 320 0220 49       		.byte	0x49
 321 0221 04       		.uleb128 0x4
 322 0222 C3030000 		.4byte	.LASF84
 323 0226 4A       		.byte	0x4a
 324 0227 04       		.uleb128 0x4
 325 0228 D2020000 		.4byte	.LASF85
 326 022c 4B       		.byte	0x4b
 327 022d 04       		.uleb128 0x4
 328 022e 4C110000 		.4byte	.LASF86
 329 0232 4C       		.byte	0x4c
 330 0233 04       		.uleb128 0x4
 331 0234 3E0D0000 		.4byte	.LASF87
 332 0238 4D       		.byte	0x4d
 333 0239 04       		.uleb128 0x4
 334 023a E1100000 		.4byte	.LASF88
 335 023e 4E       		.byte	0x4e
 336 023f 04       		.uleb128 0x4
 337 0240 26060000 		.4byte	.LASF89
 338 0244 4F       		.byte	0x4f
 339 0245 04       		.uleb128 0x4
 340 0246 D8070000 		.4byte	.LASF90
 341 024a 50       		.byte	0x50
 342 024b 04       		.uleb128 0x4
ARM GAS  C:\Users\kiwamu\AppData\Local\Temp\ccTDnbHf.s 			page 7


 343 024c A50A0000 		.4byte	.LASF91
 344 0250 51       		.byte	0x51
 345 0251 04       		.uleb128 0x4
 346 0252 A2060000 		.4byte	.LASF92
 347 0256 52       		.byte	0x52
 348 0257 04       		.uleb128 0x4
 349 0258 45080000 		.4byte	.LASF93
 350 025c 53       		.byte	0x53
 351 025d 04       		.uleb128 0x4
 352 025e 82020000 		.4byte	.LASF94
 353 0262 54       		.byte	0x54
 354 0263 04       		.uleb128 0x4
 355 0264 30070000 		.4byte	.LASF95
 356 0268 55       		.byte	0x55
 357 0269 04       		.uleb128 0x4
 358 026a 17120000 		.4byte	.LASF96
 359 026e 56       		.byte	0x56
 360 026f 04       		.uleb128 0x4
 361 0270 DC010000 		.4byte	.LASF97
 362 0274 57       		.byte	0x57
 363 0275 04       		.uleb128 0x4
 364 0276 A90C0000 		.4byte	.LASF98
 365 027a 58       		.byte	0x58
 366 027b 04       		.uleb128 0x4
 367 027c AA040000 		.4byte	.LASF99
 368 0280 59       		.byte	0x59
 369 0281 04       		.uleb128 0x4
 370 0282 32110000 		.4byte	.LASF100
 371 0286 5A       		.byte	0x5a
 372 0287 04       		.uleb128 0x4
 373 0288 71060000 		.4byte	.LASF101
 374 028c 5B       		.byte	0x5b
 375 028d 04       		.uleb128 0x4
 376 028e 10080000 		.4byte	.LASF102
 377 0292 5C       		.byte	0x5c
 378 0293 04       		.uleb128 0x4
 379 0294 2D0B0000 		.4byte	.LASF103
 380 0298 5D       		.byte	0x5d
 381 0299 04       		.uleb128 0x4
 382 029a 59000000 		.4byte	.LASF104
 383 029e 5E       		.byte	0x5e
 384 029f 04       		.uleb128 0x4
 385 02a0 B8020000 		.4byte	.LASF105
 386 02a4 5F       		.byte	0x5f
 387 02a5 04       		.uleb128 0x4
 388 02a6 DF040000 		.4byte	.LASF106
 389 02aa 60       		.byte	0x60
 390 02ab 04       		.uleb128 0x4
 391 02ac 110D0000 		.4byte	.LASF107
 392 02b0 61       		.byte	0x61
 393 02b1 04       		.uleb128 0x4
 394 02b2 37030000 		.4byte	.LASF108
 395 02b6 62       		.byte	0x62
 396 02b7 04       		.uleb128 0x4
 397 02b8 620B0000 		.4byte	.LASF109
 398 02bc 63       		.byte	0x63
 399 02bd 04       		.uleb128 0x4
ARM GAS  C:\Users\kiwamu\AppData\Local\Temp\ccTDnbHf.s 			page 8


 400 02be A00D0000 		.4byte	.LASF110
 401 02c2 64       		.byte	0x64
 402 02c3 04       		.uleb128 0x4
 403 02c4 E10F0000 		.4byte	.LASF111
 404 02c8 65       		.byte	0x65
 405 02c9 04       		.uleb128 0x4
 406 02ca FD110000 		.4byte	.LASF112
 407 02ce 66       		.byte	0x66
 408 02cf 04       		.uleb128 0x4
 409 02d0 DE060000 		.4byte	.LASF113
 410 02d4 67       		.byte	0x67
 411 02d5 04       		.uleb128 0x4
 412 02d6 D8080000 		.4byte	.LASF114
 413 02da 68       		.byte	0x68
 414 02db 04       		.uleb128 0x4
 415 02dc 120C0000 		.4byte	.LASF115
 416 02e0 69       		.byte	0x69
 417 02e1 04       		.uleb128 0x4
 418 02e2 0F010000 		.4byte	.LASF116
 419 02e6 6A       		.byte	0x6a
 420 02e7 04       		.uleb128 0x4
 421 02e8 5A030000 		.4byte	.LASF117
 422 02ec 6B       		.byte	0x6b
 423 02ed 04       		.uleb128 0x4
 424 02ee A5010000 		.4byte	.LASF118
 425 02f2 6C       		.byte	0x6c
 426 02f3 04       		.uleb128 0x4
 427 02f4 E7030000 		.4byte	.LASF119
 428 02f8 6D       		.byte	0x6d
 429 02f9 04       		.uleb128 0x4
 430 02fa 0B060000 		.4byte	.LASF120
 431 02fe 6E       		.byte	0x6e
 432 02ff 04       		.uleb128 0x4
 433 0300 2A080000 		.4byte	.LASF121
 434 0304 6F       		.byte	0x6f
 435 0305 04       		.uleb128 0x4
 436 0306 66100000 		.4byte	.LASF122
 437 030a 70       		.byte	0x70
 438 030b 04       		.uleb128 0x4
 439 030c 00000000 		.4byte	.LASF123
 440 0310 71       		.byte	0x71
 441 0311 04       		.uleb128 0x4
 442 0312 67020000 		.4byte	.LASF124
 443 0316 72       		.byte	0x72
 444 0317 04       		.uleb128 0x4
 445 0318 73090000 		.4byte	.LASF125
 446 031c 73       		.byte	0x73
 447 031d 04       		.uleb128 0x4
 448 031e DA0C0000 		.4byte	.LASF126
 449 0322 74       		.byte	0x74
 450 0323 04       		.uleb128 0x4
 451 0324 F10E0000 		.4byte	.LASF127
 452 0328 75       		.byte	0x75
 453 0329 04       		.uleb128 0x4
 454 032a 470B0000 		.4byte	.LASF128
 455 032e 76       		.byte	0x76
 456 032f 04       		.uleb128 0x4
ARM GAS  C:\Users\kiwamu\AppData\Local\Temp\ccTDnbHf.s 			page 9


 457 0330 7C0D0000 		.4byte	.LASF129
 458 0334 77       		.byte	0x77
 459 0335 04       		.uleb128 0x4
 460 0336 C60F0000 		.4byte	.LASF130
 461 033a 78       		.byte	0x78
 462 033b 04       		.uleb128 0x4
 463 033c F5070000 		.4byte	.LASF131
 464 0340 79       		.byte	0x79
 465 0341 04       		.uleb128 0x4
 466 0342 62010000 		.4byte	.LASF132
 467 0346 7A       		.byte	0x7a
 468 0347 04       		.uleb128 0x4
 469 0348 E4000000 		.4byte	.LASF133
 470 034c 7B       		.byte	0x7b
 471 034d 04       		.uleb128 0x4
 472 034e C1050000 		.4byte	.LASF134
 473 0352 7C       		.byte	0x7c
 474 0353 04       		.uleb128 0x4
 475 0354 98070000 		.4byte	.LASF135
 476 0358 7D       		.byte	0x7d
 477 0359 04       		.uleb128 0x4
 478 035a 50100000 		.4byte	.LASF136
 479 035e 7E       		.byte	0x7e
 480 035f 04       		.uleb128 0x4
 481 0360 CB120000 		.4byte	.LASF137
 482 0364 7F       		.byte	0x7f
 483 0365 04       		.uleb128 0x4
 484 0366 31020000 		.4byte	.LASF138
 485 036a 80       		.byte	0x80
 486 036b 04       		.uleb128 0x4
 487 036c 2A090000 		.4byte	.LASF139
 488 0370 81       		.byte	0x81
 489 0371 04       		.uleb128 0x4
 490 0372 780C0000 		.4byte	.LASF140
 491 0376 82       		.byte	0x82
 492 0377 04       		.uleb128 0x4
 493 0378 BD0E0000 		.4byte	.LASF141
 494 037c 83       		.byte	0x83
 495 037d 04       		.uleb128 0x4
 496 037e 6C080000 		.4byte	.LASF142
 497 0382 84       		.byte	0x84
 498 0383 04       		.uleb128 0x4
 499 0384 980B0000 		.4byte	.LASF143
 500 0388 85       		.byte	0x85
 501 0389 04       		.uleb128 0x4
 502 038a B8000000 		.4byte	.LASF144
 503 038e 86       		.byte	0x86
 504 038f 04       		.uleb128 0x4
 505 0390 0A030000 		.4byte	.LASF145
 506 0394 87       		.byte	0x87
 507 0395 04       		.uleb128 0x4
 508 0396 27050000 		.4byte	.LASF146
 509 039a 88       		.byte	0x88
 510 039b 04       		.uleb128 0x4
 511 039c 5B0D0000 		.4byte	.LASF147
 512 03a0 89       		.byte	0x89
 513 03a1 04       		.uleb128 0x4
ARM GAS  C:\Users\kiwamu\AppData\Local\Temp\ccTDnbHf.s 			page 10


 514 03a2 840E0000 		.4byte	.LASF148
 515 03a6 8A       		.byte	0x8a
 516 03a7 04       		.uleb128 0x4
 517 03a8 73040000 		.4byte	.LASF149
 518 03ac 8B       		.byte	0x8b
 519 03ad 04       		.uleb128 0x4
 520 03ae 1F0E0000 		.4byte	.LASF150
 521 03b2 8C       		.byte	0x8c
 522 03b3 04       		.uleb128 0x4
 523 03b4 48070000 		.4byte	.LASF151
 524 03b8 8D       		.byte	0x8d
 525 03b9 04       		.uleb128 0x4
 526 03ba 9D100000 		.4byte	.LASF152
 527 03be 8E       		.byte	0x8e
 528 03bf 04       		.uleb128 0x4
 529 03c0 C20A0000 		.4byte	.LASF153
 530 03c4 8F       		.byte	0x8f
 531 03c5 04       		.uleb128 0x4
 532 03c6 8B060000 		.4byte	.LASF154
 533 03ca 90       		.byte	0x90
 534 03cb 04       		.uleb128 0x4
 535 03cc 8F010000 		.4byte	.LASF155
 536 03d0 91       		.byte	0x91
 537 03d1 04       		.uleb128 0x4
 538 03d2 18020000 		.4byte	.LASF156
 539 03d6 92       		.byte	0x92
 540 03d7 04       		.uleb128 0x4
 541 03d8 8E0C0000 		.4byte	.LASF157
 542 03dc F0       		.byte	0xf0
 543 03dd 00       		.byte	0
 544 03de 05       		.uleb128 0x5
 545 03df 02       		.byte	0x2
 546 03e0 05       		.byte	0x5
 547 03e1 9F0C0000 		.4byte	.LASF158
 548 03e5 06       		.uleb128 0x6
 549 03e6 720D0000 		.4byte	.LASF162
 550 03ea 01       		.byte	0x1
 551 03eb F4       		.byte	0xf4
 552 03ec 1D000000 		.4byte	0x1d
 553 03f0 05       		.uleb128 0x5
 554 03f1 01       		.byte	0x1
 555 03f2 06       		.byte	0x6
 556 03f3 AC020000 		.4byte	.LASF159
 557 03f7 05       		.uleb128 0x5
 558 03f8 01       		.byte	0x1
 559 03f9 08       		.byte	0x8
 560 03fa E70B0000 		.4byte	.LASF160
 561 03fe 05       		.uleb128 0x5
 562 03ff 02       		.byte	0x2
 563 0400 07       		.byte	0x7
 564 0401 CB060000 		.4byte	.LASF161
 565 0405 06       		.uleb128 0x6
 566 0406 E70E0000 		.4byte	.LASF163
 567 040a 02       		.byte	0x2
 568 040b 3F       		.byte	0x3f
 569 040c 10040000 		.4byte	0x410
 570 0410 05       		.uleb128 0x5
ARM GAS  C:\Users\kiwamu\AppData\Local\Temp\ccTDnbHf.s 			page 11


 571 0411 04       		.byte	0x4
 572 0412 05       		.byte	0x5
 573 0413 51030000 		.4byte	.LASF164
 574 0417 06       		.uleb128 0x6
 575 0418 F9040000 		.4byte	.LASF165
 576 041c 02       		.byte	0x2
 577 041d 41       		.byte	0x41
 578 041e 22040000 		.4byte	0x422
 579 0422 05       		.uleb128 0x5
 580 0423 04       		.byte	0x4
 581 0424 07       		.byte	0x7
 582 0425 43060000 		.4byte	.LASF166
 583 0429 05       		.uleb128 0x5
 584 042a 08       		.byte	0x8
 585 042b 05       		.byte	0x5
 586 042c 9E020000 		.4byte	.LASF167
 587 0430 05       		.uleb128 0x5
 588 0431 08       		.byte	0x8
 589 0432 07       		.byte	0x7
 590 0433 78010000 		.4byte	.LASF168
 591 0437 07       		.uleb128 0x7
 592 0438 04       		.byte	0x4
 593 0439 05       		.byte	0x5
 594 043a 696E7400 		.ascii	"int\000"
 595 043e 05       		.uleb128 0x5
 596 043f 04       		.byte	0x4
 597 0440 07       		.byte	0x7
 598 0441 550C0000 		.4byte	.LASF169
 599 0445 06       		.uleb128 0x6
 600 0446 DF0B0000 		.4byte	.LASF170
 601 044a 03       		.byte	0x3
 602 044b 2C       		.byte	0x2c
 603 044c 05040000 		.4byte	0x405
 604 0450 06       		.uleb128 0x6
 605 0451 970D0000 		.4byte	.LASF171
 606 0455 03       		.byte	0x3
 607 0456 30       		.byte	0x30
 608 0457 17040000 		.4byte	0x417
 609 045b 05       		.uleb128 0x5
 610 045c 04       		.byte	0x4
 611 045d 07       		.byte	0x7
 612 045e 63080000 		.4byte	.LASF172
 613 0462 05       		.uleb128 0x5
 614 0463 08       		.byte	0x8
 615 0464 04       		.byte	0x4
 616 0465 3A0E0000 		.4byte	.LASF173
 617 0469 08       		.uleb128 0x8
 618 046a CB0B0000 		.4byte	.LASF174
 619 046e 04       		.byte	0x4
 620 046f 9C01     		.2byte	0x19c
 621 0471 75040000 		.4byte	0x475
 622 0475 09       		.uleb128 0x9
 623 0476 04       		.byte	0x4
 624 0477 7B040000 		.4byte	0x47b
 625 047b 0A       		.uleb128 0xa
 626 047c 05       		.uleb128 0x5
 627 047d 01       		.byte	0x1
ARM GAS  C:\Users\kiwamu\AppData\Local\Temp\ccTDnbHf.s 			page 12


 628 047e 08       		.byte	0x8
 629 047f 460E0000 		.4byte	.LASF175
 630 0483 05       		.uleb128 0x5
 631 0484 04       		.byte	0x4
 632 0485 04       		.byte	0x4
 633 0486 D80A0000 		.4byte	.LASF176
 634 048a 05       		.uleb128 0x5
 635 048b 08       		.byte	0x8
 636 048c 04       		.byte	0x4
 637 048d 53040000 		.4byte	.LASF177
 638 0491 0B       		.uleb128 0xb
 639 0492 08       		.byte	0x8
 640 0493 05       		.byte	0x5
 641 0494 E5       		.byte	0xe5
 642 0495 B2040000 		.4byte	0x4b2
 643 0499 0C       		.uleb128 0xc
 644 049a DF030000 		.4byte	.LASF178
 645 049e 05       		.byte	0x5
 646 049f E6       		.byte	0xe6
 647 04a0 E5030000 		.4byte	0x3e5
 648 04a4 00       		.byte	0
 649 04a5 0C       		.uleb128 0xc
 650 04a6 F0110000 		.4byte	.LASF179
 651 04aa 05       		.byte	0x5
 652 04ab EA       		.byte	0xea
 653 04ac 50040000 		.4byte	0x450
 654 04b0 04       		.byte	0x4
 655 04b1 00       		.byte	0
 656 04b2 06       		.uleb128 0x6
 657 04b3 AB080000 		.4byte	.LASF180
 658 04b7 05       		.byte	0x5
 659 04b8 EB       		.byte	0xeb
 660 04b9 91040000 		.4byte	0x491
 661 04bd 06       		.uleb128 0x6
 662 04be 5A040000 		.4byte	.LASF181
 663 04c2 06       		.byte	0x6
 664 04c3 7B       		.byte	0x7b
 665 04c4 75040000 		.4byte	0x475
 666 04c8 0B       		.uleb128 0xb
 667 04c9 30       		.byte	0x30
 668 04ca 06       		.byte	0x6
 669 04cb 7E       		.byte	0x7e
 670 04cc 3D050000 		.4byte	0x53d
 671 04d0 0C       		.uleb128 0xc
 672 04d1 C0060000 		.4byte	.LASF182
 673 04d5 06       		.byte	0x6
 674 04d6 81       		.byte	0x81
 675 04d7 50040000 		.4byte	0x450
 676 04db 00       		.byte	0
 677 04dc 0C       		.uleb128 0xc
 678 04dd 5C090000 		.4byte	.LASF183
 679 04e1 06       		.byte	0x6
 680 04e2 85       		.byte	0x85
 681 04e3 50040000 		.4byte	0x450
 682 04e7 04       		.byte	0x4
 683 04e8 0C       		.uleb128 0xc
 684 04e9 F4050000 		.4byte	.LASF184
ARM GAS  C:\Users\kiwamu\AppData\Local\Temp\ccTDnbHf.s 			page 13


 685 04ed 06       		.byte	0x6
 686 04ee 89       		.byte	0x89
 687 04ef 50040000 		.4byte	0x450
 688 04f3 08       		.byte	0x8
 689 04f4 0C       		.uleb128 0xc
 690 04f5 74030000 		.4byte	.LASF185
 691 04f9 06       		.byte	0x6
 692 04fa 8D       		.byte	0x8d
 693 04fb B2040000 		.4byte	0x4b2
 694 04ff 0C       		.byte	0xc
 695 0500 0C       		.uleb128 0xc
 696 0501 47020000 		.4byte	.LASF186
 697 0505 06       		.byte	0x6
 698 0506 92       		.byte	0x92
 699 0507 BD040000 		.4byte	0x4bd
 700 050b 14       		.byte	0x14
 701 050c 0C       		.uleb128 0xc
 702 050d CE100000 		.4byte	.LASF187
 703 0511 06       		.byte	0x6
 704 0512 A1       		.byte	0xa1
 705 0513 69040000 		.4byte	0x469
 706 0517 18       		.byte	0x18
 707 0518 0C       		.uleb128 0xc
 708 0519 C90C0000 		.4byte	.LASF188
 709 051d 06       		.byte	0x6
 710 051e AA       		.byte	0xaa
 711 051f 69040000 		.4byte	0x469
 712 0523 1C       		.byte	0x1c
 713 0524 0C       		.uleb128 0xc
 714 0525 620C0000 		.4byte	.LASF189
 715 0529 06       		.byte	0x6
 716 052a AE       		.byte	0xae
 717 052b B2040000 		.4byte	0x4b2
 718 052f 20       		.byte	0x20
 719 0530 0C       		.uleb128 0xc
 720 0531 DC090000 		.4byte	.LASF190
 721 0535 06       		.byte	0x6
 722 0536 B2       		.byte	0xb2
 723 0537 B2040000 		.4byte	0x4b2
 724 053b 28       		.byte	0x28
 725 053c 00       		.byte	0
 726 053d 06       		.uleb128 0x6
 727 053e 84110000 		.4byte	.LASF191
 728 0542 06       		.byte	0x6
 729 0543 B5       		.byte	0xb5
 730 0544 C8040000 		.4byte	0x4c8
 731 0548 05       		.uleb128 0x5
 732 0549 01       		.byte	0x1
 733 054a 02       		.byte	0x2
 734 054b D90B0000 		.4byte	.LASF192
 735 054f 0D       		.uleb128 0xd
 736 0550 480C0000 		.4byte	.LASF193
 737 0554 07       		.byte	0x7
 738 0555 EA07     		.2byte	0x7ea
 739 0557 5B050000 		.4byte	0x55b
 740 055b 0E       		.uleb128 0xe
 741 055c 45040000 		.4byte	0x445
ARM GAS  C:\Users\kiwamu\AppData\Local\Temp\ccTDnbHf.s 			page 14


 742 0560 0F       		.uleb128 0xf
 743 0561 4C000000 		.4byte	.LASF194
 744 0565 08       		.byte	0x8
 745 0566 17       		.byte	0x17
 746 0567 71050000 		.4byte	0x571
 747 056b 05       		.uleb128 0x5
 748 056c 03       		.byte	0x3
 749 056d 00000000 		.4byte	cryptoConfig
 750 0571 10       		.uleb128 0x10
 751 0572 3D050000 		.4byte	0x53d
 752 0576 00       		.byte	0
 753              		.section	.debug_abbrev,"",%progbits
 754              	.Ldebug_abbrev0:
 755 0000 01       		.uleb128 0x1
 756 0001 11       		.uleb128 0x11
 757 0002 01       		.byte	0x1
 758 0003 25       		.uleb128 0x25
 759 0004 0E       		.uleb128 0xe
 760 0005 13       		.uleb128 0x13
 761 0006 0B       		.uleb128 0xb
 762 0007 03       		.uleb128 0x3
 763 0008 0E       		.uleb128 0xe
 764 0009 1B       		.uleb128 0x1b
 765 000a 0E       		.uleb128 0xe
 766 000b 10       		.uleb128 0x10
 767 000c 17       		.uleb128 0x17
 768 000d 00       		.byte	0
 769 000e 00       		.byte	0
 770 000f 02       		.uleb128 0x2
 771 0010 04       		.uleb128 0x4
 772 0011 01       		.byte	0x1
 773 0012 0B       		.uleb128 0xb
 774 0013 0B       		.uleb128 0xb
 775 0014 49       		.uleb128 0x49
 776 0015 13       		.uleb128 0x13
 777 0016 3A       		.uleb128 0x3a
 778 0017 0B       		.uleb128 0xb
 779 0018 3B       		.uleb128 0x3b
 780 0019 0B       		.uleb128 0xb
 781 001a 01       		.uleb128 0x1
 782 001b 13       		.uleb128 0x13
 783 001c 00       		.byte	0
 784 001d 00       		.byte	0
 785 001e 03       		.uleb128 0x3
 786 001f 28       		.uleb128 0x28
 787 0020 00       		.byte	0
 788 0021 03       		.uleb128 0x3
 789 0022 0E       		.uleb128 0xe
 790 0023 1C       		.uleb128 0x1c
 791 0024 0D       		.uleb128 0xd
 792 0025 00       		.byte	0
 793 0026 00       		.byte	0
 794 0027 04       		.uleb128 0x4
 795 0028 28       		.uleb128 0x28
 796 0029 00       		.byte	0
 797 002a 03       		.uleb128 0x3
 798 002b 0E       		.uleb128 0xe
ARM GAS  C:\Users\kiwamu\AppData\Local\Temp\ccTDnbHf.s 			page 15


 799 002c 1C       		.uleb128 0x1c
 800 002d 0B       		.uleb128 0xb
 801 002e 00       		.byte	0
 802 002f 00       		.byte	0
 803 0030 05       		.uleb128 0x5
 804 0031 24       		.uleb128 0x24
 805 0032 00       		.byte	0
 806 0033 0B       		.uleb128 0xb
 807 0034 0B       		.uleb128 0xb
 808 0035 3E       		.uleb128 0x3e
 809 0036 0B       		.uleb128 0xb
 810 0037 03       		.uleb128 0x3
 811 0038 0E       		.uleb128 0xe
 812 0039 00       		.byte	0
 813 003a 00       		.byte	0
 814 003b 06       		.uleb128 0x6
 815 003c 16       		.uleb128 0x16
 816 003d 00       		.byte	0
 817 003e 03       		.uleb128 0x3
 818 003f 0E       		.uleb128 0xe
 819 0040 3A       		.uleb128 0x3a
 820 0041 0B       		.uleb128 0xb
 821 0042 3B       		.uleb128 0x3b
 822 0043 0B       		.uleb128 0xb
 823 0044 49       		.uleb128 0x49
 824 0045 13       		.uleb128 0x13
 825 0046 00       		.byte	0
 826 0047 00       		.byte	0
 827 0048 07       		.uleb128 0x7
 828 0049 24       		.uleb128 0x24
 829 004a 00       		.byte	0
 830 004b 0B       		.uleb128 0xb
 831 004c 0B       		.uleb128 0xb
 832 004d 3E       		.uleb128 0x3e
 833 004e 0B       		.uleb128 0xb
 834 004f 03       		.uleb128 0x3
 835 0050 08       		.uleb128 0x8
 836 0051 00       		.byte	0
 837 0052 00       		.byte	0
 838 0053 08       		.uleb128 0x8
 839 0054 16       		.uleb128 0x16
 840 0055 00       		.byte	0
 841 0056 03       		.uleb128 0x3
 842 0057 0E       		.uleb128 0xe
 843 0058 3A       		.uleb128 0x3a
 844 0059 0B       		.uleb128 0xb
 845 005a 3B       		.uleb128 0x3b
 846 005b 05       		.uleb128 0x5
 847 005c 49       		.uleb128 0x49
 848 005d 13       		.uleb128 0x13
 849 005e 00       		.byte	0
 850 005f 00       		.byte	0
 851 0060 09       		.uleb128 0x9
 852 0061 0F       		.uleb128 0xf
 853 0062 00       		.byte	0
 854 0063 0B       		.uleb128 0xb
 855 0064 0B       		.uleb128 0xb
ARM GAS  C:\Users\kiwamu\AppData\Local\Temp\ccTDnbHf.s 			page 16


 856 0065 49       		.uleb128 0x49
 857 0066 13       		.uleb128 0x13
 858 0067 00       		.byte	0
 859 0068 00       		.byte	0
 860 0069 0A       		.uleb128 0xa
 861 006a 15       		.uleb128 0x15
 862 006b 00       		.byte	0
 863 006c 27       		.uleb128 0x27
 864 006d 19       		.uleb128 0x19
 865 006e 00       		.byte	0
 866 006f 00       		.byte	0
 867 0070 0B       		.uleb128 0xb
 868 0071 13       		.uleb128 0x13
 869 0072 01       		.byte	0x1
 870 0073 0B       		.uleb128 0xb
 871 0074 0B       		.uleb128 0xb
 872 0075 3A       		.uleb128 0x3a
 873 0076 0B       		.uleb128 0xb
 874 0077 3B       		.uleb128 0x3b
 875 0078 0B       		.uleb128 0xb
 876 0079 01       		.uleb128 0x1
 877 007a 13       		.uleb128 0x13
 878 007b 00       		.byte	0
 879 007c 00       		.byte	0
 880 007d 0C       		.uleb128 0xc
 881 007e 0D       		.uleb128 0xd
 882 007f 00       		.byte	0
 883 0080 03       		.uleb128 0x3
 884 0081 0E       		.uleb128 0xe
 885 0082 3A       		.uleb128 0x3a
 886 0083 0B       		.uleb128 0xb
 887 0084 3B       		.uleb128 0x3b
 888 0085 0B       		.uleb128 0xb
 889 0086 49       		.uleb128 0x49
 890 0087 13       		.uleb128 0x13
 891 0088 38       		.uleb128 0x38
 892 0089 0B       		.uleb128 0xb
 893 008a 00       		.byte	0
 894 008b 00       		.byte	0
 895 008c 0D       		.uleb128 0xd
 896 008d 34       		.uleb128 0x34
 897 008e 00       		.byte	0
 898 008f 03       		.uleb128 0x3
 899 0090 0E       		.uleb128 0xe
 900 0091 3A       		.uleb128 0x3a
 901 0092 0B       		.uleb128 0xb
 902 0093 3B       		.uleb128 0x3b
 903 0094 05       		.uleb128 0x5
 904 0095 49       		.uleb128 0x49
 905 0096 13       		.uleb128 0x13
 906 0097 3F       		.uleb128 0x3f
 907 0098 19       		.uleb128 0x19
 908 0099 3C       		.uleb128 0x3c
 909 009a 19       		.uleb128 0x19
 910 009b 00       		.byte	0
 911 009c 00       		.byte	0
 912 009d 0E       		.uleb128 0xe
ARM GAS  C:\Users\kiwamu\AppData\Local\Temp\ccTDnbHf.s 			page 17


 913 009e 35       		.uleb128 0x35
 914 009f 00       		.byte	0
 915 00a0 49       		.uleb128 0x49
 916 00a1 13       		.uleb128 0x13
 917 00a2 00       		.byte	0
 918 00a3 00       		.byte	0
 919 00a4 0F       		.uleb128 0xf
 920 00a5 34       		.uleb128 0x34
 921 00a6 00       		.byte	0
 922 00a7 03       		.uleb128 0x3
 923 00a8 0E       		.uleb128 0xe
 924 00a9 3A       		.uleb128 0x3a
 925 00aa 0B       		.uleb128 0xb
 926 00ab 3B       		.uleb128 0x3b
 927 00ac 0B       		.uleb128 0xb
 928 00ad 49       		.uleb128 0x49
 929 00ae 13       		.uleb128 0x13
 930 00af 3F       		.uleb128 0x3f
 931 00b0 19       		.uleb128 0x19
 932 00b1 02       		.uleb128 0x2
 933 00b2 18       		.uleb128 0x18
 934 00b3 00       		.byte	0
 935 00b4 00       		.byte	0
 936 00b5 10       		.uleb128 0x10
 937 00b6 26       		.uleb128 0x26
 938 00b7 00       		.byte	0
 939 00b8 49       		.uleb128 0x49
 940 00b9 13       		.uleb128 0x13
 941 00ba 00       		.byte	0
 942 00bb 00       		.byte	0
 943 00bc 00       		.byte	0
 944              		.section	.debug_aranges,"",%progbits
 945 0000 14000000 		.4byte	0x14
 946 0004 0200     		.2byte	0x2
 947 0006 00000000 		.4byte	.Ldebug_info0
 948 000a 04       		.byte	0x4
 949 000b 00       		.byte	0
 950 000c 0000     		.2byte	0
 951 000e 0000     		.2byte	0
 952 0010 00000000 		.4byte	0
 953 0014 00000000 		.4byte	0
 954              		.section	.debug_line,"",%progbits
 955              	.Ldebug_line0:
 956 0000 85020000 		.section	.debug_str,"MS",%progbits,1
 956      02007F02 
 956      00000201 
 956      FB0E0D00 
 956      01010101 
 957              	.LASF123:
 958 0000 74637077 		.ascii	"tcpwm_1_interrupts_15_IRQn\000"
 958      6D5F315F 
 958      696E7465 
 958      72727570 
 958      74735F31 
 959              	.LASF12:
 960 001b 696F7373 		.ascii	"ioss_interrupts_gpio_2_IRQn\000"
 960      5F696E74 
ARM GAS  C:\Users\kiwamu\AppData\Local\Temp\ccTDnbHf.s 			page 18


 960      65727275 
 960      7074735F 
 960      6770696F 
 961              	.LASF56:
 962 0037 7363625F 		.ascii	"scb_5_interrupt_IRQn\000"
 962      355F696E 
 962      74657272 
 962      7570745F 
 962      4952516E 
 963              	.LASF194:
 964 004c 63727970 		.ascii	"cryptoConfig\000"
 964      746F436F 
 964      6E666967 
 964      00
 965              	.LASF104:
 966 0059 74637077 		.ascii	"tcpwm_0_interrupts_4_IRQn\000"
 966      6D5F305F 
 966      696E7465 
 966      72727570 
 966      74735F34 
 967              	.LASF32:
 968 0073 73727373 		.ascii	"srss_interrupt_IRQn\000"
 968      5F696E74 
 968      65727275 
 968      70745F49 
 968      52516E00 
 969              	.LASF28:
 970 0087 7363625F 		.ascii	"scb_8_interrupt_IRQn\000"
 970      385F696E 
 970      74657272 
 970      7570745F 
 970      4952516E 
 971              	.LASF61:
 972 009c 63707573 		.ascii	"cpuss_interrupts_dw0_1_IRQn\000"
 972      735F696E 
 972      74657272 
 972      75707473 
 972      5F647730 
 973              	.LASF144:
 974 00b8 7564625F 		.ascii	"udb_interrupts_12_IRQn\000"
 974      696E7465 
 974      72727570 
 974      74735F31 
 974      325F4952 
 975              	.LASF34:
 976 00cf 626C6573 		.ascii	"bless_interrupt_IRQn\000"
 976      735F696E 
 976      74657272 
 976      7570745F 
 976      4952516E 
 977              	.LASF133:
 978 00e4 7564625F 		.ascii	"udb_interrupts_1_IRQn\000"
 978      696E7465 
 978      72727570 
 978      74735F31 
 978      5F495251 
 979              	.LASF51:
ARM GAS  C:\Users\kiwamu\AppData\Local\Temp\ccTDnbHf.s 			page 19


 980 00fa 7363625F 		.ascii	"scb_0_interrupt_IRQn\000"
 980      305F696E 
 980      74657272 
 980      7570745F 
 980      4952516E 
 981              	.LASF116:
 982 010f 74637077 		.ascii	"tcpwm_1_interrupts_8_IRQn\000"
 982      6D5F315F 
 982      696E7465 
 982      72727570 
 982      74735F38 
 983              	.LASF39:
 984 0129 63707573 		.ascii	"cpuss_interrupts_ipc_4_IRQn\000"
 984      735F696E 
 984      74657272 
 984      75707473 
 984      5F697063 
 985              	.LASF46:
 986 0145 63707573 		.ascii	"cpuss_interrupts_ipc_11_IRQn\000"
 986      735F696E 
 986      74657272 
 986      75707473 
 986      5F697063 
 987              	.LASF132:
 988 0162 7564625F 		.ascii	"udb_interrupts_0_IRQn\000"
 988      696E7465 
 988      72727570 
 988      74735F30 
 988      5F495251 
 989              	.LASF168:
 990 0178 6C6F6E67 		.ascii	"long long unsigned int\000"
 990      206C6F6E 
 990      6720756E 
 990      7369676E 
 990      65642069 
 991              	.LASF155:
 992 018f 7573625F 		.ascii	"usb_interrupt_lo_IRQn\000"
 992      696E7465 
 992      72727570 
 992      745F6C6F 
 992      5F495251 
 993              	.LASF118:
 994 01a5 74637077 		.ascii	"tcpwm_1_interrupts_10_IRQn\000"
 994      6D5F315F 
 994      696E7465 
 994      72727570 
 994      74735F31 
 995              	.LASF10:
 996 01c0 696F7373 		.ascii	"ioss_interrupts_gpio_0_IRQn\000"
 996      5F696E74 
 996      65727275 
 996      7074735F 
 996      6770696F 
 997              	.LASF97:
 998 01dc 63707573 		.ascii	"cpuss_interrupts_cm0_cti_1_IRQn\000"
 998      735F696E 
 998      74657272 
ARM GAS  C:\Users\kiwamu\AppData\Local\Temp\ccTDnbHf.s 			page 20


 998      75707473 
 998      5F636D30 
 999              	.LASF19:
 1000 01fc 696F7373 		.ascii	"ioss_interrupts_gpio_9_IRQn\000"
 1000      5F696E74 
 1000      65727275 
 1000      7074735F 
 1000      6770696F 
 1001              	.LASF156:
 1002 0218 70617373 		.ascii	"pass_interrupt_dacs_IRQn\000"
 1002      5F696E74 
 1002      65727275 
 1002      70745F64 
 1002      6163735F 
 1003              	.LASF138:
 1004 0231 7564625F 		.ascii	"udb_interrupts_6_IRQn\000"
 1004      696E7465 
 1004      72727570 
 1004      74735F36 
 1004      5F495251 
 1005              	.LASF186:
 1006 0247 75736572 		.ascii	"userCompleteCallback\000"
 1006      436F6D70 
 1006      6C657465 
 1006      43616C6C 
 1006      6261636B 
 1007              	.LASF0:
 1008 025c 52657365 		.ascii	"Reset_IRQn\000"
 1008      745F4952 
 1008      516E00
 1009              	.LASF124:
 1010 0267 74637077 		.ascii	"tcpwm_1_interrupts_16_IRQn\000"
 1010      6D5F315F 
 1010      696E7465 
 1010      72727570 
 1010      74735F31 
 1011              	.LASF94:
 1012 0282 63707573 		.ascii	"cpuss_interrupt_crypto_IRQn\000"
 1012      735F696E 
 1012      74657272 
 1012      7570745F 
 1012      63727970 
 1013              	.LASF167:
 1014 029e 6C6F6E67 		.ascii	"long long int\000"
 1014      206C6F6E 
 1014      6720696E 
 1014      7400
 1015              	.LASF159:
 1016 02ac 7369676E 		.ascii	"signed char\000"
 1016      65642063 
 1016      68617200 
 1017              	.LASF105:
 1018 02b8 74637077 		.ascii	"tcpwm_0_interrupts_5_IRQn\000"
 1018      6D5F305F 
 1018      696E7465 
 1018      72727570 
 1018      74735F35 
ARM GAS  C:\Users\kiwamu\AppData\Local\Temp\ccTDnbHf.s 			page 21


 1019              	.LASF85:
 1020 02d2 63707573 		.ascii	"cpuss_interrupts_dw1_9_IRQn\000"
 1020      735F696E 
 1020      74657272 
 1020      75707473 
 1020      5F647731 
 1021              	.LASF62:
 1022 02ee 63707573 		.ascii	"cpuss_interrupts_dw0_2_IRQn\000"
 1022      735F696E 
 1022      74657272 
 1022      75707473 
 1022      5F647730 
 1023              	.LASF145:
 1024 030a 7564625F 		.ascii	"udb_interrupts_13_IRQn\000"
 1024      696E7465 
 1024      72727570 
 1024      74735F31 
 1024      335F4952 
 1025              	.LASF27:
 1026 0321 6C70636F 		.ascii	"lpcomp_interrupt_IRQn\000"
 1026      6D705F69 
 1026      6E746572 
 1026      72757074 
 1026      5F495251 
 1027              	.LASF108:
 1028 0337 74637077 		.ascii	"tcpwm_1_interrupts_0_IRQn\000"
 1028      6D5F315F 
 1028      696E7465 
 1028      72727570 
 1028      74735F30 
 1029              	.LASF164:
 1030 0351 6C6F6E67 		.ascii	"long int\000"
 1030      20696E74 
 1030      00
 1031              	.LASF117:
 1032 035a 74637077 		.ascii	"tcpwm_1_interrupts_9_IRQn\000"
 1032      6D5F315F 
 1032      696E7465 
 1032      72727570 
 1032      74735F39 
 1033              	.LASF185:
 1034 0374 72656C65 		.ascii	"releaseNotifierConfig\000"
 1034      6173654E 
 1034      6F746966 
 1034      69657243 
 1034      6F6E6669 
 1035              	.LASF83:
 1036 038a 63707573 		.ascii	"cpuss_interrupts_dw1_7_IRQn\000"
 1036      735F696E 
 1036      74657272 
 1036      75707473 
 1036      5F647731 
 1037              	.LASF47:
 1038 03a6 63707573 		.ascii	"cpuss_interrupts_ipc_12_IRQn\000"
 1038      735F696E 
 1038      74657272 
 1038      75707473 
ARM GAS  C:\Users\kiwamu\AppData\Local\Temp\ccTDnbHf.s 			page 22


 1038      5F697063 
 1039              	.LASF84:
 1040 03c3 63707573 		.ascii	"cpuss_interrupts_dw1_8_IRQn\000"
 1040      735F696E 
 1040      74657272 
 1040      75707473 
 1040      5F647731 
 1041              	.LASF178:
 1042 03df 696E7472 		.ascii	"intrSrc\000"
 1042      53726300 
 1043              	.LASF119:
 1044 03e7 74637077 		.ascii	"tcpwm_1_interrupts_11_IRQn\000"
 1044      6D5F315F 
 1044      696E7465 
 1044      72727570 
 1044      74735F31 
 1045              	.LASF64:
 1046 0402 63707573 		.ascii	"cpuss_interrupts_dw0_4_IRQn\000"
 1046      735F696E 
 1046      74657272 
 1046      75707473 
 1046      5F647730 
 1047              	.LASF25:
 1048 041e 696F7373 		.ascii	"ioss_interrupt_gpio_IRQn\000"
 1048      5F696E74 
 1048      65727275 
 1048      70745F67 
 1048      70696F5F 
 1049              	.LASF29:
 1050 0437 73727373 		.ascii	"srss_interrupt_mcwdt_0_IRQn\000"
 1050      5F696E74 
 1050      65727275 
 1050      70745F6D 
 1050      63776474 
 1051              	.LASF177:
 1052 0453 646F7562 		.ascii	"double\000"
 1052      6C6500
 1053              	.LASF181:
 1054 045a 63795F63 		.ascii	"cy_crypto_callback_ptr_t\000"
 1054      72797074 
 1054      6F5F6361 
 1054      6C6C6261 
 1054      636B5F70 
 1055              	.LASF149:
 1056 0473 61756469 		.ascii	"audioss_interrupt_i2s_IRQn\000"
 1056      6F73735F 
 1056      696E7465 
 1056      72727570 
 1056      745F6932 
 1057              	.LASF66:
 1058 048e 63707573 		.ascii	"cpuss_interrupts_dw0_6_IRQn\000"
 1058      735F696E 
 1058      74657272 
 1058      75707473 
 1058      5F647730 
 1059              	.LASF99:
 1060 04aa 63707573 		.ascii	"cpuss_interrupts_cm4_cti_1_IRQn\000"
ARM GAS  C:\Users\kiwamu\AppData\Local\Temp\ccTDnbHf.s 			page 23


 1060      735F696E 
 1060      74657272 
 1060      75707473 
 1060      5F636D34 
 1061              	.LASF58:
 1062 04ca 7363625F 		.ascii	"scb_7_interrupt_IRQn\000"
 1062      375F696E 
 1062      74657272 
 1062      7570745F 
 1062      4952516E 
 1063              	.LASF106:
 1064 04df 74637077 		.ascii	"tcpwm_0_interrupts_6_IRQn\000"
 1064      6D5F305F 
 1064      696E7465 
 1064      72727570 
 1064      74735F36 
 1065              	.LASF165:
 1066 04f9 5F5F7569 		.ascii	"__uint32_t\000"
 1066      6E743332 
 1066      5F7400
 1067              	.LASF4:
 1068 0504 42757346 		.ascii	"BusFault_IRQn\000"
 1068      61756C74 
 1068      5F495251 
 1068      6E00
 1069              	.LASF52:
 1070 0512 7363625F 		.ascii	"scb_1_interrupt_IRQn\000"
 1070      315F696E 
 1070      74657272 
 1070      7570745F 
 1070      4952516E 
 1071              	.LASF146:
 1072 0527 7564625F 		.ascii	"udb_interrupts_14_IRQn\000"
 1072      696E7465 
 1072      72727570 
 1072      74735F31 
 1072      345F4952 
 1073              	.LASF33:
 1074 053e 70617373 		.ascii	"pass_interrupt_ctbs_IRQn\000"
 1074      5F696E74 
 1074      65727275 
 1074      70745F63 
 1074      7462735F 
 1075              	.LASF53:
 1076 0557 7363625F 		.ascii	"scb_2_interrupt_IRQn\000"
 1076      325F696E 
 1076      74657272 
 1076      7570745F 
 1076      4952516E 
 1077              	.LASF74:
 1078 056c 63707573 		.ascii	"cpuss_interrupts_dw0_14_IRQn\000"
 1078      735F696E 
 1078      74657272 
 1078      75707473 
 1078      5F647730 
 1079              	.LASF15:
 1080 0589 696F7373 		.ascii	"ioss_interrupts_gpio_5_IRQn\000"
ARM GAS  C:\Users\kiwamu\AppData\Local\Temp\ccTDnbHf.s 			page 24


 1080      5F696E74 
 1080      65727275 
 1080      7074735F 
 1080      6770696F 
 1081              	.LASF41:
 1082 05a5 63707573 		.ascii	"cpuss_interrupts_ipc_6_IRQn\000"
 1082      735F696E 
 1082      74657272 
 1082      75707473 
 1082      5F697063 
 1083              	.LASF134:
 1084 05c1 7564625F 		.ascii	"udb_interrupts_2_IRQn\000"
 1084      696E7465 
 1084      72727570 
 1084      74735F32 
 1084      5F495251 
 1085              	.LASF23:
 1086 05d7 696F7373 		.ascii	"ioss_interrupts_gpio_13_IRQn\000"
 1086      5F696E74 
 1086      65727275 
 1086      7074735F 
 1086      6770696F 
 1087              	.LASF184:
 1088 05f4 72656C65 		.ascii	"releaseNotifierChannel\000"
 1088      6173654E 
 1088      6F746966 
 1088      69657243 
 1088      68616E6E 
 1089              	.LASF120:
 1090 060b 74637077 		.ascii	"tcpwm_1_interrupts_12_IRQn\000"
 1090      6D5F315F 
 1090      696E7465 
 1090      72727570 
 1090      74735F31 
 1091              	.LASF89:
 1092 0626 63707573 		.ascii	"cpuss_interrupts_dw1_13_IRQn\000"
 1092      735F696E 
 1092      74657272 
 1092      75707473 
 1092      5F647731 
 1093              	.LASF166:
 1094 0643 6C6F6E67 		.ascii	"long unsigned int\000"
 1094      20756E73 
 1094      69676E65 
 1094      6420696E 
 1094      7400
 1095              	.LASF30:
 1096 0655 73727373 		.ascii	"srss_interrupt_mcwdt_1_IRQn\000"
 1096      5F696E74 
 1096      65727275 
 1096      70745F6D 
 1096      63776474 
 1097              	.LASF101:
 1098 0671 74637077 		.ascii	"tcpwm_0_interrupts_1_IRQn\000"
 1098      6D5F305F 
 1098      696E7465 
 1098      72727570 
ARM GAS  C:\Users\kiwamu\AppData\Local\Temp\ccTDnbHf.s 			page 25


 1098      74735F31 
 1099              	.LASF154:
 1100 068b 7573625F 		.ascii	"usb_interrupt_med_IRQn\000"
 1100      696E7465 
 1100      72727570 
 1100      745F6D65 
 1100      645F4952 
 1101              	.LASF92:
 1102 06a2 63707573 		.ascii	"cpuss_interrupts_fault_0_IRQn\000"
 1102      735F696E 
 1102      74657272 
 1102      75707473 
 1102      5F666175 
 1103              	.LASF182:
 1104 06c0 69706343 		.ascii	"ipcChannel\000"
 1104      68616E6E 
 1104      656C00
 1105              	.LASF161:
 1106 06cb 73686F72 		.ascii	"short unsigned int\000"
 1106      7420756E 
 1106      7369676E 
 1106      65642069 
 1106      6E7400
 1107              	.LASF113:
 1108 06de 74637077 		.ascii	"tcpwm_1_interrupts_5_IRQn\000"
 1108      6D5F315F 
 1108      696E7465 
 1108      72727570 
 1108      74735F35 
 1109              	.LASF36:
 1110 06f8 63707573 		.ascii	"cpuss_interrupts_ipc_1_IRQn\000"
 1110      735F696E 
 1110      74657272 
 1110      75707473 
 1110      5F697063 
 1111              	.LASF80:
 1112 0714 63707573 		.ascii	"cpuss_interrupts_dw1_4_IRQn\000"
 1112      735F696E 
 1112      74657272 
 1112      75707473 
 1112      5F647731 
 1113              	.LASF95:
 1114 0730 63707573 		.ascii	"cpuss_interrupt_fm_IRQn\000"
 1114      735F696E 
 1114      74657272 
 1114      7570745F 
 1114      666D5F49 
 1115              	.LASF151:
 1116 0748 70726F66 		.ascii	"profile_interrupt_IRQn\000"
 1116      696C655F 
 1116      696E7465 
 1116      72727570 
 1116      745F4952 
 1117              	.LASF75:
 1118 075f 63707573 		.ascii	"cpuss_interrupts_dw0_15_IRQn\000"
 1118      735F696E 
 1118      74657272 
ARM GAS  C:\Users\kiwamu\AppData\Local\Temp\ccTDnbHf.s 			page 26


 1118      75707473 
 1118      5F647730 
 1119              	.LASF16:
 1120 077c 696F7373 		.ascii	"ioss_interrupts_gpio_6_IRQn\000"
 1120      5F696E74 
 1120      65727275 
 1120      7074735F 
 1120      6770696F 
 1121              	.LASF135:
 1122 0798 7564625F 		.ascii	"udb_interrupts_3_IRQn\000"
 1122      696E7465 
 1122      72727570 
 1122      74735F33 
 1122      5F495251 
 1123              	.LASF24:
 1124 07ae 696F7373 		.ascii	"ioss_interrupts_gpio_14_IRQn\000"
 1124      5F696E74 
 1124      65727275 
 1124      7074735F 
 1124      6770696F 
 1125              	.LASF9:
 1126 07cb 53797354 		.ascii	"SysTick_IRQn\000"
 1126      69636B5F 
 1126      4952516E 
 1126      00
 1127              	.LASF90:
 1128 07d8 63707573 		.ascii	"cpuss_interrupts_dw1_14_IRQn\000"
 1128      735F696E 
 1128      74657272 
 1128      75707473 
 1128      5F647731 
 1129              	.LASF131:
 1130 07f5 74637077 		.ascii	"tcpwm_1_interrupts_23_IRQn\000"
 1130      6D5F315F 
 1130      696E7465 
 1130      72727570 
 1130      74735F32 
 1131              	.LASF102:
 1132 0810 74637077 		.ascii	"tcpwm_0_interrupts_2_IRQn\000"
 1132      6D5F305F 
 1132      696E7465 
 1132      72727570 
 1132      74735F32 
 1133              	.LASF121:
 1134 082a 74637077 		.ascii	"tcpwm_1_interrupts_13_IRQn\000"
 1134      6D5F315F 
 1134      696E7465 
 1134      72727570 
 1134      74735F31 
 1135              	.LASF93:
 1136 0845 63707573 		.ascii	"cpuss_interrupts_fault_1_IRQn\000"
 1136      735F696E 
 1136      74657272 
 1136      75707473 
 1136      5F666175 
 1137              	.LASF172:
 1138 0863 73697A65 		.ascii	"sizetype\000"
ARM GAS  C:\Users\kiwamu\AppData\Local\Temp\ccTDnbHf.s 			page 27


 1138      74797065 
 1138      00
 1139              	.LASF142:
 1140 086c 7564625F 		.ascii	"udb_interrupts_10_IRQn\000"
 1140      696E7465 
 1140      72727570 
 1140      74735F31 
 1140      305F4952 
 1141              	.LASF68:
 1142 0883 63707573 		.ascii	"cpuss_interrupts_dw0_8_IRQn\000"
 1142      735F696E 
 1142      74657272 
 1142      75707473 
 1142      5F647730 
 1143              	.LASF6:
 1144 089f 53564361 		.ascii	"SVCall_IRQn\000"
 1144      6C6C5F49 
 1144      52516E00 
 1145              	.LASF180:
 1146 08ab 63795F73 		.ascii	"cy_stc_sysint_t\000"
 1146      74635F73 
 1146      7973696E 
 1146      745F7400 
 1147              	.LASF70:
 1148 08bb 63707573 		.ascii	"cpuss_interrupts_dw0_10_IRQn\000"
 1148      735F696E 
 1148      74657272 
 1148      75707473 
 1148      5F647730 
 1149              	.LASF114:
 1150 08d8 74637077 		.ascii	"tcpwm_1_interrupts_6_IRQn\000"
 1150      6D5F315F 
 1150      696E7465 
 1150      72727570 
 1150      74735F36 
 1151              	.LASF37:
 1152 08f2 63707573 		.ascii	"cpuss_interrupts_ipc_2_IRQn\000"
 1152      735F696E 
 1152      74657272 
 1152      75707473 
 1152      5F697063 
 1153              	.LASF81:
 1154 090e 63707573 		.ascii	"cpuss_interrupts_dw1_5_IRQn\000"
 1154      735F696E 
 1154      74657272 
 1154      75707473 
 1154      5F647731 
 1155              	.LASF139:
 1156 092a 7564625F 		.ascii	"udb_interrupts_7_IRQn\000"
 1156      696E7465 
 1156      72727570 
 1156      74735F37 
 1156      5F495251 
 1157              	.LASF40:
 1158 0940 63707573 		.ascii	"cpuss_interrupts_ipc_5_IRQn\000"
 1158      735F696E 
 1158      74657272 
ARM GAS  C:\Users\kiwamu\AppData\Local\Temp\ccTDnbHf.s 			page 28


 1158      75707473 
 1158      5F697063 
 1159              	.LASF183:
 1160 095c 61637175 		.ascii	"acquireNotifierChannel\000"
 1160      6972654E 
 1160      6F746966 
 1160      69657243 
 1160      68616E6E 
 1161              	.LASF125:
 1162 0973 74637077 		.ascii	"tcpwm_1_interrupts_17_IRQn\000"
 1162      6D5F315F 
 1162      696E7465 
 1162      72727570 
 1162      74735F31 
 1163              	.LASF55:
 1164 098e 7363625F 		.ascii	"scb_4_interrupt_IRQn\000"
 1164      345F696E 
 1164      74657272 
 1164      7570745F 
 1164      4952516E 
 1165              	.LASF17:
 1166 09a3 696F7373 		.ascii	"ioss_interrupts_gpio_7_IRQn\000"
 1166      5F696E74 
 1166      65727275 
 1166      7074735F 
 1166      6770696F 
 1167              	.LASF73:
 1168 09bf 63707573 		.ascii	"cpuss_interrupts_dw0_13_IRQn\000"
 1168      735F696E 
 1168      74657272 
 1168      75707473 
 1168      5F647730 
 1169              	.LASF190:
 1170 09dc 63727970 		.ascii	"cryptoErrorIntrConfig\000"
 1170      746F4572 
 1170      726F7249 
 1170      6E747243 
 1170      6F6E6669 
 1171              	.LASF195:
 1172 09f2 474E5520 		.ascii	"GNU C11 5.4.1 20160609 (release) [ARM/embedded-5-br"
 1172      43313120 
 1172      352E342E 
 1172      31203230 
 1172      31363036 
 1173 0a25 616E6368 		.ascii	"anch revision 237715] -mcpu=cortex-m4 -mfloat-abi=s"
 1173      20726576 
 1173      6973696F 
 1173      6E203233 
 1173      37373135 
 1174 0a58 6F667466 		.ascii	"oftfp -mfpu=fpv4-sp-d16 -mthumb -g -Og -ffunction-s"
 1174      70202D6D 
 1174      6670753D 
 1174      66707634 
 1174      2D73702D 
 1175 0a8b 65637469 		.ascii	"ections -ffat-lto-objects\000"
 1175      6F6E7320 
 1175      2D666661 
ARM GAS  C:\Users\kiwamu\AppData\Local\Temp\ccTDnbHf.s 			page 29


 1175      742D6C74 
 1175      6F2D6F62 
 1176              	.LASF91:
 1177 0aa5 63707573 		.ascii	"cpuss_interrupts_dw1_15_IRQn\000"
 1177      735F696E 
 1177      74657272 
 1177      75707473 
 1177      5F647731 
 1178              	.LASF153:
 1179 0ac2 7573625F 		.ascii	"usb_interrupt_hi_IRQn\000"
 1179      696E7465 
 1179      72727570 
 1179      745F6869 
 1179      5F495251 
 1180              	.LASF176:
 1181 0ad8 666C6F61 		.ascii	"float\000"
 1181      7400
 1182              	.LASF63:
 1183 0ade 63707573 		.ascii	"cpuss_interrupts_dw0_3_IRQn\000"
 1183      735F696E 
 1183      74657272 
 1183      75707473 
 1183      5F647730 
 1184              	.LASF21:
 1185 0afa 696F7373 		.ascii	"ioss_interrupts_gpio_11_IRQn\000"
 1185      5F696E74 
 1185      65727275 
 1185      7074735F 
 1185      6770696F 
 1186              	.LASF3:
 1187 0b17 4D656D6F 		.ascii	"MemoryManagement_IRQn\000"
 1187      72794D61 
 1187      6E616765 
 1187      6D656E74 
 1187      5F495251 
 1188              	.LASF103:
 1189 0b2d 74637077 		.ascii	"tcpwm_0_interrupts_3_IRQn\000"
 1189      6D5F305F 
 1189      696E7465 
 1189      72727570 
 1189      74735F33 
 1190              	.LASF128:
 1191 0b47 74637077 		.ascii	"tcpwm_1_interrupts_20_IRQn\000"
 1191      6D5F315F 
 1191      696E7465 
 1191      72727570 
 1191      74735F32 
 1192              	.LASF109:
 1193 0b62 74637077 		.ascii	"tcpwm_1_interrupts_1_IRQn\000"
 1193      6D5F315F 
 1193      696E7465 
 1193      72727570 
 1193      74735F31 
 1194              	.LASF76:
 1195 0b7c 63707573 		.ascii	"cpuss_interrupts_dw1_0_IRQn\000"
 1195      735F696E 
 1195      74657272 
ARM GAS  C:\Users\kiwamu\AppData\Local\Temp\ccTDnbHf.s 			page 30


 1195      75707473 
 1195      5F647731 
 1196              	.LASF143:
 1197 0b98 7564625F 		.ascii	"udb_interrupts_11_IRQn\000"
 1197      696E7465 
 1197      72727570 
 1197      74735F31 
 1197      315F4952 
 1198              	.LASF69:
 1199 0baf 63707573 		.ascii	"cpuss_interrupts_dw0_9_IRQn\000"
 1199      735F696E 
 1199      74657272 
 1199      75707473 
 1199      5F647730 
 1200              	.LASF174:
 1201 0bcb 63795F69 		.ascii	"cy_israddress\000"
 1201      73726164 
 1201      64726573 
 1201      7300
 1202              	.LASF192:
 1203 0bd9 5F426F6F 		.ascii	"_Bool\000"
 1203      6C00
 1204              	.LASF170:
 1205 0bdf 696E7433 		.ascii	"int32_t\000"
 1205      325F7400 
 1206              	.LASF160:
 1207 0be7 756E7369 		.ascii	"unsigned char\000"
 1207      676E6564 
 1207      20636861 
 1207      7200
 1208              	.LASF71:
 1209 0bf5 63707573 		.ascii	"cpuss_interrupts_dw0_11_IRQn\000"
 1209      735F696E 
 1209      74657272 
 1209      75707473 
 1209      5F647730 
 1210              	.LASF115:
 1211 0c12 74637077 		.ascii	"tcpwm_1_interrupts_7_IRQn\000"
 1211      6D5F315F 
 1211      696E7465 
 1211      72727570 
 1211      74735F37 
 1212              	.LASF38:
 1213 0c2c 63707573 		.ascii	"cpuss_interrupts_ipc_3_IRQn\000"
 1213      735F696E 
 1213      74657272 
 1213      75707473 
 1213      5F697063 
 1214              	.LASF193:
 1215 0c48 49544D5F 		.ascii	"ITM_RxBuffer\000"
 1215      52784275 
 1215      66666572 
 1215      00
 1216              	.LASF169:
 1217 0c55 756E7369 		.ascii	"unsigned int\000"
 1217      676E6564 
 1217      20696E74 
ARM GAS  C:\Users\kiwamu\AppData\Local\Temp\ccTDnbHf.s 			page 31


 1217      00
 1218              	.LASF189:
 1219 0c62 61637175 		.ascii	"acquireNotifierConfig\000"
 1219      6972654E 
 1219      6F746966 
 1219      69657243 
 1219      6F6E6669 
 1220              	.LASF140:
 1221 0c78 7564625F 		.ascii	"udb_interrupts_8_IRQn\000"
 1221      696E7465 
 1221      72727570 
 1221      74735F38 
 1221      5F495251 
 1222              	.LASF157:
 1223 0c8e 756E636F 		.ascii	"unconnected_IRQn\000"
 1223      6E6E6563 
 1223      7465645F 
 1223      4952516E 
 1223      00
 1224              	.LASF158:
 1225 0c9f 73686F72 		.ascii	"short int\000"
 1225      7420696E 
 1225      7400
 1226              	.LASF98:
 1227 0ca9 63707573 		.ascii	"cpuss_interrupts_cm4_cti_0_IRQn\000"
 1227      735F696E 
 1227      74657272 
 1227      75707473 
 1227      5F636D34 
 1228              	.LASF188:
 1229 0cc9 75736572 		.ascii	"userErrorHandler\000"
 1229      4572726F 
 1229      7248616E 
 1229      646C6572 
 1229      00
 1230              	.LASF126:
 1231 0cda 74637077 		.ascii	"tcpwm_1_interrupts_18_IRQn\000"
 1231      6D5F315F 
 1231      696E7465 
 1231      72727570 
 1231      74735F31 
 1232              	.LASF79:
 1233 0cf5 63707573 		.ascii	"cpuss_interrupts_dw1_3_IRQn\000"
 1233      735F696E 
 1233      74657272 
 1233      75707473 
 1233      5F647731 
 1234              	.LASF107:
 1235 0d11 74637077 		.ascii	"tcpwm_0_interrupts_7_IRQn\000"
 1235      6D5F305F 
 1235      696E7465 
 1235      72727570 
 1235      74735F37 
 1236              	.LASF196:
 1237 0d2b 63795F63 		.ascii	"cy_crypto_config.c\000"
 1237      72797074 
 1237      6F5F636F 
ARM GAS  C:\Users\kiwamu\AppData\Local\Temp\ccTDnbHf.s 			page 32


 1237      6E666967 
 1237      2E6300
 1238              	.LASF87:
 1239 0d3e 63707573 		.ascii	"cpuss_interrupts_dw1_11_IRQn\000"
 1239      735F696E 
 1239      74657272 
 1239      75707473 
 1239      5F647731 
 1240              	.LASF147:
 1241 0d5b 7564625F 		.ascii	"udb_interrupts_15_IRQn\000"
 1241      696E7465 
 1241      72727570 
 1241      74735F31 
 1241      355F4952 
 1242              	.LASF162:
 1243 0d72 4952516E 		.ascii	"IRQn_Type\000"
 1243      5F547970 
 1243      6500
 1244              	.LASF129:
 1245 0d7c 74637077 		.ascii	"tcpwm_1_interrupts_21_IRQn\000"
 1245      6D5F315F 
 1245      696E7465 
 1245      72727570 
 1245      74735F32 
 1246              	.LASF171:
 1247 0d97 75696E74 		.ascii	"uint32_t\000"
 1247      33325F74 
 1247      00
 1248              	.LASF110:
 1249 0da0 74637077 		.ascii	"tcpwm_1_interrupts_2_IRQn\000"
 1249      6D5F315F 
 1249      696E7465 
 1249      72727570 
 1249      74735F32 
 1250              	.LASF5:
 1251 0dba 55736167 		.ascii	"UsageFault_IRQn\000"
 1251      65466175 
 1251      6C745F49 
 1251      52516E00 
 1252              	.LASF42:
 1253 0dca 63707573 		.ascii	"cpuss_interrupts_ipc_7_IRQn\000"
 1253      735F696E 
 1253      74657272 
 1253      75707473 
 1253      5F697063 
 1254              	.LASF77:
 1255 0de6 63707573 		.ascii	"cpuss_interrupts_dw1_1_IRQn\000"
 1255      735F696E 
 1255      74657272 
 1255      75707473 
 1255      5F647731 
 1256              	.LASF49:
 1257 0e02 63707573 		.ascii	"cpuss_interrupts_ipc_14_IRQn\000"
 1257      735F696E 
 1257      74657272 
 1257      75707473 
 1257      5F697063 
ARM GAS  C:\Users\kiwamu\AppData\Local\Temp\ccTDnbHf.s 			page 33


 1258              	.LASF150:
 1259 0e1f 61756469 		.ascii	"audioss_interrupt_pdm_IRQn\000"
 1259      6F73735F 
 1259      696E7465 
 1259      72727570 
 1259      745F7064 
 1260              	.LASF173:
 1261 0e3a 6C6F6E67 		.ascii	"long double\000"
 1261      20646F75 
 1261      626C6500 
 1262              	.LASF175:
 1263 0e46 63686172 		.ascii	"char\000"
 1263      00
 1264              	.LASF72:
 1265 0e4b 63707573 		.ascii	"cpuss_interrupts_dw0_12_IRQn\000"
 1265      735F696E 
 1265      74657272 
 1265      75707473 
 1265      5F647730 
 1266              	.LASF13:
 1267 0e68 696F7373 		.ascii	"ioss_interrupts_gpio_3_IRQn\000"
 1267      5F696E74 
 1267      65727275 
 1267      7074735F 
 1267      6770696F 
 1268              	.LASF148:
 1269 0e84 70617373 		.ascii	"pass_interrupt_sar_IRQn\000"
 1269      5F696E74 
 1269      65727275 
 1269      70745F73 
 1269      61725F49 
 1270              	.LASF8:
 1271 0e9c 50656E64 		.ascii	"PendSV_IRQn\000"
 1271      53565F49 
 1271      52516E00 
 1272              	.LASF54:
 1273 0ea8 7363625F 		.ascii	"scb_3_interrupt_IRQn\000"
 1273      335F696E 
 1273      74657272 
 1273      7570745F 
 1273      4952516E 
 1274              	.LASF141:
 1275 0ebd 7564625F 		.ascii	"udb_interrupts_9_IRQn\000"
 1275      696E7465 
 1275      72727570 
 1275      74735F39 
 1275      5F495251 
 1276              	.LASF1:
 1277 0ed3 4E6F6E4D 		.ascii	"NonMaskableInt_IRQn\000"
 1277      61736B61 
 1277      626C6549 
 1277      6E745F49 
 1277      52516E00 
 1278              	.LASF163:
 1279 0ee7 5F5F696E 		.ascii	"__int32_t\000"
 1279      7433325F 
 1279      7400
ARM GAS  C:\Users\kiwamu\AppData\Local\Temp\ccTDnbHf.s 			page 34


 1280              	.LASF127:
 1281 0ef1 74637077 		.ascii	"tcpwm_1_interrupts_19_IRQn\000"
 1281      6D5F315F 
 1281      696E7465 
 1281      72727570 
 1281      74735F31 
 1282              	.LASF57:
 1283 0f0c 7363625F 		.ascii	"scb_6_interrupt_IRQn\000"
 1283      365F696E 
 1283      74657272 
 1283      7570745F 
 1283      4952516E 
 1284              	.LASF20:
 1285 0f21 696F7373 		.ascii	"ioss_interrupts_gpio_10_IRQn\000"
 1285      5F696E74 
 1285      65727275 
 1285      7074735F 
 1285      6770696F 
 1286              	.LASF11:
 1287 0f3e 696F7373 		.ascii	"ioss_interrupts_gpio_1_IRQn\000"
 1287      5F696E74 
 1287      65727275 
 1287      7074735F 
 1287      6770696F 
 1288              	.LASF2:
 1289 0f5a 48617264 		.ascii	"HardFault_IRQn\000"
 1289      4661756C 
 1289      745F4952 
 1289      516E00
 1290              	.LASF65:
 1291 0f69 63707573 		.ascii	"cpuss_interrupts_dw0_5_IRQn\000"
 1291      735F696E 
 1291      74657272 
 1291      75707473 
 1291      5F647730 
 1292              	.LASF7:
 1293 0f85 44656275 		.ascii	"DebugMonitor_IRQn\000"
 1293      674D6F6E 
 1293      69746F72 
 1293      5F495251 
 1293      6E00
 1294              	.LASF59:
 1295 0f97 6373645F 		.ascii	"csd_interrupt_IRQn\000"
 1295      696E7465 
 1295      72727570 
 1295      745F4952 
 1295      516E00
 1296              	.LASF35:
 1297 0faa 63707573 		.ascii	"cpuss_interrupts_ipc_0_IRQn\000"
 1297      735F696E 
 1297      74657272 
 1297      75707473 
 1297      5F697063 
 1298              	.LASF130:
 1299 0fc6 74637077 		.ascii	"tcpwm_1_interrupts_22_IRQn\000"
 1299      6D5F315F 
 1299      696E7465 
ARM GAS  C:\Users\kiwamu\AppData\Local\Temp\ccTDnbHf.s 			page 35


 1299      72727570 
 1299      74735F32 
 1300              	.LASF111:
 1301 0fe1 74637077 		.ascii	"tcpwm_1_interrupts_3_IRQn\000"
 1301      6D5F315F 
 1301      696E7465 
 1301      72727570 
 1301      74735F33 
 1302              	.LASF43:
 1303 0ffb 63707573 		.ascii	"cpuss_interrupts_ipc_8_IRQn\000"
 1303      735F696E 
 1303      74657272 
 1303      75707473 
 1303      5F697063 
 1304              	.LASF78:
 1305 1017 63707573 		.ascii	"cpuss_interrupts_dw1_2_IRQn\000"
 1305      735F696E 
 1305      74657272 
 1305      75707473 
 1305      5F647731 
 1306              	.LASF50:
 1307 1033 63707573 		.ascii	"cpuss_interrupts_ipc_15_IRQn\000"
 1307      735F696E 
 1307      74657272 
 1307      75707473 
 1307      5F697063 
 1308              	.LASF136:
 1309 1050 7564625F 		.ascii	"udb_interrupts_4_IRQn\000"
 1309      696E7465 
 1309      72727570 
 1309      74735F34 
 1309      5F495251 
 1310              	.LASF122:
 1311 1066 74637077 		.ascii	"tcpwm_1_interrupts_14_IRQn\000"
 1311      6D5F315F 
 1311      696E7465 
 1311      72727570 
 1311      74735F31 
 1312              	.LASF14:
 1313 1081 696F7373 		.ascii	"ioss_interrupts_gpio_4_IRQn\000"
 1313      5F696E74 
 1313      65727275 
 1313      7074735F 
 1313      6770696F 
 1314              	.LASF152:
 1315 109d 736D6966 		.ascii	"smif_interrupt_IRQn\000"
 1315      5F696E74 
 1315      65727275 
 1315      70745F49 
 1315      52516E00 
 1316              	.LASF22:
 1317 10b1 696F7373 		.ascii	"ioss_interrupts_gpio_12_IRQn\000"
 1317      5F696E74 
 1317      65727275 
 1317      7074735F 
 1317      6770696F 
 1318              	.LASF187:
ARM GAS  C:\Users\kiwamu\AppData\Local\Temp\ccTDnbHf.s 			page 36


 1319 10ce 75736572 		.ascii	"userGetDataHandler\000"
 1319      47657444 
 1319      61746148 
 1319      616E646C 
 1319      657200
 1320              	.LASF88:
 1321 10e1 63707573 		.ascii	"cpuss_interrupts_dw1_12_IRQn\000"
 1321      735F696E 
 1321      74657272 
 1321      75707473 
 1321      5F647731 
 1322              	.LASF60:
 1323 10fe 63707573 		.ascii	"cpuss_interrupts_dw0_0_IRQn\000"
 1323      735F696E 
 1323      74657272 
 1323      75707473 
 1323      5F647730 
 1324              	.LASF26:
 1325 111a 696F7373 		.ascii	"ioss_interrupt_vdd_IRQn\000"
 1325      5F696E74 
 1325      65727275 
 1325      70745F76 
 1325      64645F49 
 1326              	.LASF100:
 1327 1132 74637077 		.ascii	"tcpwm_0_interrupts_0_IRQn\000"
 1327      6D5F305F 
 1327      696E7465 
 1327      72727570 
 1327      74735F30 
 1328              	.LASF86:
 1329 114c 63707573 		.ascii	"cpuss_interrupts_dw1_10_IRQn\000"
 1329      735F696E 
 1329      74657272 
 1329      75707473 
 1329      5F647731 
 1330              	.LASF31:
 1331 1169 73727373 		.ascii	"srss_interrupt_backup_IRQn\000"
 1331      5F696E74 
 1331      65727275 
 1331      70745F62 
 1331      61636B75 
 1332              	.LASF191:
 1333 1184 63795F73 		.ascii	"cy_stc_crypto_config_t\000"
 1333      74635F63 
 1333      72797074 
 1333      6F5F636F 
 1333      6E666967 
 1334              	.LASF45:
 1335 119b 63707573 		.ascii	"cpuss_interrupts_ipc_10_IRQn\000"
 1335      735F696E 
 1335      74657272 
 1335      75707473 
 1335      5F697063 
 1336              	.LASF82:
 1337 11b8 63707573 		.ascii	"cpuss_interrupts_dw1_6_IRQn\000"
 1337      735F696E 
 1337      74657272 
ARM GAS  C:\Users\kiwamu\AppData\Local\Temp\ccTDnbHf.s 			page 37


 1337      75707473 
 1337      5F647731 
 1338              	.LASF67:
 1339 11d4 63707573 		.ascii	"cpuss_interrupts_dw0_7_IRQn\000"
 1339      735F696E 
 1339      74657272 
 1339      75707473 
 1339      5F647730 
 1340              	.LASF179:
 1341 11f0 696E7472 		.ascii	"intrPriority\000"
 1341      5072696F 
 1341      72697479 
 1341      00
 1342              	.LASF112:
 1343 11fd 74637077 		.ascii	"tcpwm_1_interrupts_4_IRQn\000"
 1343      6D5F315F 
 1343      696E7465 
 1343      72727570 
 1343      74735F34 
 1344              	.LASF96:
 1345 1217 63707573 		.ascii	"cpuss_interrupts_cm0_cti_0_IRQn\000"
 1345      735F696E 
 1345      74657272 
 1345      75707473 
 1345      5F636D30 
 1346              	.LASF18:
 1347 1237 696F7373 		.ascii	"ioss_interrupts_gpio_8_IRQn\000"
 1347      5F696E74 
 1347      65727275 
 1347      7074735F 
 1347      6770696F 
 1348              	.LASF44:
 1349 1253 63707573 		.ascii	"cpuss_interrupts_ipc_9_IRQn\000"
 1349      735F696E 
 1349      74657272 
 1349      75707473 
 1349      5F697063 
 1350              	.LASF197:
 1351 126f 433A5C55 		.ascii	"C:\\Users\\kiwamu\\Downloads\\CE220465\\CE220465_PS"
 1351      73657273 
 1351      5C6B6977 
 1351      616D755C 
 1351      446F776E 
 1352 129d 6F435F36 		.ascii	"oC_6_MCU_Cryptography_AES_Demonstration.cydsn\000"
 1352      5F4D4355 
 1352      5F437279 
 1352      70746F67 
 1352      72617068 
 1353              	.LASF137:
 1354 12cb 7564625F 		.ascii	"udb_interrupts_5_IRQn\000"
 1354      696E7465 
 1354      72727570 
 1354      74735F35 
 1354      5F495251 
 1355              	.LASF48:
 1356 12e1 63707573 		.ascii	"cpuss_interrupts_ipc_13_IRQn\000"
 1356      735F696E 
ARM GAS  C:\Users\kiwamu\AppData\Local\Temp\ccTDnbHf.s 			page 38


 1356      74657272 
 1356      75707473 
 1356      5F697063 
 1357              		.ident	"GCC: (GNU Tools for ARM Embedded Processors) 5.4.1 20160609 (release) [ARM/embedded-5-bran
