ARM GAS  C:\Users\kiwamu\AppData\Local\Temp\ccXmNlhk.s 			page 1


   1              		.syntax unified
   2              		.cpu cortex-m4
   3              		.eabi_attribute 27, 1
   4              		.fpu fpv4-sp-d16
   5              		.eabi_attribute 20, 1
   6              		.eabi_attribute 21, 1
   7              		.eabi_attribute 23, 3
   8              		.eabi_attribute 24, 1
   9              		.eabi_attribute 25, 1
  10              		.eabi_attribute 26, 1
  11              		.eabi_attribute 30, 1
  12              		.eabi_attribute 34, 1
  13              		.eabi_attribute 18, 4
  14              		.thumb
  15              		.syntax unified
  16              		.file	"cy_sysanalog.c"
  17              		.text
  18              	.Ltext0:
  19              		.cfi_sections	.debug_frame
  20              		.section	.text.Cy_SysAnalog_Init,"ax",%progbits
  21              		.align	2
  22              		.global	Cy_SysAnalog_Init
  23              		.thumb
  24              		.thumb_func
  25              		.type	Cy_SysAnalog_Init, %function
  26              	Cy_SysAnalog_Init:
  27              	.LFB179:
  28              		.file 1 "Generated_Source\\PSoC6\\pdl\\drivers\\peripheral\\sysanalog\\cy_sysanalog.c"
   1:Generated_Source\PSoC6\pdl\drivers\peripheral\sysanalog/cy_sysanalog.c **** /***************************************************************************//**
   2:Generated_Source\PSoC6\pdl\drivers\peripheral\sysanalog/cy_sysanalog.c **** * \file cy_sysanalog.c
   3:Generated_Source\PSoC6\pdl\drivers\peripheral\sysanalog/cy_sysanalog.c **** * \version 1.0
   4:Generated_Source\PSoC6\pdl\drivers\peripheral\sysanalog/cy_sysanalog.c **** *
   5:Generated_Source\PSoC6\pdl\drivers\peripheral\sysanalog/cy_sysanalog.c **** * Provides the public functions for the API for the SAR driver.
   6:Generated_Source\PSoC6\pdl\drivers\peripheral\sysanalog/cy_sysanalog.c **** *
   7:Generated_Source\PSoC6\pdl\drivers\peripheral\sysanalog/cy_sysanalog.c **** ********************************************************************************
   8:Generated_Source\PSoC6\pdl\drivers\peripheral\sysanalog/cy_sysanalog.c **** * \copyright
   9:Generated_Source\PSoC6\pdl\drivers\peripheral\sysanalog/cy_sysanalog.c **** * Copyright 2017, Cypress Semiconductor Corporation. All rights reserved.
  10:Generated_Source\PSoC6\pdl\drivers\peripheral\sysanalog/cy_sysanalog.c **** * You may use this file only in accordance with the license, terms, conditions,
  11:Generated_Source\PSoC6\pdl\drivers\peripheral\sysanalog/cy_sysanalog.c **** * disclaimers, and limitations in the end user license agreement accompanying
  12:Generated_Source\PSoC6\pdl\drivers\peripheral\sysanalog/cy_sysanalog.c **** * the software package with which this file was provided.
  13:Generated_Source\PSoC6\pdl\drivers\peripheral\sysanalog/cy_sysanalog.c **** *******************************************************************************/
  14:Generated_Source\PSoC6\pdl\drivers\peripheral\sysanalog/cy_sysanalog.c **** #include "cy_sysanalog.h"
  15:Generated_Source\PSoC6\pdl\drivers\peripheral\sysanalog/cy_sysanalog.c **** 
  16:Generated_Source\PSoC6\pdl\drivers\peripheral\sysanalog/cy_sysanalog.c **** #if defined(__cplusplus)
  17:Generated_Source\PSoC6\pdl\drivers\peripheral\sysanalog/cy_sysanalog.c **** extern "C" {
  18:Generated_Source\PSoC6\pdl\drivers\peripheral\sysanalog/cy_sysanalog.c **** #endif
  19:Generated_Source\PSoC6\pdl\drivers\peripheral\sysanalog/cy_sysanalog.c **** 
  20:Generated_Source\PSoC6\pdl\drivers\peripheral\sysanalog/cy_sysanalog.c **** /* Configure the AREF to use the local Vref and local IZTAT. Can be used with \ref Cy_SysAnalog_Ini
  21:Generated_Source\PSoC6\pdl\drivers\peripheral\sysanalog/cy_sysanalog.c **** const cy_stc_sysanalog_config_t Cy_SysAnalog_Fast_Local =
  22:Generated_Source\PSoC6\pdl\drivers\peripheral\sysanalog/cy_sysanalog.c **** {
  23:Generated_Source\PSoC6\pdl\drivers\peripheral\sysanalog/cy_sysanalog.c ****     /*.startup    */ CY_SYSANALOG_STARTUP_FAST,
  24:Generated_Source\PSoC6\pdl\drivers\peripheral\sysanalog/cy_sysanalog.c ****     /*.iztat      */ CY_SYSANALOG_IZTAT_SOURCE_LOCAL,
  25:Generated_Source\PSoC6\pdl\drivers\peripheral\sysanalog/cy_sysanalog.c ****     /*.vref       */ CY_SYSANALOG_VREF_SOURCE_LOCAL_1_2V,
  26:Generated_Source\PSoC6\pdl\drivers\peripheral\sysanalog/cy_sysanalog.c ****     /*.deepSleep  */ CY_SYSANALOG_DEEPSLEEP_DISABLE,
  27:Generated_Source\PSoC6\pdl\drivers\peripheral\sysanalog/cy_sysanalog.c ****     /*.enable     */ true,
  28:Generated_Source\PSoC6\pdl\drivers\peripheral\sysanalog/cy_sysanalog.c **** };
  29:Generated_Source\PSoC6\pdl\drivers\peripheral\sysanalog/cy_sysanalog.c **** 
ARM GAS  C:\Users\kiwamu\AppData\Local\Temp\ccXmNlhk.s 			page 2


  30:Generated_Source\PSoC6\pdl\drivers\peripheral\sysanalog/cy_sysanalog.c **** /* Configure the AREF to use the SRSS Vref and SRSS IZTAT. Can be used with \ref Cy_SysAnalog_Init.
  31:Generated_Source\PSoC6\pdl\drivers\peripheral\sysanalog/cy_sysanalog.c **** const cy_stc_sysanalog_config_t Cy_SysAnalog_Fast_SRSS =
  32:Generated_Source\PSoC6\pdl\drivers\peripheral\sysanalog/cy_sysanalog.c **** {
  33:Generated_Source\PSoC6\pdl\drivers\peripheral\sysanalog/cy_sysanalog.c ****     /*.startup    */ CY_SYSANALOG_STARTUP_FAST,
  34:Generated_Source\PSoC6\pdl\drivers\peripheral\sysanalog/cy_sysanalog.c ****     /*.iztat      */ CY_SYSANALOG_IZTAT_SOURCE_SRSS,
  35:Generated_Source\PSoC6\pdl\drivers\peripheral\sysanalog/cy_sysanalog.c ****     /*.vref       */ CY_SYSANALOG_VREF_SOURCE_SRSS,
  36:Generated_Source\PSoC6\pdl\drivers\peripheral\sysanalog/cy_sysanalog.c ****     /*.deepSleep  */ CY_SYSANALOG_DEEPSLEEP_DISABLE,
  37:Generated_Source\PSoC6\pdl\drivers\peripheral\sysanalog/cy_sysanalog.c ****     /*.enable     */ true,
  38:Generated_Source\PSoC6\pdl\drivers\peripheral\sysanalog/cy_sysanalog.c **** };
  39:Generated_Source\PSoC6\pdl\drivers\peripheral\sysanalog/cy_sysanalog.c **** 
  40:Generated_Source\PSoC6\pdl\drivers\peripheral\sysanalog/cy_sysanalog.c **** /* Configure the AREF to use the external Vref and local IZTAT. Can be used with \ref Cy_SysAnalog_
  41:Generated_Source\PSoC6\pdl\drivers\peripheral\sysanalog/cy_sysanalog.c **** const cy_stc_sysanalog_config_t Cy_SysAnalog_Fast_External =
  42:Generated_Source\PSoC6\pdl\drivers\peripheral\sysanalog/cy_sysanalog.c **** {
  43:Generated_Source\PSoC6\pdl\drivers\peripheral\sysanalog/cy_sysanalog.c ****     /*.startup    */ CY_SYSANALOG_STARTUP_FAST,
  44:Generated_Source\PSoC6\pdl\drivers\peripheral\sysanalog/cy_sysanalog.c ****     /*.iztat      */ CY_SYSANALOG_IZTAT_SOURCE_LOCAL,
  45:Generated_Source\PSoC6\pdl\drivers\peripheral\sysanalog/cy_sysanalog.c ****     /*.vref       */ CY_SYSANALOG_VREF_SOURCE_EXTERNAL,
  46:Generated_Source\PSoC6\pdl\drivers\peripheral\sysanalog/cy_sysanalog.c ****     /*.deepSleep  */ CY_SYSANALOG_DEEPSLEEP_DISABLE,
  47:Generated_Source\PSoC6\pdl\drivers\peripheral\sysanalog/cy_sysanalog.c ****     /*.enable     */ true,
  48:Generated_Source\PSoC6\pdl\drivers\peripheral\sysanalog/cy_sysanalog.c **** };
  49:Generated_Source\PSoC6\pdl\drivers\peripheral\sysanalog/cy_sysanalog.c **** 
  50:Generated_Source\PSoC6\pdl\drivers\peripheral\sysanalog/cy_sysanalog.c **** /*******************************************************************************
  51:Generated_Source\PSoC6\pdl\drivers\peripheral\sysanalog/cy_sysanalog.c **** * Function Name: Cy_SysAnalog_Init
  52:Generated_Source\PSoC6\pdl\drivers\peripheral\sysanalog/cy_sysanalog.c **** ****************************************************************************//**
  53:Generated_Source\PSoC6\pdl\drivers\peripheral\sysanalog/cy_sysanalog.c **** *
  54:Generated_Source\PSoC6\pdl\drivers\peripheral\sysanalog/cy_sysanalog.c **** * Initialize the AREF configuration register.
  55:Generated_Source\PSoC6\pdl\drivers\peripheral\sysanalog/cy_sysanalog.c **** *
  56:Generated_Source\PSoC6\pdl\drivers\peripheral\sysanalog/cy_sysanalog.c **** * \param config
  57:Generated_Source\PSoC6\pdl\drivers\peripheral\sysanalog/cy_sysanalog.c **** * Pointer to structure containing configuration data. See \ref cy_stc_sysanalog_config_t
  58:Generated_Source\PSoC6\pdl\drivers\peripheral\sysanalog/cy_sysanalog.c **** *
  59:Generated_Source\PSoC6\pdl\drivers\peripheral\sysanalog/cy_sysanalog.c **** * \return cy_en_sysanalog_status_t
  60:Generated_Source\PSoC6\pdl\drivers\peripheral\sysanalog/cy_sysanalog.c **** * - CY_SYSANALOG_SUCCESS: initialization complete
  61:Generated_Source\PSoC6\pdl\drivers\peripheral\sysanalog/cy_sysanalog.c **** * - CY_SYSANALOG_BAD_PARAM: input pointers are null, initialization incomplete
  62:Generated_Source\PSoC6\pdl\drivers\peripheral\sysanalog/cy_sysanalog.c **** *
  63:Generated_Source\PSoC6\pdl\drivers\peripheral\sysanalog/cy_sysanalog.c **** *******************************************************************************/
  64:Generated_Source\PSoC6\pdl\drivers\peripheral\sysanalog/cy_sysanalog.c **** cy_en_sysanalog_status_t Cy_SysAnalog_Init(const cy_stc_sysanalog_config_t *config)
  65:Generated_Source\PSoC6\pdl\drivers\peripheral\sysanalog/cy_sysanalog.c **** {
  29              		.loc 1 65 0
  30              		.cfi_startproc
  31              		@ args = 0, pretend = 0, frame = 0
  32              		@ frame_needed = 0, uses_anonymous_args = 0
  33              	.LVL0:
  34 0000 10B5     		push	{r4, lr}
  35              		.cfi_def_cfa_offset 8
  36              		.cfi_offset 4, -8
  37              		.cfi_offset 14, -4
  66:Generated_Source\PSoC6\pdl\drivers\peripheral\sysanalog/cy_sysanalog.c ****     CY_ASSERT_L1(NULL != config);
  38              		.loc 1 66 0
  39 0002 0446     		mov	r4, r0
  40 0004 18B9     		cbnz	r0, .L2
  41              		.loc 1 66 0 is_stmt 0 discriminator 1
  42 0006 4221     		movs	r1, #66
  43 0008 2048     		ldr	r0, .L10
  44              	.LVL1:
  45 000a FFF7FEFF 		bl	Cy_SysLib_AssertFailed
  46              	.LVL2:
  47              	.L2:
  67:Generated_Source\PSoC6\pdl\drivers\peripheral\sysanalog/cy_sysanalog.c **** 
ARM GAS  C:\Users\kiwamu\AppData\Local\Temp\ccXmNlhk.s 			page 3


  68:Generated_Source\PSoC6\pdl\drivers\peripheral\sysanalog/cy_sysanalog.c ****     cy_en_sysanalog_status_t result;
  69:Generated_Source\PSoC6\pdl\drivers\peripheral\sysanalog/cy_sysanalog.c ****     uint32_t ctrlReg = CY_SYSANALOG_DEINIT;
  70:Generated_Source\PSoC6\pdl\drivers\peripheral\sysanalog/cy_sysanalog.c **** 
  71:Generated_Source\PSoC6\pdl\drivers\peripheral\sysanalog/cy_sysanalog.c ****     if (NULL == config)
  48              		.loc 1 71 0 is_stmt 1
  49 000e 002C     		cmp	r4, #0
  50 0010 3AD0     		beq	.L8
  72:Generated_Source\PSoC6\pdl\drivers\peripheral\sysanalog/cy_sysanalog.c ****     {
  73:Generated_Source\PSoC6\pdl\drivers\peripheral\sysanalog/cy_sysanalog.c ****         result = CY_SYSANALOG_BAD_PARAM;
  74:Generated_Source\PSoC6\pdl\drivers\peripheral\sysanalog/cy_sysanalog.c ****     }
  75:Generated_Source\PSoC6\pdl\drivers\peripheral\sysanalog/cy_sysanalog.c ****     else
  76:Generated_Source\PSoC6\pdl\drivers\peripheral\sysanalog/cy_sysanalog.c ****     {
  77:Generated_Source\PSoC6\pdl\drivers\peripheral\sysanalog/cy_sysanalog.c ****         CY_ASSERT_L3(CY_SYSANALOG_STARTUP(config->startup));
  51              		.loc 1 77 0
  52 0012 2378     		ldrb	r3, [r4]	@ zero_extendqisi2
  53 0014 012B     		cmp	r3, #1
  54 0016 03D9     		bls	.L4
  55              		.loc 1 77 0 is_stmt 0 discriminator 1
  56 0018 4D21     		movs	r1, #77
  57 001a 1C48     		ldr	r0, .L10
  58 001c FFF7FEFF 		bl	Cy_SysLib_AssertFailed
  59              	.LVL3:
  60              	.L4:
  78:Generated_Source\PSoC6\pdl\drivers\peripheral\sysanalog/cy_sysanalog.c ****         CY_ASSERT_L3(CY_SYSANALOG_DEEPSLEEP(config->deepSleep));
  61              		.loc 1 78 0 is_stmt 1
  62 0020 E368     		ldr	r3, [r4, #12]
  63 0022 63B1     		cbz	r3, .L5
  64              		.loc 1 78 0 is_stmt 0 discriminator 1
  65 0024 B3F1A04F 		cmp	r3, #1342177280
  66 0028 09D0     		beq	.L5
  67              		.loc 1 78 0 discriminator 2
  68 002a B3F1C04F 		cmp	r3, #1610612736
  69 002e 06D0     		beq	.L5
  70              		.loc 1 78 0 discriminator 3
  71 0030 B3F1E04F 		cmp	r3, #1879048192
  72 0034 03D0     		beq	.L5
  73              		.loc 1 78 0 discriminator 4
  74 0036 4E21     		movs	r1, #78
  75 0038 1448     		ldr	r0, .L10
  76 003a FFF7FEFF 		bl	Cy_SysLib_AssertFailed
  77              	.LVL4:
  78              	.L5:
  79:Generated_Source\PSoC6\pdl\drivers\peripheral\sysanalog/cy_sysanalog.c ****         CY_ASSERT_L3(CY_SYSANALOG_VREF(config->vref));
  79              		.loc 1 79 0 is_stmt 1
  80 003e A368     		ldr	r3, [r4, #8]
  81 0040 4BB1     		cbz	r3, .L6
  82              		.loc 1 79 0 is_stmt 0 discriminator 1
  83 0042 B3F5801F 		cmp	r3, #1048576
  84 0046 06D0     		beq	.L6
  85              		.loc 1 79 0 discriminator 2
  86 0048 B3F5001F 		cmp	r3, #2097152
  87 004c 03D0     		beq	.L6
  88              		.loc 1 79 0 discriminator 3
  89 004e 4F21     		movs	r1, #79
  90 0050 0E48     		ldr	r0, .L10
  91 0052 FFF7FEFF 		bl	Cy_SysLib_AssertFailed
  92              	.LVL5:
ARM GAS  C:\Users\kiwamu\AppData\Local\Temp\ccXmNlhk.s 			page 4


  93              	.L6:
  80:Generated_Source\PSoC6\pdl\drivers\peripheral\sysanalog/cy_sysanalog.c ****         CY_ASSERT_L3(CY_SYSANALOG_IZTAT(config->iztat));
  94              		.loc 1 80 0 is_stmt 1
  95 0056 6368     		ldr	r3, [r4, #4]
  96 0058 33B1     		cbz	r3, .L7
  97              		.loc 1 80 0 is_stmt 0 discriminator 1
  98 005a B3F5803F 		cmp	r3, #65536
  99 005e 03D0     		beq	.L7
 100              		.loc 1 80 0 discriminator 2
 101 0060 5021     		movs	r1, #80
 102 0062 0A48     		ldr	r0, .L10
 103 0064 FFF7FEFF 		bl	Cy_SysLib_AssertFailed
 104              	.LVL6:
 105              	.L7:
  81:Generated_Source\PSoC6\pdl\drivers\peripheral\sysanalog/cy_sysanalog.c **** 
  82:Generated_Source\PSoC6\pdl\drivers\peripheral\sysanalog/cy_sysanalog.c ****         ctrlReg = (uint32_t) config->startup \
 106              		.loc 1 82 0 is_stmt 1
 107 0068 2278     		ldrb	r2, [r4]	@ zero_extendqisi2
  83:Generated_Source\PSoC6\pdl\drivers\peripheral\sysanalog/cy_sysanalog.c ****                   | CY_SYSANALOG_DEFAULT_BIAS_SCALE \
 108              		.loc 1 83 0
 109 006a 42F00402 		orr	r2, r2, #4
  84:Generated_Source\PSoC6\pdl\drivers\peripheral\sysanalog/cy_sysanalog.c ****                   | (uint32_t) config->iztat \
 110              		.loc 1 84 0
 111 006e 6368     		ldr	r3, [r4, #4]
 112 0070 1A43     		orrs	r2, r2, r3
  85:Generated_Source\PSoC6\pdl\drivers\peripheral\sysanalog/cy_sysanalog.c ****                   | (uint32_t) config->vref \
 113              		.loc 1 85 0
 114 0072 A368     		ldr	r3, [r4, #8]
 115 0074 1A43     		orrs	r2, r2, r3
  86:Generated_Source\PSoC6\pdl\drivers\peripheral\sysanalog/cy_sysanalog.c ****                   | (uint32_t) config->deepSleep \
 116              		.loc 1 86 0
 117 0076 E368     		ldr	r3, [r4, #12]
 118 0078 1343     		orrs	r3, r3, r2
  87:Generated_Source\PSoC6\pdl\drivers\peripheral\sysanalog/cy_sysanalog.c ****                   | ((uint32_t) config->enable << PASS_AREF_AREF_CTRL_ENABLED_Pos);
 119              		.loc 1 87 0
 120 007a 227C     		ldrb	r2, [r4, #16]	@ zero_extendqisi2
  82:Generated_Source\PSoC6\pdl\drivers\peripheral\sysanalog/cy_sysanalog.c ****                   | CY_SYSANALOG_DEFAULT_BIAS_SCALE \
 121              		.loc 1 82 0
 122 007c 43EAC273 		orr	r3, r3, r2, lsl #31
 123              	.LVL7:
  88:Generated_Source\PSoC6\pdl\drivers\peripheral\sysanalog/cy_sysanalog.c **** 
  89:Generated_Source\PSoC6\pdl\drivers\peripheral\sysanalog/cy_sysanalog.c ****         PASS_AREF->AREF_CTRL = ctrlReg;
 124              		.loc 1 89 0
 125 0080 034A     		ldr	r2, .L10+4
 126 0082 1360     		str	r3, [r2]
 127              	.LVL8:
  90:Generated_Source\PSoC6\pdl\drivers\peripheral\sysanalog/cy_sysanalog.c **** 
  91:Generated_Source\PSoC6\pdl\drivers\peripheral\sysanalog/cy_sysanalog.c ****         result = CY_SYSANALOG_SUCCESS;
 128              		.loc 1 91 0
 129 0084 0020     		movs	r0, #0
 130 0086 10BD     		pop	{r4, pc}
 131              	.LVL9:
 132              	.L8:
  73:Generated_Source\PSoC6\pdl\drivers\peripheral\sysanalog/cy_sysanalog.c ****     }
 133              		.loc 1 73 0
 134 0088 0248     		ldr	r0, .L10+8
 135              	.LVL10:
ARM GAS  C:\Users\kiwamu\AppData\Local\Temp\ccXmNlhk.s 			page 5


  92:Generated_Source\PSoC6\pdl\drivers\peripheral\sysanalog/cy_sysanalog.c ****     }
  93:Generated_Source\PSoC6\pdl\drivers\peripheral\sysanalog/cy_sysanalog.c **** 
  94:Generated_Source\PSoC6\pdl\drivers\peripheral\sysanalog/cy_sysanalog.c ****     return result;
  95:Generated_Source\PSoC6\pdl\drivers\peripheral\sysanalog/cy_sysanalog.c **** }
 136              		.loc 1 95 0
 137 008a 10BD     		pop	{r4, pc}
 138              	.LVL11:
 139              	.L11:
 140              		.align	2
 141              	.L10:
 142 008c 00000000 		.word	.LC0
 143 0090 000E1F41 		.word	1092554240
 144 0094 01005E00 		.word	6160385
 145              		.cfi_endproc
 146              	.LFE179:
 147              		.size	Cy_SysAnalog_Init, .-Cy_SysAnalog_Init
 148              		.global	Cy_SysAnalog_Fast_External
 149              		.global	Cy_SysAnalog_Fast_SRSS
 150              		.global	Cy_SysAnalog_Fast_Local
 151              		.section	.rodata
 152              		.align	2
 153              		.type	Cy_SysAnalog_Fast_External, %object
 154              		.size	Cy_SysAnalog_Fast_External, 20
 155              	Cy_SysAnalog_Fast_External:
 156 0000 01       		.byte	1
 157 0001 000000   		.space	3
 158 0004 00000100 		.word	65536
 159 0008 00002000 		.word	2097152
 160 000c 00000000 		.word	0
 161 0010 01       		.byte	1
 162 0011 000000   		.space	3
 163              		.type	Cy_SysAnalog_Fast_SRSS, %object
 164              		.size	Cy_SysAnalog_Fast_SRSS, 20
 165              	Cy_SysAnalog_Fast_SRSS:
 166 0014 01       		.byte	1
 167 0015 000000   		.space	3
 168 0018 00000000 		.word	0
 169 001c 00000000 		.word	0
 170 0020 00000000 		.word	0
 171 0024 01       		.byte	1
 172 0025 000000   		.space	3
 173              		.type	Cy_SysAnalog_Fast_Local, %object
 174              		.size	Cy_SysAnalog_Fast_Local, 20
 175              	Cy_SysAnalog_Fast_Local:
 176 0028 01       		.byte	1
 177 0029 000000   		.space	3
 178 002c 00000100 		.word	65536
 179 0030 00001000 		.word	1048576
 180 0034 00000000 		.word	0
 181 0038 01       		.byte	1
 182 0039 000000   		.space	3
 183              		.section	.rodata.str1.4,"aMS",%progbits,1
 184              		.align	2
 185              	.LC0:
 186 0000 47656E65 		.ascii	"Generated_Source\\PSoC6\\pdl\\drivers\\peripheral\\"
 186      72617465 
 186      645F536F 
ARM GAS  C:\Users\kiwamu\AppData\Local\Temp\ccXmNlhk.s 			page 6


 186      75726365 
 186      5C50536F 
 187 002e 73797361 		.ascii	"sysanalog\\cy_sysanalog.c\000"
 187      6E616C6F 
 187      675C6379 
 187      5F737973 
 187      616E616C 
 188              		.text
 189              	.Letext0:
 190              		.file 2 "c:\\program files (x86)\\cypress\\psoc creator\\4.2\\psoc creator\\import\\gnu\\arm\\5.4.
 191              		.file 3 "c:\\program files (x86)\\cypress\\psoc creator\\4.2\\psoc creator\\import\\gnu\\arm\\5.4.
 192              		.file 4 "Generated_Source\\PSoC6\\pdl\\devices/psoc6/ip/cyip_pass.h"
 193              		.file 5 "Generated_Source\\PSoC6\\pdl\\drivers/peripheral/syslib/cy_syslib.h"
 194              		.file 6 "Generated_Source\\PSoC6\\pdl\\drivers\\peripheral\\sysanalog\\cy_sysanalog.h"
 195              		.file 7 "Generated_Source\\PSoC6\\pdl\\cmsis/include/core_cm4.h"
 196              		.section	.debug_info,"",%progbits
 197              	.Ldebug_info0:
 198 0000 3B040000 		.4byte	0x43b
 199 0004 0400     		.2byte	0x4
 200 0006 00000000 		.4byte	.Ldebug_abbrev0
 201 000a 04       		.byte	0x4
 202 000b 01       		.uleb128 0x1
 203 000c BE020000 		.4byte	.LASF64
 204 0010 0C       		.byte	0xc
 205 0011 26020000 		.4byte	.LASF65
 206 0015 DD000000 		.4byte	.LASF66
 207 0019 00000000 		.4byte	.Ldebug_ranges0+0
 208 001d 00000000 		.4byte	0
 209 0021 00000000 		.4byte	.Ldebug_line0
 210 0025 02       		.uleb128 0x2
 211 0026 01       		.byte	0x1
 212 0027 06       		.byte	0x6
 213 0028 C6030000 		.4byte	.LASF0
 214 002c 02       		.uleb128 0x2
 215 002d 01       		.byte	0x1
 216 002e 08       		.byte	0x8
 217 002f A1030000 		.4byte	.LASF1
 218 0033 02       		.uleb128 0x2
 219 0034 02       		.byte	0x2
 220 0035 05       		.byte	0x5
 221 0036 7F000000 		.4byte	.LASF2
 222 003a 02       		.uleb128 0x2
 223 003b 02       		.byte	0x2
 224 003c 07       		.byte	0x7
 225 003d 3C040000 		.4byte	.LASF3
 226 0041 03       		.uleb128 0x3
 227 0042 FD040000 		.4byte	.LASF5
 228 0046 02       		.byte	0x2
 229 0047 3F       		.byte	0x3f
 230 0048 4C000000 		.4byte	0x4c
 231 004c 02       		.uleb128 0x2
 232 004d 04       		.byte	0x4
 233 004e 05       		.byte	0x5
 234 004f 8A020000 		.4byte	.LASF4
 235 0053 03       		.uleb128 0x3
 236 0054 C8000000 		.4byte	.LASF6
 237 0058 02       		.byte	0x2
ARM GAS  C:\Users\kiwamu\AppData\Local\Temp\ccXmNlhk.s 			page 7


 238 0059 41       		.byte	0x41
 239 005a 5E000000 		.4byte	0x5e
 240 005e 02       		.uleb128 0x2
 241 005f 04       		.byte	0x4
 242 0060 07       		.byte	0x7
 243 0061 B0040000 		.4byte	.LASF7
 244 0065 02       		.uleb128 0x2
 245 0066 08       		.byte	0x8
 246 0067 05       		.byte	0x5
 247 0068 18020000 		.4byte	.LASF8
 248 006c 02       		.uleb128 0x2
 249 006d 08       		.byte	0x8
 250 006e 07       		.byte	0x7
 251 006f D2030000 		.4byte	.LASF9
 252 0073 04       		.uleb128 0x4
 253 0074 04       		.byte	0x4
 254 0075 05       		.byte	0x5
 255 0076 696E7400 		.ascii	"int\000"
 256 007a 02       		.uleb128 0x2
 257 007b 04       		.byte	0x4
 258 007c 07       		.byte	0x7
 259 007d 10040000 		.4byte	.LASF10
 260 0081 03       		.uleb128 0x3
 261 0082 6E040000 		.4byte	.LASF11
 262 0086 03       		.byte	0x3
 263 0087 2C       		.byte	0x2c
 264 0088 41000000 		.4byte	0x41
 265 008c 03       		.uleb128 0x3
 266 008d E9030000 		.4byte	.LASF12
 267 0091 03       		.byte	0x3
 268 0092 30       		.byte	0x30
 269 0093 53000000 		.4byte	0x53
 270 0097 02       		.uleb128 0x2
 271 0098 08       		.byte	0x8
 272 0099 04       		.byte	0x4
 273 009a 95030000 		.4byte	.LASF13
 274 009e 02       		.uleb128 0x2
 275 009f 04       		.byte	0x4
 276 00a0 07       		.byte	0x7
 277 00a1 91000000 		.4byte	.LASF14
 278 00a5 05       		.uleb128 0x5
 279 00a6 8C000000 		.4byte	0x8c
 280 00aa 06       		.uleb128 0x6
 281 00ab A5000000 		.4byte	0xa5
 282 00af 07       		.uleb128 0x7
 283 00b0 AA000000 		.4byte	0xaa
 284 00b4 BF000000 		.4byte	0xbf
 285 00b8 08       		.uleb128 0x8
 286 00b9 9E000000 		.4byte	0x9e
 287 00bd 3E       		.byte	0x3e
 288 00be 00       		.byte	0
 289 00bf 09       		.uleb128 0x9
 290 00c0 0001     		.2byte	0x100
 291 00c2 04       		.byte	0x4
 292 00c3 22       		.byte	0x22
 293 00c4 E1000000 		.4byte	0xe1
 294 00c8 0A       		.uleb128 0xa
ARM GAS  C:\Users\kiwamu\AppData\Local\Temp\ccXmNlhk.s 			page 8


 295 00c9 66010000 		.4byte	.LASF15
 296 00cd 04       		.byte	0x4
 297 00ce 23       		.byte	0x23
 298 00cf A5000000 		.4byte	0xa5
 299 00d3 00       		.byte	0
 300 00d4 0A       		.uleb128 0xa
 301 00d5 40050000 		.4byte	.LASF16
 302 00d9 04       		.byte	0x4
 303 00da 24       		.byte	0x24
 304 00db E6000000 		.4byte	0xe6
 305 00df 04       		.byte	0x4
 306 00e0 00       		.byte	0
 307 00e1 05       		.uleb128 0x5
 308 00e2 AF000000 		.4byte	0xaf
 309 00e6 06       		.uleb128 0x6
 310 00e7 E1000000 		.4byte	0xe1
 311 00eb 03       		.uleb128 0x3
 312 00ec B9000000 		.4byte	.LASF17
 313 00f0 04       		.byte	0x4
 314 00f1 25       		.byte	0x25
 315 00f2 BF000000 		.4byte	0xbf
 316 00f6 09       		.uleb128 0x9
 317 00f7 200F     		.2byte	0xf20
 318 00f9 04       		.byte	0x4
 319 00fa 2A       		.byte	0x2a
 320 00fb 8D010000 		.4byte	0x18d
 321 00ff 0A       		.uleb128 0xa
 322 0100 AF030000 		.4byte	.LASF18
 323 0104 04       		.byte	0x4
 324 0105 2B       		.byte	0x2b
 325 0106 AA000000 		.4byte	0xaa
 326 010a 00       		.byte	0
 327 010b 0A       		.uleb128 0xa
 328 010c 40050000 		.4byte	.LASF16
 329 0110 04       		.byte	0x4
 330 0111 2C       		.byte	0x2c
 331 0112 A3010000 		.4byte	0x1a3
 332 0116 04       		.byte	0x4
 333 0117 0B       		.uleb128 0xb
 334 0118 AB040000 		.4byte	.LASF19
 335 011c 04       		.byte	0x4
 336 011d 2D       		.byte	0x2d
 337 011e EB000000 		.4byte	0xeb
 338 0122 000E     		.2byte	0xe00
 339 0124 0B       		.uleb128 0xb
 340 0125 35050000 		.4byte	.LASF20
 341 0129 04       		.byte	0x4
 342 012a 2E       		.byte	0x2e
 343 012b A5000000 		.4byte	0xa5
 344 012f 000F     		.2byte	0xf00
 345 0131 0B       		.uleb128 0xb
 346 0132 B1010000 		.4byte	.LASF21
 347 0136 04       		.byte	0x4
 348 0137 2F       		.byte	0x2f
 349 0138 A5000000 		.4byte	0xa5
 350 013c 040F     		.2byte	0xf04
 351 013e 0B       		.uleb128 0xb
ARM GAS  C:\Users\kiwamu\AppData\Local\Temp\ccXmNlhk.s 			page 9


 352 013f BC010000 		.4byte	.LASF22
 353 0143 04       		.byte	0x4
 354 0144 30       		.byte	0x30
 355 0145 A5000000 		.4byte	0xa5
 356 0149 080F     		.2byte	0xf08
 357 014b 0B       		.uleb128 0xb
 358 014c C7010000 		.4byte	.LASF23
 359 0150 04       		.byte	0x4
 360 0151 31       		.byte	0x31
 361 0152 A5000000 		.4byte	0xa5
 362 0156 0C0F     		.2byte	0xf0c
 363 0158 0B       		.uleb128 0xb
 364 0159 07000000 		.4byte	.LASF24
 365 015d 04       		.byte	0x4
 366 015e 32       		.byte	0x32
 367 015f A5000000 		.4byte	0xa5
 368 0163 100F     		.2byte	0xf10
 369 0165 0B       		.uleb128 0xb
 370 0166 13000000 		.4byte	.LASF25
 371 016a 04       		.byte	0x4
 372 016b 33       		.byte	0x33
 373 016c A5000000 		.4byte	0xa5
 374 0170 140F     		.2byte	0xf14
 375 0172 0B       		.uleb128 0xb
 376 0173 BA030000 		.4byte	.LASF26
 377 0177 04       		.byte	0x4
 378 0178 34       		.byte	0x34
 379 0179 A5000000 		.4byte	0xa5
 380 017d 180F     		.2byte	0xf18
 381 017f 0B       		.uleb128 0xb
 382 0180 D6040000 		.4byte	.LASF27
 383 0184 04       		.byte	0x4
 384 0185 35       		.byte	0x35
 385 0186 A5000000 		.4byte	0xa5
 386 018a 1C0F     		.2byte	0xf1c
 387 018c 00       		.byte	0
 388 018d 07       		.uleb128 0x7
 389 018e AA000000 		.4byte	0xaa
 390 0192 9E010000 		.4byte	0x19e
 391 0196 0C       		.uleb128 0xc
 392 0197 9E000000 		.4byte	0x9e
 393 019b 7E03     		.2byte	0x37e
 394 019d 00       		.byte	0
 395 019e 05       		.uleb128 0x5
 396 019f 8D010000 		.4byte	0x18d
 397 01a3 06       		.uleb128 0x6
 398 01a4 9E010000 		.4byte	0x19e
 399 01a8 03       		.uleb128 0x3
 400 01a9 D3000000 		.4byte	.LASF28
 401 01ad 04       		.byte	0x4
 402 01ae 36       		.byte	0x36
 403 01af F6000000 		.4byte	0xf6
 404 01b3 0D       		.uleb128 0xd
 405 01b4 B7020000 		.4byte	.LASF29
 406 01b8 05       		.byte	0x5
 407 01b9 A401     		.2byte	0x1a4
 408 01bb BF010000 		.4byte	0x1bf
ARM GAS  C:\Users\kiwamu\AppData\Local\Temp\ccXmNlhk.s 			page 10


 409 01bf 02       		.uleb128 0x2
 410 01c0 01       		.byte	0x1
 411 01c1 08       		.byte	0x8
 412 01c2 4F040000 		.4byte	.LASF30
 413 01c6 02       		.uleb128 0x2
 414 01c7 04       		.byte	0x4
 415 01c8 04       		.byte	0x4
 416 01c9 12020000 		.4byte	.LASF31
 417 01cd 02       		.uleb128 0x2
 418 01ce 08       		.byte	0x8
 419 01cf 04       		.byte	0x4
 420 01d0 C2040000 		.4byte	.LASF32
 421 01d4 0E       		.uleb128 0xe
 422 01d5 04       		.byte	0x4
 423 01d6 7A000000 		.4byte	0x7a
 424 01da 06       		.byte	0x6
 425 01db CF       		.byte	0xcf
 426 01dc F0010000 		.4byte	0x1f0
 427 01e0 0F       		.uleb128 0xf
 428 01e1 76040000 		.4byte	.LASF33
 429 01e5 00       		.byte	0
 430 01e6 10       		.uleb128 0x10
 431 01e7 90010000 		.4byte	.LASF34
 432 01eb 01005E00 		.4byte	0x5e0001
 433 01ef 00       		.byte	0
 434 01f0 03       		.uleb128 0x3
 435 01f1 51050000 		.4byte	.LASF35
 436 01f5 06       		.byte	0x6
 437 01f6 D2       		.byte	0xd2
 438 01f7 D4010000 		.4byte	0x1d4
 439 01fb 0E       		.uleb128 0xe
 440 01fc 01       		.byte	0x1
 441 01fd 2C000000 		.4byte	0x2c
 442 0201 06       		.byte	0x6
 443 0202 DE       		.byte	0xde
 444 0203 14020000 		.4byte	0x214
 445 0207 0F       		.uleb128 0xf
 446 0208 19050000 		.4byte	.LASF36
 447 020c 00       		.byte	0
 448 020d 0F       		.uleb128 0xf
 449 020e 8B040000 		.4byte	.LASF37
 450 0212 01       		.byte	0x1
 451 0213 00       		.byte	0
 452 0214 03       		.uleb128 0x3
 453 0215 9D050000 		.4byte	.LASF38
 454 0219 06       		.byte	0x6
 455 021a E1       		.byte	0xe1
 456 021b FB010000 		.4byte	0x1fb
 457 021f 0E       		.uleb128 0xe
 458 0220 04       		.byte	0x4
 459 0221 7A000000 		.4byte	0x7a
 460 0225 06       		.byte	0x6
 461 0226 EB       		.byte	0xeb
 462 0227 44020000 		.4byte	0x244
 463 022b 0F       		.uleb128 0xf
 464 022c 77030000 		.4byte	.LASF39
 465 0230 00       		.byte	0
ARM GAS  C:\Users\kiwamu\AppData\Local\Temp\ccXmNlhk.s 			page 11


 466 0231 10       		.uleb128 0x10
 467 0232 93020000 		.4byte	.LASF40
 468 0236 00001000 		.4byte	0x100000
 469 023a 10       		.uleb128 0x10
 470 023b 5D000000 		.4byte	.LASF41
 471 023f 00002000 		.4byte	0x200000
 472 0243 00       		.byte	0
 473 0244 03       		.uleb128 0x3
 474 0245 F2030000 		.4byte	.LASF42
 475 0249 06       		.byte	0x6
 476 024a EF       		.byte	0xef
 477 024b 1F020000 		.4byte	0x21f
 478 024f 0E       		.uleb128 0xe
 479 0250 04       		.byte	0x4
 480 0251 7A000000 		.4byte	0x7a
 481 0255 06       		.byte	0x6
 482 0256 FA       		.byte	0xfa
 483 0257 6B020000 		.4byte	0x26b
 484 025b 0F       		.uleb128 0xf
 485 025c 1D040000 		.4byte	.LASF43
 486 0260 00       		.byte	0
 487 0261 10       		.uleb128 0x10
 488 0262 70010000 		.4byte	.LASF44
 489 0266 00000100 		.4byte	0x10000
 490 026a 00       		.byte	0
 491 026b 03       		.uleb128 0x3
 492 026c 40010000 		.4byte	.LASF45
 493 0270 06       		.byte	0x6
 494 0271 FD       		.byte	0xfd
 495 0272 4F020000 		.4byte	0x24f
 496 0276 11       		.uleb128 0x11
 497 0277 04       		.byte	0x4
 498 0278 7A000000 		.4byte	0x7a
 499 027c 06       		.byte	0x6
 500 027d 0901     		.2byte	0x109
 501 027f A5020000 		.4byte	0x2a5
 502 0283 0F       		.uleb128 0xf
 503 0284 9A000000 		.4byte	.LASF46
 504 0288 00       		.byte	0
 505 0289 10       		.uleb128 0x10
 506 028a 1F000000 		.4byte	.LASF47
 507 028e 00000050 		.4byte	0x50000000
 508 0292 10       		.uleb128 0x10
 509 0293 3E000000 		.4byte	.LASF48
 510 0297 00000060 		.4byte	0x60000000
 511 029b 10       		.uleb128 0x10
 512 029c EA010000 		.4byte	.LASF49
 513 02a0 00000070 		.4byte	0x70000000
 514 02a4 00       		.byte	0
 515 02a5 0D       		.uleb128 0xd
 516 02a6 6D020000 		.4byte	.LASF50
 517 02aa 06       		.byte	0x6
 518 02ab 1201     		.2byte	0x112
 519 02ad 76020000 		.4byte	0x276
 520 02b1 12       		.uleb128 0x12
 521 02b2 14       		.byte	0x14
 522 02b3 06       		.byte	0x6
ARM GAS  C:\Users\kiwamu\AppData\Local\Temp\ccXmNlhk.s 			page 12


 523 02b4 3601     		.2byte	0x136
 524 02b6 FC020000 		.4byte	0x2fc
 525 02ba 13       		.uleb128 0x13
 526 02bb 49050000 		.4byte	.LASF51
 527 02bf 06       		.byte	0x6
 528 02c0 3801     		.2byte	0x138
 529 02c2 14020000 		.4byte	0x214
 530 02c6 00       		.byte	0
 531 02c7 13       		.uleb128 0x13
 532 02c8 71030000 		.4byte	.LASF52
 533 02cc 06       		.byte	0x6
 534 02cd 3901     		.2byte	0x139
 535 02cf 6B020000 		.4byte	0x26b
 536 02d3 04       		.byte	0x4
 537 02d4 13       		.uleb128 0x13
 538 02d5 6A050000 		.4byte	.LASF53
 539 02d9 06       		.byte	0x6
 540 02da 3A01     		.2byte	0x13a
 541 02dc 44020000 		.4byte	0x244
 542 02e0 08       		.byte	0x8
 543 02e1 13       		.uleb128 0x13
 544 02e2 A7010000 		.4byte	.LASF54
 545 02e6 06       		.byte	0x6
 546 02e7 3B01     		.2byte	0x13b
 547 02e9 A5020000 		.4byte	0x2a5
 548 02ed 0C       		.byte	0xc
 549 02ee 13       		.uleb128 0x13
 550 02ef 5F010000 		.4byte	.LASF55
 551 02f3 06       		.byte	0x6
 552 02f4 3C01     		.2byte	0x13c
 553 02f6 FC020000 		.4byte	0x2fc
 554 02fa 10       		.byte	0x10
 555 02fb 00       		.byte	0
 556 02fc 02       		.uleb128 0x2
 557 02fd 01       		.byte	0x1
 558 02fe 02       		.byte	0x2
 559 02ff A5040000 		.4byte	.LASF56
 560 0303 0D       		.uleb128 0xd
 561 0304 54040000 		.4byte	.LASF57
 562 0308 06       		.byte	0x6
 563 0309 3D01     		.2byte	0x13d
 564 030b B1020000 		.4byte	0x2b1
 565 030f 14       		.uleb128 0x14
 566 0310 07050000 		.4byte	.LASF67
 567 0314 01       		.byte	0x1
 568 0315 40       		.byte	0x40
 569 0316 F0010000 		.4byte	0x1f0
 570 031a 00000000 		.4byte	.LFB179
 571 031e 98000000 		.4byte	.LFE179-.LFB179
 572 0322 01       		.uleb128 0x1
 573 0323 9C       		.byte	0x9c
 574 0324 E3030000 		.4byte	0x3e3
 575 0328 15       		.uleb128 0x15
 576 0329 39010000 		.4byte	.LASF68
 577 032d 01       		.byte	0x1
 578 032e 40       		.byte	0x40
 579 032f E3030000 		.4byte	0x3e3
ARM GAS  C:\Users\kiwamu\AppData\Local\Temp\ccXmNlhk.s 			page 13


 580 0333 00000000 		.4byte	.LLST0
 581 0337 16       		.uleb128 0x16
 582 0338 00000000 		.4byte	.LASF58
 583 033c 01       		.byte	0x1
 584 033d 44       		.byte	0x44
 585 033e F0010000 		.4byte	0x1f0
 586 0342 2C000000 		.4byte	.LLST1
 587 0346 16       		.uleb128 0x16
 588 0347 89000000 		.4byte	.LASF59
 589 034b 01       		.byte	0x1
 590 034c 45       		.byte	0x45
 591 034d 8C000000 		.4byte	0x8c
 592 0351 4B000000 		.4byte	.LLST2
 593 0355 17       		.uleb128 0x17
 594 0356 0E000000 		.4byte	.LVL2
 595 035a 32040000 		.4byte	0x432
 596 035e 72030000 		.4byte	0x372
 597 0362 18       		.uleb128 0x18
 598 0363 01       		.uleb128 0x1
 599 0364 50       		.byte	0x50
 600 0365 05       		.uleb128 0x5
 601 0366 03       		.byte	0x3
 602 0367 00000000 		.4byte	.LC0
 603 036b 18       		.uleb128 0x18
 604 036c 01       		.uleb128 0x1
 605 036d 51       		.byte	0x51
 606 036e 02       		.uleb128 0x2
 607 036f 08       		.byte	0x8
 608 0370 42       		.byte	0x42
 609 0371 00       		.byte	0
 610 0372 17       		.uleb128 0x17
 611 0373 20000000 		.4byte	.LVL3
 612 0377 32040000 		.4byte	0x432
 613 037b 8F030000 		.4byte	0x38f
 614 037f 18       		.uleb128 0x18
 615 0380 01       		.uleb128 0x1
 616 0381 50       		.byte	0x50
 617 0382 05       		.uleb128 0x5
 618 0383 03       		.byte	0x3
 619 0384 00000000 		.4byte	.LC0
 620 0388 18       		.uleb128 0x18
 621 0389 01       		.uleb128 0x1
 622 038a 51       		.byte	0x51
 623 038b 02       		.uleb128 0x2
 624 038c 08       		.byte	0x8
 625 038d 4D       		.byte	0x4d
 626 038e 00       		.byte	0
 627 038f 17       		.uleb128 0x17
 628 0390 3E000000 		.4byte	.LVL4
 629 0394 32040000 		.4byte	0x432
 630 0398 AC030000 		.4byte	0x3ac
 631 039c 18       		.uleb128 0x18
 632 039d 01       		.uleb128 0x1
 633 039e 50       		.byte	0x50
 634 039f 05       		.uleb128 0x5
 635 03a0 03       		.byte	0x3
 636 03a1 00000000 		.4byte	.LC0
ARM GAS  C:\Users\kiwamu\AppData\Local\Temp\ccXmNlhk.s 			page 14


 637 03a5 18       		.uleb128 0x18
 638 03a6 01       		.uleb128 0x1
 639 03a7 51       		.byte	0x51
 640 03a8 02       		.uleb128 0x2
 641 03a9 08       		.byte	0x8
 642 03aa 4E       		.byte	0x4e
 643 03ab 00       		.byte	0
 644 03ac 17       		.uleb128 0x17
 645 03ad 56000000 		.4byte	.LVL5
 646 03b1 32040000 		.4byte	0x432
 647 03b5 C9030000 		.4byte	0x3c9
 648 03b9 18       		.uleb128 0x18
 649 03ba 01       		.uleb128 0x1
 650 03bb 50       		.byte	0x50
 651 03bc 05       		.uleb128 0x5
 652 03bd 03       		.byte	0x3
 653 03be 00000000 		.4byte	.LC0
 654 03c2 18       		.uleb128 0x18
 655 03c3 01       		.uleb128 0x1
 656 03c4 51       		.byte	0x51
 657 03c5 02       		.uleb128 0x2
 658 03c6 08       		.byte	0x8
 659 03c7 4F       		.byte	0x4f
 660 03c8 00       		.byte	0
 661 03c9 19       		.uleb128 0x19
 662 03ca 68000000 		.4byte	.LVL6
 663 03ce 32040000 		.4byte	0x432
 664 03d2 18       		.uleb128 0x18
 665 03d3 01       		.uleb128 0x1
 666 03d4 50       		.byte	0x50
 667 03d5 05       		.uleb128 0x5
 668 03d6 03       		.byte	0x3
 669 03d7 00000000 		.4byte	.LC0
 670 03db 18       		.uleb128 0x18
 671 03dc 01       		.uleb128 0x1
 672 03dd 51       		.byte	0x51
 673 03de 02       		.uleb128 0x2
 674 03df 08       		.byte	0x8
 675 03e0 50       		.byte	0x50
 676 03e1 00       		.byte	0
 677 03e2 00       		.byte	0
 678 03e3 1A       		.uleb128 0x1a
 679 03e4 04       		.byte	0x4
 680 03e5 E9030000 		.4byte	0x3e9
 681 03e9 06       		.uleb128 0x6
 682 03ea 03030000 		.4byte	0x303
 683 03ee 1B       		.uleb128 0x1b
 684 03ef C9040000 		.4byte	.LASF60
 685 03f3 07       		.byte	0x7
 686 03f4 EA07     		.2byte	0x7ea
 687 03f6 FA030000 		.4byte	0x3fa
 688 03fa 05       		.uleb128 0x5
 689 03fb 81000000 		.4byte	0x81
 690 03ff 1C       		.uleb128 0x1c
 691 0400 D2010000 		.4byte	.LASF61
 692 0404 01       		.byte	0x1
 693 0405 15       		.byte	0x15
ARM GAS  C:\Users\kiwamu\AppData\Local\Temp\ccXmNlhk.s 			page 15


 694 0406 E9030000 		.4byte	0x3e9
 695 040a 05       		.uleb128 0x5
 696 040b 03       		.byte	0x3
 697 040c 00000000 		.4byte	Cy_SysAnalog_Fast_Local
 698 0410 1C       		.uleb128 0x1c
 699 0411 6F050000 		.4byte	.LASF62
 700 0415 01       		.byte	0x1
 701 0416 1F       		.byte	0x1f
 702 0417 E9030000 		.4byte	0x3e9
 703 041b 05       		.uleb128 0x5
 704 041c 03       		.byte	0x3
 705 041d 00000000 		.4byte	Cy_SysAnalog_Fast_SRSS
 706 0421 1C       		.uleb128 0x1c
 707 0422 E2040000 		.4byte	.LASF63
 708 0426 01       		.byte	0x1
 709 0427 29       		.byte	0x29
 710 0428 E9030000 		.4byte	0x3e9
 711 042c 05       		.uleb128 0x5
 712 042d 03       		.byte	0x3
 713 042e 00000000 		.4byte	Cy_SysAnalog_Fast_External
 714 0432 1D       		.uleb128 0x1d
 715 0433 86050000 		.4byte	.LASF69
 716 0437 86050000 		.4byte	.LASF69
 717 043b 05       		.byte	0x5
 718 043c 0A03     		.2byte	0x30a
 719 043e 00       		.byte	0
 720              		.section	.debug_abbrev,"",%progbits
 721              	.Ldebug_abbrev0:
 722 0000 01       		.uleb128 0x1
 723 0001 11       		.uleb128 0x11
 724 0002 01       		.byte	0x1
 725 0003 25       		.uleb128 0x25
 726 0004 0E       		.uleb128 0xe
 727 0005 13       		.uleb128 0x13
 728 0006 0B       		.uleb128 0xb
 729 0007 03       		.uleb128 0x3
 730 0008 0E       		.uleb128 0xe
 731 0009 1B       		.uleb128 0x1b
 732 000a 0E       		.uleb128 0xe
 733 000b 55       		.uleb128 0x55
 734 000c 17       		.uleb128 0x17
 735 000d 11       		.uleb128 0x11
 736 000e 01       		.uleb128 0x1
 737 000f 10       		.uleb128 0x10
 738 0010 17       		.uleb128 0x17
 739 0011 00       		.byte	0
 740 0012 00       		.byte	0
 741 0013 02       		.uleb128 0x2
 742 0014 24       		.uleb128 0x24
 743 0015 00       		.byte	0
 744 0016 0B       		.uleb128 0xb
 745 0017 0B       		.uleb128 0xb
 746 0018 3E       		.uleb128 0x3e
 747 0019 0B       		.uleb128 0xb
 748 001a 03       		.uleb128 0x3
 749 001b 0E       		.uleb128 0xe
 750 001c 00       		.byte	0
ARM GAS  C:\Users\kiwamu\AppData\Local\Temp\ccXmNlhk.s 			page 16


 751 001d 00       		.byte	0
 752 001e 03       		.uleb128 0x3
 753 001f 16       		.uleb128 0x16
 754 0020 00       		.byte	0
 755 0021 03       		.uleb128 0x3
 756 0022 0E       		.uleb128 0xe
 757 0023 3A       		.uleb128 0x3a
 758 0024 0B       		.uleb128 0xb
 759 0025 3B       		.uleb128 0x3b
 760 0026 0B       		.uleb128 0xb
 761 0027 49       		.uleb128 0x49
 762 0028 13       		.uleb128 0x13
 763 0029 00       		.byte	0
 764 002a 00       		.byte	0
 765 002b 04       		.uleb128 0x4
 766 002c 24       		.uleb128 0x24
 767 002d 00       		.byte	0
 768 002e 0B       		.uleb128 0xb
 769 002f 0B       		.uleb128 0xb
 770 0030 3E       		.uleb128 0x3e
 771 0031 0B       		.uleb128 0xb
 772 0032 03       		.uleb128 0x3
 773 0033 08       		.uleb128 0x8
 774 0034 00       		.byte	0
 775 0035 00       		.byte	0
 776 0036 05       		.uleb128 0x5
 777 0037 35       		.uleb128 0x35
 778 0038 00       		.byte	0
 779 0039 49       		.uleb128 0x49
 780 003a 13       		.uleb128 0x13
 781 003b 00       		.byte	0
 782 003c 00       		.byte	0
 783 003d 06       		.uleb128 0x6
 784 003e 26       		.uleb128 0x26
 785 003f 00       		.byte	0
 786 0040 49       		.uleb128 0x49
 787 0041 13       		.uleb128 0x13
 788 0042 00       		.byte	0
 789 0043 00       		.byte	0
 790 0044 07       		.uleb128 0x7
 791 0045 01       		.uleb128 0x1
 792 0046 01       		.byte	0x1
 793 0047 49       		.uleb128 0x49
 794 0048 13       		.uleb128 0x13
 795 0049 01       		.uleb128 0x1
 796 004a 13       		.uleb128 0x13
 797 004b 00       		.byte	0
 798 004c 00       		.byte	0
 799 004d 08       		.uleb128 0x8
 800 004e 21       		.uleb128 0x21
 801 004f 00       		.byte	0
 802 0050 49       		.uleb128 0x49
 803 0051 13       		.uleb128 0x13
 804 0052 2F       		.uleb128 0x2f
 805 0053 0B       		.uleb128 0xb
 806 0054 00       		.byte	0
 807 0055 00       		.byte	0
ARM GAS  C:\Users\kiwamu\AppData\Local\Temp\ccXmNlhk.s 			page 17


 808 0056 09       		.uleb128 0x9
 809 0057 13       		.uleb128 0x13
 810 0058 01       		.byte	0x1
 811 0059 0B       		.uleb128 0xb
 812 005a 05       		.uleb128 0x5
 813 005b 3A       		.uleb128 0x3a
 814 005c 0B       		.uleb128 0xb
 815 005d 3B       		.uleb128 0x3b
 816 005e 0B       		.uleb128 0xb
 817 005f 01       		.uleb128 0x1
 818 0060 13       		.uleb128 0x13
 819 0061 00       		.byte	0
 820 0062 00       		.byte	0
 821 0063 0A       		.uleb128 0xa
 822 0064 0D       		.uleb128 0xd
 823 0065 00       		.byte	0
 824 0066 03       		.uleb128 0x3
 825 0067 0E       		.uleb128 0xe
 826 0068 3A       		.uleb128 0x3a
 827 0069 0B       		.uleb128 0xb
 828 006a 3B       		.uleb128 0x3b
 829 006b 0B       		.uleb128 0xb
 830 006c 49       		.uleb128 0x49
 831 006d 13       		.uleb128 0x13
 832 006e 38       		.uleb128 0x38
 833 006f 0B       		.uleb128 0xb
 834 0070 00       		.byte	0
 835 0071 00       		.byte	0
 836 0072 0B       		.uleb128 0xb
 837 0073 0D       		.uleb128 0xd
 838 0074 00       		.byte	0
 839 0075 03       		.uleb128 0x3
 840 0076 0E       		.uleb128 0xe
 841 0077 3A       		.uleb128 0x3a
 842 0078 0B       		.uleb128 0xb
 843 0079 3B       		.uleb128 0x3b
 844 007a 0B       		.uleb128 0xb
 845 007b 49       		.uleb128 0x49
 846 007c 13       		.uleb128 0x13
 847 007d 38       		.uleb128 0x38
 848 007e 05       		.uleb128 0x5
 849 007f 00       		.byte	0
 850 0080 00       		.byte	0
 851 0081 0C       		.uleb128 0xc
 852 0082 21       		.uleb128 0x21
 853 0083 00       		.byte	0
 854 0084 49       		.uleb128 0x49
 855 0085 13       		.uleb128 0x13
 856 0086 2F       		.uleb128 0x2f
 857 0087 05       		.uleb128 0x5
 858 0088 00       		.byte	0
 859 0089 00       		.byte	0
 860 008a 0D       		.uleb128 0xd
 861 008b 16       		.uleb128 0x16
 862 008c 00       		.byte	0
 863 008d 03       		.uleb128 0x3
 864 008e 0E       		.uleb128 0xe
ARM GAS  C:\Users\kiwamu\AppData\Local\Temp\ccXmNlhk.s 			page 18


 865 008f 3A       		.uleb128 0x3a
 866 0090 0B       		.uleb128 0xb
 867 0091 3B       		.uleb128 0x3b
 868 0092 05       		.uleb128 0x5
 869 0093 49       		.uleb128 0x49
 870 0094 13       		.uleb128 0x13
 871 0095 00       		.byte	0
 872 0096 00       		.byte	0
 873 0097 0E       		.uleb128 0xe
 874 0098 04       		.uleb128 0x4
 875 0099 01       		.byte	0x1
 876 009a 0B       		.uleb128 0xb
 877 009b 0B       		.uleb128 0xb
 878 009c 49       		.uleb128 0x49
 879 009d 13       		.uleb128 0x13
 880 009e 3A       		.uleb128 0x3a
 881 009f 0B       		.uleb128 0xb
 882 00a0 3B       		.uleb128 0x3b
 883 00a1 0B       		.uleb128 0xb
 884 00a2 01       		.uleb128 0x1
 885 00a3 13       		.uleb128 0x13
 886 00a4 00       		.byte	0
 887 00a5 00       		.byte	0
 888 00a6 0F       		.uleb128 0xf
 889 00a7 28       		.uleb128 0x28
 890 00a8 00       		.byte	0
 891 00a9 03       		.uleb128 0x3
 892 00aa 0E       		.uleb128 0xe
 893 00ab 1C       		.uleb128 0x1c
 894 00ac 0B       		.uleb128 0xb
 895 00ad 00       		.byte	0
 896 00ae 00       		.byte	0
 897 00af 10       		.uleb128 0x10
 898 00b0 28       		.uleb128 0x28
 899 00b1 00       		.byte	0
 900 00b2 03       		.uleb128 0x3
 901 00b3 0E       		.uleb128 0xe
 902 00b4 1C       		.uleb128 0x1c
 903 00b5 06       		.uleb128 0x6
 904 00b6 00       		.byte	0
 905 00b7 00       		.byte	0
 906 00b8 11       		.uleb128 0x11
 907 00b9 04       		.uleb128 0x4
 908 00ba 01       		.byte	0x1
 909 00bb 0B       		.uleb128 0xb
 910 00bc 0B       		.uleb128 0xb
 911 00bd 49       		.uleb128 0x49
 912 00be 13       		.uleb128 0x13
 913 00bf 3A       		.uleb128 0x3a
 914 00c0 0B       		.uleb128 0xb
 915 00c1 3B       		.uleb128 0x3b
 916 00c2 05       		.uleb128 0x5
 917 00c3 01       		.uleb128 0x1
 918 00c4 13       		.uleb128 0x13
 919 00c5 00       		.byte	0
 920 00c6 00       		.byte	0
 921 00c7 12       		.uleb128 0x12
ARM GAS  C:\Users\kiwamu\AppData\Local\Temp\ccXmNlhk.s 			page 19


 922 00c8 13       		.uleb128 0x13
 923 00c9 01       		.byte	0x1
 924 00ca 0B       		.uleb128 0xb
 925 00cb 0B       		.uleb128 0xb
 926 00cc 3A       		.uleb128 0x3a
 927 00cd 0B       		.uleb128 0xb
 928 00ce 3B       		.uleb128 0x3b
 929 00cf 05       		.uleb128 0x5
 930 00d0 01       		.uleb128 0x1
 931 00d1 13       		.uleb128 0x13
 932 00d2 00       		.byte	0
 933 00d3 00       		.byte	0
 934 00d4 13       		.uleb128 0x13
 935 00d5 0D       		.uleb128 0xd
 936 00d6 00       		.byte	0
 937 00d7 03       		.uleb128 0x3
 938 00d8 0E       		.uleb128 0xe
 939 00d9 3A       		.uleb128 0x3a
 940 00da 0B       		.uleb128 0xb
 941 00db 3B       		.uleb128 0x3b
 942 00dc 05       		.uleb128 0x5
 943 00dd 49       		.uleb128 0x49
 944 00de 13       		.uleb128 0x13
 945 00df 38       		.uleb128 0x38
 946 00e0 0B       		.uleb128 0xb
 947 00e1 00       		.byte	0
 948 00e2 00       		.byte	0
 949 00e3 14       		.uleb128 0x14
 950 00e4 2E       		.uleb128 0x2e
 951 00e5 01       		.byte	0x1
 952 00e6 3F       		.uleb128 0x3f
 953 00e7 19       		.uleb128 0x19
 954 00e8 03       		.uleb128 0x3
 955 00e9 0E       		.uleb128 0xe
 956 00ea 3A       		.uleb128 0x3a
 957 00eb 0B       		.uleb128 0xb
 958 00ec 3B       		.uleb128 0x3b
 959 00ed 0B       		.uleb128 0xb
 960 00ee 27       		.uleb128 0x27
 961 00ef 19       		.uleb128 0x19
 962 00f0 49       		.uleb128 0x49
 963 00f1 13       		.uleb128 0x13
 964 00f2 11       		.uleb128 0x11
 965 00f3 01       		.uleb128 0x1
 966 00f4 12       		.uleb128 0x12
 967 00f5 06       		.uleb128 0x6
 968 00f6 40       		.uleb128 0x40
 969 00f7 18       		.uleb128 0x18
 970 00f8 9742     		.uleb128 0x2117
 971 00fa 19       		.uleb128 0x19
 972 00fb 01       		.uleb128 0x1
 973 00fc 13       		.uleb128 0x13
 974 00fd 00       		.byte	0
 975 00fe 00       		.byte	0
 976 00ff 15       		.uleb128 0x15
 977 0100 05       		.uleb128 0x5
 978 0101 00       		.byte	0
ARM GAS  C:\Users\kiwamu\AppData\Local\Temp\ccXmNlhk.s 			page 20


 979 0102 03       		.uleb128 0x3
 980 0103 0E       		.uleb128 0xe
 981 0104 3A       		.uleb128 0x3a
 982 0105 0B       		.uleb128 0xb
 983 0106 3B       		.uleb128 0x3b
 984 0107 0B       		.uleb128 0xb
 985 0108 49       		.uleb128 0x49
 986 0109 13       		.uleb128 0x13
 987 010a 02       		.uleb128 0x2
 988 010b 17       		.uleb128 0x17
 989 010c 00       		.byte	0
 990 010d 00       		.byte	0
 991 010e 16       		.uleb128 0x16
 992 010f 34       		.uleb128 0x34
 993 0110 00       		.byte	0
 994 0111 03       		.uleb128 0x3
 995 0112 0E       		.uleb128 0xe
 996 0113 3A       		.uleb128 0x3a
 997 0114 0B       		.uleb128 0xb
 998 0115 3B       		.uleb128 0x3b
 999 0116 0B       		.uleb128 0xb
 1000 0117 49       		.uleb128 0x49
 1001 0118 13       		.uleb128 0x13
 1002 0119 02       		.uleb128 0x2
 1003 011a 17       		.uleb128 0x17
 1004 011b 00       		.byte	0
 1005 011c 00       		.byte	0
 1006 011d 17       		.uleb128 0x17
 1007 011e 898201   		.uleb128 0x4109
 1008 0121 01       		.byte	0x1
 1009 0122 11       		.uleb128 0x11
 1010 0123 01       		.uleb128 0x1
 1011 0124 31       		.uleb128 0x31
 1012 0125 13       		.uleb128 0x13
 1013 0126 01       		.uleb128 0x1
 1014 0127 13       		.uleb128 0x13
 1015 0128 00       		.byte	0
 1016 0129 00       		.byte	0
 1017 012a 18       		.uleb128 0x18
 1018 012b 8A8201   		.uleb128 0x410a
 1019 012e 00       		.byte	0
 1020 012f 02       		.uleb128 0x2
 1021 0130 18       		.uleb128 0x18
 1022 0131 9142     		.uleb128 0x2111
 1023 0133 18       		.uleb128 0x18
 1024 0134 00       		.byte	0
 1025 0135 00       		.byte	0
 1026 0136 19       		.uleb128 0x19
 1027 0137 898201   		.uleb128 0x4109
 1028 013a 01       		.byte	0x1
 1029 013b 11       		.uleb128 0x11
 1030 013c 01       		.uleb128 0x1
 1031 013d 31       		.uleb128 0x31
 1032 013e 13       		.uleb128 0x13
 1033 013f 00       		.byte	0
 1034 0140 00       		.byte	0
 1035 0141 1A       		.uleb128 0x1a
ARM GAS  C:\Users\kiwamu\AppData\Local\Temp\ccXmNlhk.s 			page 21


 1036 0142 0F       		.uleb128 0xf
 1037 0143 00       		.byte	0
 1038 0144 0B       		.uleb128 0xb
 1039 0145 0B       		.uleb128 0xb
 1040 0146 49       		.uleb128 0x49
 1041 0147 13       		.uleb128 0x13
 1042 0148 00       		.byte	0
 1043 0149 00       		.byte	0
 1044 014a 1B       		.uleb128 0x1b
 1045 014b 34       		.uleb128 0x34
 1046 014c 00       		.byte	0
 1047 014d 03       		.uleb128 0x3
 1048 014e 0E       		.uleb128 0xe
 1049 014f 3A       		.uleb128 0x3a
 1050 0150 0B       		.uleb128 0xb
 1051 0151 3B       		.uleb128 0x3b
 1052 0152 05       		.uleb128 0x5
 1053 0153 49       		.uleb128 0x49
 1054 0154 13       		.uleb128 0x13
 1055 0155 3F       		.uleb128 0x3f
 1056 0156 19       		.uleb128 0x19
 1057 0157 3C       		.uleb128 0x3c
 1058 0158 19       		.uleb128 0x19
 1059 0159 00       		.byte	0
 1060 015a 00       		.byte	0
 1061 015b 1C       		.uleb128 0x1c
 1062 015c 34       		.uleb128 0x34
 1063 015d 00       		.byte	0
 1064 015e 03       		.uleb128 0x3
 1065 015f 0E       		.uleb128 0xe
 1066 0160 3A       		.uleb128 0x3a
 1067 0161 0B       		.uleb128 0xb
 1068 0162 3B       		.uleb128 0x3b
 1069 0163 0B       		.uleb128 0xb
 1070 0164 49       		.uleb128 0x49
 1071 0165 13       		.uleb128 0x13
 1072 0166 3F       		.uleb128 0x3f
 1073 0167 19       		.uleb128 0x19
 1074 0168 02       		.uleb128 0x2
 1075 0169 18       		.uleb128 0x18
 1076 016a 00       		.byte	0
 1077 016b 00       		.byte	0
 1078 016c 1D       		.uleb128 0x1d
 1079 016d 2E       		.uleb128 0x2e
 1080 016e 00       		.byte	0
 1081 016f 3F       		.uleb128 0x3f
 1082 0170 19       		.uleb128 0x19
 1083 0171 3C       		.uleb128 0x3c
 1084 0172 19       		.uleb128 0x19
 1085 0173 6E       		.uleb128 0x6e
 1086 0174 0E       		.uleb128 0xe
 1087 0175 03       		.uleb128 0x3
 1088 0176 0E       		.uleb128 0xe
 1089 0177 3A       		.uleb128 0x3a
 1090 0178 0B       		.uleb128 0xb
 1091 0179 3B       		.uleb128 0x3b
 1092 017a 05       		.uleb128 0x5
ARM GAS  C:\Users\kiwamu\AppData\Local\Temp\ccXmNlhk.s 			page 22


 1093 017b 00       		.byte	0
 1094 017c 00       		.byte	0
 1095 017d 00       		.byte	0
 1096              		.section	.debug_loc,"",%progbits
 1097              	.Ldebug_loc0:
 1098              	.LLST0:
 1099 0000 00000000 		.4byte	.LVL0
 1100 0004 0A000000 		.4byte	.LVL1
 1101 0008 0100     		.2byte	0x1
 1102 000a 50       		.byte	0x50
 1103 000b 0A000000 		.4byte	.LVL1
 1104 000f 8C000000 		.4byte	.LVL11
 1105 0013 0100     		.2byte	0x1
 1106 0015 54       		.byte	0x54
 1107 0016 8C000000 		.4byte	.LVL11
 1108 001a 98000000 		.4byte	.LFE179
 1109 001e 0400     		.2byte	0x4
 1110 0020 F3       		.byte	0xf3
 1111 0021 01       		.uleb128 0x1
 1112 0022 50       		.byte	0x50
 1113 0023 9F       		.byte	0x9f
 1114 0024 00000000 		.4byte	0
 1115 0028 00000000 		.4byte	0
 1116              	.LLST1:
 1117 002c 84000000 		.4byte	.LVL8
 1118 0030 88000000 		.4byte	.LVL9
 1119 0034 0200     		.2byte	0x2
 1120 0036 30       		.byte	0x30
 1121 0037 9F       		.byte	0x9f
 1122 0038 8A000000 		.4byte	.LVL10
 1123 003c 98000000 		.4byte	.LFE179
 1124 0040 0100     		.2byte	0x1
 1125 0042 50       		.byte	0x50
 1126 0043 00000000 		.4byte	0
 1127 0047 00000000 		.4byte	0
 1128              	.LLST2:
 1129 004b 0E000000 		.4byte	.LVL2
 1130 004f 80000000 		.4byte	.LVL7
 1131 0053 0200     		.2byte	0x2
 1132 0055 30       		.byte	0x30
 1133 0056 9F       		.byte	0x9f
 1134 0057 80000000 		.4byte	.LVL7
 1135 005b 88000000 		.4byte	.LVL9
 1136 005f 0100     		.2byte	0x1
 1137 0061 53       		.byte	0x53
 1138 0062 88000000 		.4byte	.LVL9
 1139 0066 98000000 		.4byte	.LFE179
 1140 006a 0200     		.2byte	0x2
 1141 006c 30       		.byte	0x30
 1142 006d 9F       		.byte	0x9f
 1143 006e 00000000 		.4byte	0
 1144 0072 00000000 		.4byte	0
 1145              		.section	.debug_aranges,"",%progbits
 1146 0000 1C000000 		.4byte	0x1c
 1147 0004 0200     		.2byte	0x2
 1148 0006 00000000 		.4byte	.Ldebug_info0
 1149 000a 04       		.byte	0x4
ARM GAS  C:\Users\kiwamu\AppData\Local\Temp\ccXmNlhk.s 			page 23


 1150 000b 00       		.byte	0
 1151 000c 0000     		.2byte	0
 1152 000e 0000     		.2byte	0
 1153 0010 00000000 		.4byte	.LFB179
 1154 0014 98000000 		.4byte	.LFE179-.LFB179
 1155 0018 00000000 		.4byte	0
 1156 001c 00000000 		.4byte	0
 1157              		.section	.debug_ranges,"",%progbits
 1158              	.Ldebug_ranges0:
 1159 0000 00000000 		.4byte	.LFB179
 1160 0004 98000000 		.4byte	.LFE179
 1161 0008 00000000 		.4byte	0
 1162 000c 00000000 		.4byte	0
 1163              		.section	.debug_line,"",%progbits
 1164              	.Ldebug_line0:
 1165 0000 8E020000 		.section	.debug_str,"MS",%progbits,1
 1165      02002202 
 1165      00000201 
 1165      FB0E0D00 
 1165      01010101 
 1166              	.LASF58:
 1167 0000 72657375 		.ascii	"result\000"
 1167      6C7400
 1168              	.LASF24:
 1169 0007 495A5441 		.ascii	"IZTAT_TRIM0\000"
 1169      545F5452 
 1169      494D3000 
 1170              	.LASF25:
 1171 0013 495A5441 		.ascii	"IZTAT_TRIM1\000"
 1171      545F5452 
 1171      494D3100 
 1172              	.LASF47:
 1173 001f 43595F53 		.ascii	"CY_SYSANALOG_DEEPSLEEP_IPTAT_1\000"
 1173      5953414E 
 1173      414C4F47 
 1173      5F444545 
 1173      50534C45 
 1174              	.LASF48:
 1175 003e 43595F53 		.ascii	"CY_SYSANALOG_DEEPSLEEP_IPTAT_2\000"
 1175      5953414E 
 1175      414C4F47 
 1175      5F444545 
 1175      50534C45 
 1176              	.LASF41:
 1177 005d 43595F53 		.ascii	"CY_SYSANALOG_VREF_SOURCE_EXTERNAL\000"
 1177      5953414E 
 1177      414C4F47 
 1177      5F565245 
 1177      465F534F 
 1178              	.LASF2:
 1179 007f 73686F72 		.ascii	"short int\000"
 1179      7420696E 
 1179      7400
 1180              	.LASF59:
 1181 0089 6374726C 		.ascii	"ctrlReg\000"
 1181      52656700 
 1182              	.LASF14:
ARM GAS  C:\Users\kiwamu\AppData\Local\Temp\ccXmNlhk.s 			page 24


 1183 0091 73697A65 		.ascii	"sizetype\000"
 1183      74797065 
 1183      00
 1184              	.LASF46:
 1185 009a 43595F53 		.ascii	"CY_SYSANALOG_DEEPSLEEP_DISABLE\000"
 1185      5953414E 
 1185      414C4F47 
 1185      5F444545 
 1185      50534C45 
 1186              	.LASF17:
 1187 00b9 50415353 		.ascii	"PASS_AREF_Type\000"
 1187      5F415245 
 1187      465F5479 
 1187      706500
 1188              	.LASF6:
 1189 00c8 5F5F7569 		.ascii	"__uint32_t\000"
 1189      6E743332 
 1189      5F7400
 1190              	.LASF28:
 1191 00d3 50415353 		.ascii	"PASS_Type\000"
 1191      5F547970 
 1191      6500
 1192              	.LASF66:
 1193 00dd 433A5C55 		.ascii	"C:\\Users\\kiwamu\\Downloads\\CE220465\\CE220465_PS"
 1193      73657273 
 1193      5C6B6977 
 1193      616D755C 
 1193      446F776E 
 1194 010b 6F435F36 		.ascii	"oC_6_MCU_Cryptography_AES_Demonstration.cydsn\000"
 1194      5F4D4355 
 1194      5F437279 
 1194      70746F67 
 1194      72617068 
 1195              	.LASF68:
 1196 0139 636F6E66 		.ascii	"config\000"
 1196      696700
 1197              	.LASF45:
 1198 0140 63795F65 		.ascii	"cy_en_sysanalog_iztat_source_t\000"
 1198      6E5F7379 
 1198      73616E61 
 1198      6C6F675F 
 1198      697A7461 
 1199              	.LASF55:
 1200 015f 656E6162 		.ascii	"enable\000"
 1200      6C6500
 1201              	.LASF15:
 1202 0166 41524546 		.ascii	"AREF_CTRL\000"
 1202      5F435452 
 1202      4C00
 1203              	.LASF44:
 1204 0170 43595F53 		.ascii	"CY_SYSANALOG_IZTAT_SOURCE_LOCAL\000"
 1204      5953414E 
 1204      414C4F47 
 1204      5F495A54 
 1204      41545F53 
 1205              	.LASF34:
 1206 0190 43595F53 		.ascii	"CY_SYSANALOG_BAD_PARAM\000"
ARM GAS  C:\Users\kiwamu\AppData\Local\Temp\ccXmNlhk.s 			page 25


 1206      5953414E 
 1206      414C4F47 
 1206      5F424144 
 1206      5F504152 
 1207              	.LASF54:
 1208 01a7 64656570 		.ascii	"deepSleep\000"
 1208      536C6565 
 1208      7000
 1209              	.LASF21:
 1210 01b1 56524546 		.ascii	"VREF_TRIM1\000"
 1210      5F545249 
 1210      4D3100
 1211              	.LASF22:
 1212 01bc 56524546 		.ascii	"VREF_TRIM2\000"
 1212      5F545249 
 1212      4D3200
 1213              	.LASF23:
 1214 01c7 56524546 		.ascii	"VREF_TRIM3\000"
 1214      5F545249 
 1214      4D3300
 1215              	.LASF61:
 1216 01d2 43795F53 		.ascii	"Cy_SysAnalog_Fast_Local\000"
 1216      7973416E 
 1216      616C6F67 
 1216      5F466173 
 1216      745F4C6F 
 1217              	.LASF49:
 1218 01ea 43595F53 		.ascii	"CY_SYSANALOG_DEEPSLEEP_IPTAT_IZTAT_VREF\000"
 1218      5953414E 
 1218      414C4F47 
 1218      5F444545 
 1218      50534C45 
 1219              	.LASF31:
 1220 0212 666C6F61 		.ascii	"float\000"
 1220      7400
 1221              	.LASF8:
 1222 0218 6C6F6E67 		.ascii	"long long int\000"
 1222      206C6F6E 
 1222      6720696E 
 1222      7400
 1223              	.LASF65:
 1224 0226 47656E65 		.ascii	"Generated_Source\\PSoC6\\pdl\\drivers\\peripheral\\"
 1224      72617465 
 1224      645F536F 
 1224      75726365 
 1224      5C50536F 
 1225 0254 73797361 		.ascii	"sysanalog\\cy_sysanalog.c\000"
 1225      6E616C6F 
 1225      675C6379 
 1225      5F737973 
 1225      616E616C 
 1226              	.LASF50:
 1227 026d 63795F65 		.ascii	"cy_en_sysanalog_deep_sleep_t\000"
 1227      6E5F7379 
 1227      73616E61 
 1227      6C6F675F 
 1227      64656570 
ARM GAS  C:\Users\kiwamu\AppData\Local\Temp\ccXmNlhk.s 			page 26


 1228              	.LASF4:
 1229 028a 6C6F6E67 		.ascii	"long int\000"
 1229      20696E74 
 1229      00
 1230              	.LASF40:
 1231 0293 43595F53 		.ascii	"CY_SYSANALOG_VREF_SOURCE_LOCAL_1_2V\000"
 1231      5953414E 
 1231      414C4F47 
 1231      5F565245 
 1231      465F534F 
 1232              	.LASF29:
 1233 02b7 63686172 		.ascii	"char_t\000"
 1233      5F7400
 1234              	.LASF64:
 1235 02be 474E5520 		.ascii	"GNU C11 5.4.1 20160609 (release) [ARM/embedded-5-br"
 1235      43313120 
 1235      352E342E 
 1235      31203230 
 1235      31363036 
 1236 02f1 616E6368 		.ascii	"anch revision 237715] -mcpu=cortex-m4 -mfloat-abi=s"
 1236      20726576 
 1236      6973696F 
 1236      6E203233 
 1236      37373135 
 1237 0324 6F667466 		.ascii	"oftfp -mfpu=fpv4-sp-d16 -mthumb -g -Og -ffunction-s"
 1237      70202D6D 
 1237      6670753D 
 1237      66707634 
 1237      2D73702D 
 1238 0357 65637469 		.ascii	"ections -ffat-lto-objects\000"
 1238      6F6E7320 
 1238      2D666661 
 1238      742D6C74 
 1238      6F2D6F62 
 1239              	.LASF52:
 1240 0371 697A7461 		.ascii	"iztat\000"
 1240      7400
 1241              	.LASF39:
 1242 0377 43595F53 		.ascii	"CY_SYSANALOG_VREF_SOURCE_SRSS\000"
 1242      5953414E 
 1242      414C4F47 
 1242      5F565245 
 1242      465F534F 
 1243              	.LASF13:
 1244 0395 6C6F6E67 		.ascii	"long double\000"
 1244      20646F75 
 1244      626C6500 
 1245              	.LASF1:
 1246 03a1 756E7369 		.ascii	"unsigned char\000"
 1246      676E6564 
 1246      20636861 
 1246      7200
 1247              	.LASF18:
 1248 03af 494E5452 		.ascii	"INTR_CAUSE\000"
 1248      5F434155 
 1248      534500
 1249              	.LASF26:
ARM GAS  C:\Users\kiwamu\AppData\Local\Temp\ccXmNlhk.s 			page 27


 1250 03ba 49505441 		.ascii	"IPTAT_TRIM0\000"
 1250      545F5452 
 1250      494D3000 
 1251              	.LASF0:
 1252 03c6 7369676E 		.ascii	"signed char\000"
 1252      65642063 
 1252      68617200 
 1253              	.LASF9:
 1254 03d2 6C6F6E67 		.ascii	"long long unsigned int\000"
 1254      206C6F6E 
 1254      6720756E 
 1254      7369676E 
 1254      65642069 
 1255              	.LASF12:
 1256 03e9 75696E74 		.ascii	"uint32_t\000"
 1256      33325F74 
 1256      00
 1257              	.LASF42:
 1258 03f2 63795F65 		.ascii	"cy_en_sysanalog_vref_source_t\000"
 1258      6E5F7379 
 1258      73616E61 
 1258      6C6F675F 
 1258      76726566 
 1259              	.LASF10:
 1260 0410 756E7369 		.ascii	"unsigned int\000"
 1260      676E6564 
 1260      20696E74 
 1260      00
 1261              	.LASF43:
 1262 041d 43595F53 		.ascii	"CY_SYSANALOG_IZTAT_SOURCE_SRSS\000"
 1262      5953414E 
 1262      414C4F47 
 1262      5F495A54 
 1262      41545F53 
 1263              	.LASF3:
 1264 043c 73686F72 		.ascii	"short unsigned int\000"
 1264      7420756E 
 1264      7369676E 
 1264      65642069 
 1264      6E7400
 1265              	.LASF30:
 1266 044f 63686172 		.ascii	"char\000"
 1266      00
 1267              	.LASF57:
 1268 0454 63795F73 		.ascii	"cy_stc_sysanalog_config_t\000"
 1268      74635F73 
 1268      7973616E 
 1268      616C6F67 
 1268      5F636F6E 
 1269              	.LASF11:
 1270 046e 696E7433 		.ascii	"int32_t\000"
 1270      325F7400 
 1271              	.LASF33:
 1272 0476 43595F53 		.ascii	"CY_SYSANALOG_SUCCESS\000"
 1272      5953414E 
 1272      414C4F47 
 1272      5F535543 
ARM GAS  C:\Users\kiwamu\AppData\Local\Temp\ccXmNlhk.s 			page 28


 1272      43455353 
 1273              	.LASF37:
 1274 048b 43595F53 		.ascii	"CY_SYSANALOG_STARTUP_FAST\000"
 1274      5953414E 
 1274      414C4F47 
 1274      5F535441 
 1274      52545550 
 1275              	.LASF56:
 1276 04a5 5F426F6F 		.ascii	"_Bool\000"
 1276      6C00
 1277              	.LASF19:
 1278 04ab 41524546 		.ascii	"AREF\000"
 1278      00
 1279              	.LASF7:
 1280 04b0 6C6F6E67 		.ascii	"long unsigned int\000"
 1280      20756E73 
 1280      69676E65 
 1280      6420696E 
 1280      7400
 1281              	.LASF32:
 1282 04c2 646F7562 		.ascii	"double\000"
 1282      6C6500
 1283              	.LASF60:
 1284 04c9 49544D5F 		.ascii	"ITM_RxBuffer\000"
 1284      52784275 
 1284      66666572 
 1284      00
 1285              	.LASF27:
 1286 04d6 49435441 		.ascii	"ICTAT_TRIM0\000"
 1286      545F5452 
 1286      494D3000 
 1287              	.LASF63:
 1288 04e2 43795F53 		.ascii	"Cy_SysAnalog_Fast_External\000"
 1288      7973416E 
 1288      616C6F67 
 1288      5F466173 
 1288      745F4578 
 1289              	.LASF5:
 1290 04fd 5F5F696E 		.ascii	"__int32_t\000"
 1290      7433325F 
 1290      7400
 1291              	.LASF67:
 1292 0507 43795F53 		.ascii	"Cy_SysAnalog_Init\000"
 1292      7973416E 
 1292      616C6F67 
 1292      5F496E69 
 1292      7400
 1293              	.LASF36:
 1294 0519 43595F53 		.ascii	"CY_SYSANALOG_STARTUP_NORMAL\000"
 1294      5953414E 
 1294      414C4F47 
 1294      5F535441 
 1294      52545550 
 1295              	.LASF20:
 1296 0535 56524546 		.ascii	"VREF_TRIM0\000"
 1296      5F545249 
 1296      4D3000
ARM GAS  C:\Users\kiwamu\AppData\Local\Temp\ccXmNlhk.s 			page 29


 1297              	.LASF16:
 1298 0540 52455345 		.ascii	"RESERVED\000"
 1298      52564544 
 1298      00
 1299              	.LASF51:
 1300 0549 73746172 		.ascii	"startup\000"
 1300      74757000 
 1301              	.LASF35:
 1302 0551 63795F65 		.ascii	"cy_en_sysanalog_status_t\000"
 1302      6E5F7379 
 1302      73616E61 
 1302      6C6F675F 
 1302      73746174 
 1303              	.LASF53:
 1304 056a 76726566 		.ascii	"vref\000"
 1304      00
 1305              	.LASF62:
 1306 056f 43795F53 		.ascii	"Cy_SysAnalog_Fast_SRSS\000"
 1306      7973416E 
 1306      616C6F67 
 1306      5F466173 
 1306      745F5352 
 1307              	.LASF69:
 1308 0586 43795F53 		.ascii	"Cy_SysLib_AssertFailed\000"
 1308      79734C69 
 1308      625F4173 
 1308      73657274 
 1308      4661696C 
 1309              	.LASF38:
 1310 059d 63795F65 		.ascii	"cy_en_sysanalog_startup_t\000"
 1310      6E5F7379 
 1310      73616E61 
 1310      6C6F675F 
 1310      73746172 
 1311              		.ident	"GCC: (GNU Tools for ARM Embedded Processors) 5.4.1 20160609 (release) [ARM/embedded-5-bran
